[ 2016-10-26T10:06:13+08:00 ] 127.0.0.1 /think/index.php?signature=4b2c15b6879ea2e4333c0f57df950674dbc8aa16&timestamp=1477447543&nonce=106517443&openid=o9jo7w1-ym1RnHmhEoZ0HIuHmr7A
INFO: [ app_init ] --START--
INFO: Run Behavior\BuildLiteBehavior [ RunTime:0.000000s ]
INFO: [ app_init ] --END-- [ RunTime:0.001000s ]
INFO: [ app_begin ] --START--
INFO: Run Behavior\ReadHtmlCacheBehavior [ RunTime:0.001000s ]
INFO: [ app_begin ] --END-- [ RunTime:0.001000s ]
NOTIC: [2] session_start(): Cannot send session cookie - headers already sent G:\WWW\think\ThinkPHP\Common\functions.php 第 1283 行.
NOTIC: [2] session_start(): Cannot send session cache limiter - headers already sent G:\WWW\think\ThinkPHP\Common\functions.php 第 1283 行.
NOTIC: [8] Undefined index: echostr G:\WWW\think\Application\Home\Controller\WeixinController.class.php 第 20 行.
INFO: [ app_end ] --START--
INFO: Run Behavior\ShowPageTraceBehavior [ RunTime:0.000000s ]
INFO: [ app_end ] --END-- [ RunTime:0.001000s ]

[ 2016-10-26T10:08:07+08:00 ] 127.0.0.1 /think/index.php?signature=7c42dff4e312cd408d497bf544b0d0f3425fbd22&timestamp=1477447656&nonce=2147471464&openid=o9jo7w1-ym1RnHmhEoZ0HIuHmr7A
INFO: [ app_init ] --START--
INFO: Run Behavior\BuildLiteBehavior [ RunTime:0.000000s ]
INFO: [ app_init ] --END-- [ RunTime:0.001000s ]
INFO: [ app_begin ] --START--
INFO: Run Behavior\ReadHtmlCacheBehavior [ RunTime:0.001000s ]
INFO: [ app_begin ] --END-- [ RunTime:0.001000s ]
NOTIC: [2] session_start(): Cannot send session cookie - headers already sent G:\WWW\think\ThinkPHP\Common\functions.php 第 1283 行.
NOTIC: [2] session_start(): Cannot send session cache limiter - headers already sent G:\WWW\think\ThinkPHP\Common\functions.php 第 1283 行.
NOTIC: [8] Undefined index: echostr G:\WWW\think\Application\Home\Controller\WeixinController.class.php 第 20 行.
NOTIC: [8] Undefined index: code G:\WWW\think\Application\Home\Controller\WeixinController.class.php 第 412 行.
NOTIC: [2] Cannot modify header information - headers already sent G:\WWW\think\Application\Home\Controller\WeixinController.class.php 第 414 行.
NOTIC: [8] Undefined index: code G:\WWW\think\Application\Home\Controller\WeixinController.class.php 第 416 行.
NOTIC: [2] curl_errno(): 27 is not a valid cURL handle resource G:\WWW\think\Application\Home\Controller\WeixinController.class.php 第 271 行.
NOTIC: [8] Undefined index: refresh_token G:\WWW\think\Application\Home\Controller\WeixinController.class.php 第 422 行.
NOTIC: [2] curl_errno(): 28 is not a valid cURL handle resource G:\WWW\think\Application\Home\Controller\WeixinController.class.php 第 271 行.
NOTIC: [8] Undefined index: openid G:\WWW\think\Application\Home\Controller\WeixinController.class.php 第 424 行.
INFO: [ app_end ] --START--
INFO: Run Behavior\ShowPageTraceBehavior [ RunTime:0.002001s ]
INFO: [ app_end ] --END-- [ RunTime:0.002001s ]

[ 2016-10-26T10:09:15+08:00 ] 127.0.0.1 /think/index.php?signature=0a1a8c16525dd29a0cc6403837a6b728c8ada22d&timestamp=1477447725&nonce=1093176951&openid=o9jo7w1-ym1RnHmhEoZ0HIuHmr7A
INFO: [ app_init ] --START--
INFO: Run Behavior\BuildLiteBehavior [ RunTime:0.000000s ]
INFO: [ app_init ] --END-- [ RunTime:0.000000s ]
INFO: [ app_begin ] --START--
INFO: Run Behavior\ReadHtmlCacheBehavior [ RunTime:0.001000s ]
INFO: [ app_begin ] --END-- [ RunTime:0.001000s ]
NOTIC: [2] session_start(): Cannot send session cookie - headers already sent G:\WWW\think\ThinkPHP\Common\functions.php 第 1283 行.
NOTIC: [2] session_start(): Cannot send session cache limiter - headers already sent G:\WWW\think\ThinkPHP\Common\functions.php 第 1283 行.
NOTIC: [8] Undefined index: echostr G:\WWW\think\Application\Home\Controller\WeixinController.class.php 第 20 行.
INFO: [ app_end ] --START--
INFO: Run Behavior\ShowPageTraceBehavior [ RunTime:0.000000s ]
INFO: [ app_end ] --END-- [ RunTime:0.000000s ]

[ 2016-10-26T10:09:19+08:00 ] 127.0.0.1 /think/index.php/Weixin/openid
INFO: [ app_init ] --START--
INFO: Run Behavior\BuildLiteBehavior [ RunTime:0.000000s ]
INFO: [ app_init ] --END-- [ RunTime:0.001000s ]
INFO: [ app_begin ] --START--
INFO: Run Behavior\ReadHtmlCacheBehavior [ RunTime:0.000000s ]
INFO: [ app_begin ] --END-- [ RunTime:0.001000s ]
NOTIC: [8] Undefined index: code G:\WWW\think\Application\Home\Controller\WeixinController.class.php 第 412 行.
NOTIC: [8] Undefined index: code G:\WWW\think\Application\Home\Controller\WeixinController.class.php 第 416 行.
NOTIC: [2] curl_errno(): 25 is not a valid cURL handle resource G:\WWW\think\Application\Home\Controller\WeixinController.class.php 第 271 行.
NOTIC: [8] Undefined index: refresh_token G:\WWW\think\Application\Home\Controller\WeixinController.class.php 第 422 行.
NOTIC: [2] curl_errno(): 26 is not a valid cURL handle resource G:\WWW\think\Application\Home\Controller\WeixinController.class.php 第 271 行.
NOTIC: [8] Undefined index: openid G:\WWW\think\Application\Home\Controller\WeixinController.class.php 第 424 行.
INFO: [ app_end ] --START--
INFO: Run Behavior\ShowPageTraceBehavior [ RunTime:0.002000s ]
INFO: [ app_end ] --END-- [ RunTime:0.002000s ]

[ 2016-10-26T10:09:20+08:00 ] 127.0.0.1 /think/index.php
INFO: [ app_init ] --START--
INFO: Run Behavior\BuildLiteBehavior [ RunTime:0.000000s ]
INFO: [ app_init ] --END-- [ RunTime:0.001000s ]
INFO: [ app_begin ] --START--
INFO: Run Behavior\ReadHtmlCacheBehavior [ RunTime:0.001000s ]
INFO: [ app_begin ] --END-- [ RunTime:0.001000s ]
NOTIC: [8] Undefined index: nonce G:\WWW\think\Application\Home\Controller\WeixinController.class.php 第 17 行.
NOTIC: [8] Undefined index: timestamp G:\WWW\think\Application\Home\Controller\WeixinController.class.php 第 19 行.
NOTIC: [8] Undefined index: echostr G:\WWW\think\Application\Home\Controller\WeixinController.class.php 第 20 行.
NOTIC: [8] Undefined index: signature G:\WWW\think\Application\Home\Controller\WeixinController.class.php 第 21 行.
NOTIC: [8] Undefined index: HTTP_RAW_POST_DATA G:\WWW\think\Application\Home\Controller\WeixinController.class.php 第 40 行.
NOTIC: [8] Trying to get property of non-object G:\WWW\think\Application\Home\Controller\WeixinController.class.php 第 57 行.
NOTIC: [8] Trying to get property of non-object G:\WWW\think\Application\Home\Controller\WeixinController.class.php 第 90 行.
NOTIC: [8] Trying to get property of non-object G:\WWW\think\Application\Home\Controller\WeixinController.class.php 第 169 行.
NOTIC: [8] Trying to get property of non-object G:\WWW\think\Application\Home\Controller\WeixinController.class.php 第 170 行.
NOTIC: [8] Trying to get property of non-object G:\WWW\think\Application\Home\Controller\WeixinController.class.php 第 171 行.
NOTIC: [2] sprintf(): Too few arguments G:\WWW\think\Application\Home\Controller\WeixinController.class.php 第 200 行.
NOTIC: [8] Trying to get property of non-object G:\WWW\think\Application\Home\Controller\WeixinController.class.php 第 207 行.
INFO: [ app_end ] --START--
INFO: Run Behavior\ShowPageTraceBehavior [ RunTime:0.000000s ]
INFO: [ app_end ] --END-- [ RunTime:0.001000s ]

[ 2016-10-26T10:09:26+08:00 ] 127.0.0.1 /think/index.php/Weixin/openid?code=031SID0M00TuP52BjQYL0L3G0M0SID0J&state=STATE
INFO: [ app_init ] --START--
INFO: Run Behavior\BuildLiteBehavior [ RunTime:0.000000s ]
INFO: [ app_init ] --END-- [ RunTime:0.001000s ]
INFO: [ app_begin ] --START--
INFO: Run Behavior\ReadHtmlCacheBehavior [ RunTime:0.001000s ]
INFO: [ app_begin ] --END-- [ RunTime:0.001000s ]
NOTIC: [2] curl_errno(): 25 is not a valid cURL handle resource G:\WWW\think\Application\Home\Controller\WeixinController.class.php 第 271 行.
NOTIC: [2] curl_errno(): 26 is not a valid cURL handle resource G:\WWW\think\Application\Home\Controller\WeixinController.class.php 第 271 行.
INFO: [ app_end ] --START--
INFO: Run Behavior\ShowPageTraceBehavior [ RunTime:0.002001s ]
INFO: [ app_end ] --END-- [ RunTime:0.002001s ]

[ 2016-10-26T10:10:03+08:00 ] 127.0.0.1 /think/index.php/Weixin/openid
INFO: [ app_init ] --START--
INFO: Run Behavior\BuildLiteBehavior [ RunTime:0.000000s ]
INFO: [ app_init ] --END-- [ RunTime:0.000000s ]
INFO: [ app_begin ] --START--
INFO: Run Behavior\ReadHtmlCacheBehavior [ RunTime:0.001000s ]
INFO: [ app_begin ] --END-- [ RunTime:0.001000s ]
NOTIC: [8] Undefined index: code G:\WWW\think\Application\Home\Controller\WeixinController.class.php 第 412 行.
NOTIC: [8] Undefined index: code G:\WWW\think\Application\Home\Controller\WeixinController.class.php 第 416 行.
NOTIC: [2] curl_errno(): 25 is not a valid cURL handle resource G:\WWW\think\Application\Home\Controller\WeixinController.class.php 第 271 行.
NOTIC: [8] Undefined index: refresh_token G:\WWW\think\Application\Home\Controller\WeixinController.class.php 第 422 行.
NOTIC: [2] curl_errno(): 26 is not a valid cURL handle resource G:\WWW\think\Application\Home\Controller\WeixinController.class.php 第 271 行.
INFO: [ app_end ] --START--
INFO: Run Behavior\ShowPageTraceBehavior [ RunTime:0.002000s ]
INFO: [ app_end ] --END-- [ RunTime:0.002000s ]

[ 2016-10-26T10:10:06+08:00 ] 127.0.0.1 /think/index.php/Weixin/openid?code=031GL7EF1UGHN30f5yEF1uG4EF1GL7E6&state=STATE
INFO: [ app_init ] --START--
INFO: Run Behavior\BuildLiteBehavior [ RunTime:0.000000s ]
INFO: [ app_init ] --END-- [ RunTime:0.001000s ]
INFO: [ app_begin ] --START--
INFO: Run Behavior\ReadHtmlCacheBehavior [ RunTime:0.002000s ]
INFO: [ app_begin ] --END-- [ RunTime:0.002000s ]
NOTIC: [2] curl_errno(): 25 is not a valid cURL handle resource G:\WWW\think\Application\Home\Controller\WeixinController.class.php 第 271 行.
NOTIC: [2] curl_errno(): 26 is not a valid cURL handle resource G:\WWW\think\Application\Home\Controller\WeixinController.class.php 第 271 行.
INFO: [ app_end ] --START--
INFO: Run Behavior\ShowPageTraceBehavior [ RunTime:0.002000s ]
INFO: [ app_end ] --END-- [ RunTime:0.002000s ]

[ 2016-10-26T10:13:40+08:00 ] 127.0.0.1 /think/index.php/Weixin/openid
INFO: [ app_init ] --START--
INFO: Run Behavior\BuildLiteBehavior [ RunTime:0.000000s ]
INFO: [ app_init ] --END-- [ RunTime:0.000000s ]
INFO: [ app_begin ] --START--
INFO: Run Behavior\ReadHtmlCacheBehavior [ RunTime:0.001000s ]
INFO: [ app_begin ] --END-- [ RunTime:0.001000s ]
NOTIC: [2] curl_errno(): 25 is not a valid cURL handle resource G:\WWW\think\Application\Home\Controller\WeixinController.class.php 第 271 行.

[ 2016-10-26T10:13:59+08:00 ] 127.0.0.1 /think/index.php/Weixin/openid
INFO: [ app_init ] --START--
INFO: Run Behavior\BuildLiteBehavior [ RunTime:0.000000s ]
INFO: [ app_init ] --END-- [ RunTime:0.001000s ]
INFO: [ app_begin ] --START--
INFO: Run Behavior\ReadHtmlCacheBehavior [ RunTime:0.000000s ]
INFO: [ app_begin ] --END-- [ RunTime:0.001000s ]
NOTIC: [2] curl_errno(): 25 is not a valid cURL handle resource G:\WWW\think\Application\Home\Controller\WeixinController.class.php 第 271 行.

[ 2016-10-26T10:16:28+08:00 ] 127.0.0.1 /think/index.php/Weixin/code
INFO: [ app_init ] --START--
INFO: Run Behavior\BuildLiteBehavior [ RunTime:0.000000s ]
INFO: [ app_init ] --END-- [ RunTime:0.000000s ]
INFO: [ app_begin ] --START--
INFO: Run Behavior\ReadHtmlCacheBehavior [ RunTime:0.001000s ]
INFO: [ app_begin ] --END-- [ RunTime:0.001000s ]
NOTIC: [8] Undefined index: code G:\WWW\think\Application\Home\Controller\WeixinController.class.php 第 417 行.
NOTIC: [8] Undefined index: code G:\WWW\think\Application\Home\Controller\WeixinController.class.php 第 421 行.
NOTIC: [2] curl_errno(): 25 is not a valid cURL handle resource G:\WWW\think\Application\Home\Controller\WeixinController.class.php 第 271 行.
NOTIC: [8] Undefined index: refresh_token G:\WWW\think\Application\Home\Controller\WeixinController.class.php 第 427 行.
NOTIC: [2] curl_errno(): 26 is not a valid cURL handle resource G:\WWW\think\Application\Home\Controller\WeixinController.class.php 第 271 行.
INFO: [ app_end ] --START--
INFO: Run Behavior\ShowPageTraceBehavior [ RunTime:0.002000s ]
INFO: [ app_end ] --END-- [ RunTime:0.002000s ]

[ 2016-10-26T10:16:31+08:00 ] 127.0.0.1 /think/index.php/Weixin/openid?code=001iweUc2H23VA02anWc2BWcUc2iweUh&state=STATE
INFO: [ app_init ] --START--
INFO: Run Behavior\BuildLiteBehavior [ RunTime:0.000000s ]
INFO: [ app_init ] --END-- [ RunTime:0.000000s ]
INFO: [ app_begin ] --START--
INFO: Run Behavior\ReadHtmlCacheBehavior [ RunTime:0.001000s ]
INFO: [ app_begin ] --END-- [ RunTime:0.001000s ]
NOTIC: [2] curl_errno(): 25 is not a valid cURL handle resource G:\WWW\think\Application\Home\Controller\WeixinController.class.php 第 271 行.
NOTIC: [2] curl_errno(): 26 is not a valid cURL handle resource G:\WWW\think\Application\Home\Controller\WeixinController.class.php 第 271 行.
INFO: [ app_end ] --START--
INFO: Run Behavior\ShowPageTraceBehavior [ RunTime:0.001000s ]
INFO: [ app_end ] --END-- [ RunTime:0.001000s ]

[ 2016-10-26T10:16:53+08:00 ] 127.0.0.1 /think/index.php/Weixin/code
INFO: [ app_init ] --START--
INFO: Run Behavior\BuildLiteBehavior [ RunTime:0.000000s ]
INFO: [ app_init ] --END-- [ RunTime:0.001000s ]
INFO: [ app_begin ] --START--
INFO: Run Behavior\ReadHtmlCacheBehavior [ RunTime:0.000000s ]
INFO: [ app_begin ] --END-- [ RunTime:0.000000s ]
NOTIC: [8] Undefined index: code G:\WWW\think\Application\Home\Controller\WeixinController.class.php 第 417 行.
NOTIC: [8] Undefined index: code G:\WWW\think\Application\Home\Controller\WeixinController.class.php 第 421 行.
NOTIC: [2] curl_errno(): 25 is not a valid cURL handle resource G:\WWW\think\Application\Home\Controller\WeixinController.class.php 第 271 行.
NOTIC: [8] Undefined index: refresh_token G:\WWW\think\Application\Home\Controller\WeixinController.class.php 第 427 行.
NOTIC: [2] curl_errno(): 26 is not a valid cURL handle resource G:\WWW\think\Application\Home\Controller\WeixinController.class.php 第 271 行.
NOTIC: [2] Illegal string offset 'openid' G:\WWW\think\Application\Home\Controller\WeixinController.class.php 第 410 行.
INFO: [ app_end ] --START--
INFO: Run Behavior\ShowPageTraceBehavior [ RunTime:0.002000s ]
INFO: [ app_end ] --END-- [ RunTime:0.002000s ]

[ 2016-10-26T10:16:56+08:00 ] 127.0.0.1 /think/index.php/Weixin/openid?code=001Yktyq1duWTo0cHIuq1PExyq1YktyC&state=STATE
INFO: [ app_init ] --START--
INFO: Run Behavior\BuildLiteBehavior [ RunTime:0.000000s ]
INFO: [ app_init ] --END-- [ RunTime:0.001000s ]
INFO: [ app_begin ] --START--
INFO: Run Behavior\ReadHtmlCacheBehavior [ RunTime:0.001000s ]
INFO: [ app_begin ] --END-- [ RunTime:0.001000s ]
NOTIC: [2] curl_errno(): 25 is not a valid cURL handle resource G:\WWW\think\Application\Home\Controller\WeixinController.class.php 第 271 行.
NOTIC: [2] curl_errno(): 26 is not a valid cURL handle resource G:\WWW\think\Application\Home\Controller\WeixinController.class.php 第 271 行.
INFO: [ app_end ] --START--
INFO: Run Behavior\ShowPageTraceBehavior [ RunTime:0.002000s ]
INFO: [ app_end ] --END-- [ RunTime:0.002000s ]

[ 2016-10-26T10:17:26+08:00 ] 127.0.0.1 /think/index.php/Weixin/code
INFO: [ app_init ] --START--
INFO: Run Behavior\BuildLiteBehavior [ RunTime:0.000000s ]
INFO: [ app_init ] --END-- [ RunTime:0.000000s ]
INFO: [ app_begin ] --START--
INFO: Run Behavior\ReadHtmlCacheBehavior [ RunTime:0.000000s ]
INFO: [ app_begin ] --END-- [ RunTime:0.000000s ]
NOTIC: [8] Undefined index: code G:\WWW\think\Application\Home\Controller\WeixinController.class.php 第 417 行.
NOTIC: [8] Undefined index: code G:\WWW\think\Application\Home\Controller\WeixinController.class.php 第 421 行.
NOTIC: [2] curl_errno(): 25 is not a valid cURL handle resource G:\WWW\think\Application\Home\Controller\WeixinController.class.php 第 271 行.
NOTIC: [8] Undefined index: refresh_token G:\WWW\think\Application\Home\Controller\WeixinController.class.php 第 427 行.
NOTIC: [2] curl_errno(): 26 is not a valid cURL handle resource G:\WWW\think\Application\Home\Controller\WeixinController.class.php 第 271 行.
NOTIC: [8] Undefined index: openid G:\WWW\think\Application\Home\Controller\WeixinController.class.php 第 410 行.
INFO: [ app_end ] --START--
INFO: Run Behavior\ShowPageTraceBehavior [ RunTime:0.002000s ]
INFO: [ app_end ] --END-- [ RunTime:0.002000s ]

[ 2016-10-26T10:17:33+08:00 ] 127.0.0.1 /think/index.php/Weixin/code
INFO: [ app_init ] --START--
INFO: Run Behavior\BuildLiteBehavior [ RunTime:0.000000s ]
INFO: [ app_init ] --END-- [ RunTime:0.001000s ]
INFO: [ app_begin ] --START--
INFO: Run Behavior\ReadHtmlCacheBehavior [ RunTime:0.001000s ]
INFO: [ app_begin ] --END-- [ RunTime:0.001000s ]
NOTIC: [8] Undefined index: code G:\WWW\think\Application\Home\Controller\WeixinController.class.php 第 417 行.
NOTIC: [8] Undefined index: code G:\WWW\think\Application\Home\Controller\WeixinController.class.php 第 421 行.
NOTIC: [2] curl_errno(): 25 is not a valid cURL handle resource G:\WWW\think\Application\Home\Controller\WeixinController.class.php 第 271 行.
NOTIC: [8] Undefined index: refresh_token G:\WWW\think\Application\Home\Controller\WeixinController.class.php 第 427 行.
NOTIC: [2] curl_errno(): 26 is not a valid cURL handle resource G:\WWW\think\Application\Home\Controller\WeixinController.class.php 第 271 行.
NOTIC: [8] Undefined index: openid G:\WWW\think\Application\Home\Controller\WeixinController.class.php 第 410 行.
INFO: [ app_end ] --START--
INFO: Run Behavior\ShowPageTraceBehavior [ RunTime:0.001000s ]
INFO: [ app_end ] --END-- [ RunTime:0.001000s ]

[ 2016-10-26T10:17:36+08:00 ] 127.0.0.1 /think/index.php/Weixin/openid?code=011UnfXi08G0tk16MLXi0ILcXi0UnfXb&state=STATE
INFO: [ app_init ] --START--
INFO: Run Behavior\BuildLiteBehavior [ RunTime:0.000000s ]
INFO: [ app_init ] --END-- [ RunTime:0.001000s ]
INFO: [ app_begin ] --START--
INFO: Run Behavior\ReadHtmlCacheBehavior [ RunTime:0.000000s ]
INFO: [ app_begin ] --END-- [ RunTime:0.000000s ]
NOTIC: [2] curl_errno(): 25 is not a valid cURL handle resource G:\WWW\think\Application\Home\Controller\WeixinController.class.php 第 271 行.
NOTIC: [2] curl_errno(): 26 is not a valid cURL handle resource G:\WWW\think\Application\Home\Controller\WeixinController.class.php 第 271 行.
INFO: [ app_end ] --START--
INFO: Run Behavior\ShowPageTraceBehavior [ RunTime:0.002000s ]
INFO: [ app_end ] --END-- [ RunTime:0.002000s ]

[ 2016-10-26T10:19:27+08:00 ] 127.0.0.1 /think/index.php/Weixin/code
INFO: [ app_init ] --START--
INFO: Run Behavior\BuildLiteBehavior [ RunTime:0.000000s ]
INFO: [ app_init ] --END-- [ RunTime:0.001000s ]
INFO: [ app_begin ] --START--
INFO: Run Behavior\ReadHtmlCacheBehavior [ RunTime:0.002000s ]
INFO: [ app_begin ] --END-- [ RunTime:0.002000s ]
NOTIC: [8] Undefined index: code G:\WWW\think\Application\Home\Controller\WeixinController.class.php 第 417 行.
NOTIC: [8] Undefined index: code G:\WWW\think\Application\Home\Controller\WeixinController.class.php 第 421 行.
NOTIC: [2] curl_errno(): 25 is not a valid cURL handle resource G:\WWW\think\Application\Home\Controller\WeixinController.class.php 第 271 行.
NOTIC: [8] Undefined index: refresh_token G:\WWW\think\Application\Home\Controller\WeixinController.class.php 第 427 行.
NOTIC: [2] curl_errno(): 26 is not a valid cURL handle resource G:\WWW\think\Application\Home\Controller\WeixinController.class.php 第 271 行.
NOTIC: [8] Undefined index: openid G:\WWW\think\Application\Home\Controller\WeixinController.class.php 第 410 行.
INFO: [ app_end ] --START--
INFO: Run Behavior\ShowPageTraceBehavior [ RunTime:0.002000s ]
INFO: [ app_end ] --END-- [ RunTime:0.002000s ]

[ 2016-10-26T10:19:33+08:00 ] 127.0.0.1 /think/index.php/Weixin/code
INFO: [ app_init ] --START--
INFO: Run Behavior\BuildLiteBehavior [ RunTime:0.000000s ]
INFO: [ app_init ] --END-- [ RunTime:0.000000s ]
INFO: [ app_begin ] --START--
INFO: Run Behavior\ReadHtmlCacheBehavior [ RunTime:0.001000s ]
INFO: [ app_begin ] --END-- [ RunTime:0.001000s ]
NOTIC: [8] Undefined index: code G:\WWW\think\Application\Home\Controller\WeixinController.class.php 第 417 行.
NOTIC: [8] Undefined index: code G:\WWW\think\Application\Home\Controller\WeixinController.class.php 第 421 行.
NOTIC: [2] curl_errno(): 25 is not a valid cURL handle resource G:\WWW\think\Application\Home\Controller\WeixinController.class.php 第 271 行.
NOTIC: [8] Undefined index: refresh_token G:\WWW\think\Application\Home\Controller\WeixinController.class.php 第 427 行.
NOTIC: [2] curl_errno(): 26 is not a valid cURL handle resource G:\WWW\think\Application\Home\Controller\WeixinController.class.php 第 271 行.
NOTIC: [8] Undefined index: openid G:\WWW\think\Application\Home\Controller\WeixinController.class.php 第 410 行.
INFO: [ app_end ] --START--
INFO: Run Behavior\ShowPageTraceBehavior [ RunTime:0.002000s ]
INFO: [ app_end ] --END-- [ RunTime:0.002000s ]

[ 2016-10-26T10:19:36+08:00 ] 127.0.0.1 /think/index.php/Weixin/openid?code=021ap7872d0ejN0MGY572iP4872ap78Z&state=STATE
INFO: [ app_init ] --START--
INFO: Run Behavior\BuildLiteBehavior [ RunTime:0.000000s ]
INFO: [ app_init ] --END-- [ RunTime:0.001000s ]
INFO: [ app_begin ] --START--
INFO: Run Behavior\ReadHtmlCacheBehavior [ RunTime:0.001000s ]
INFO: [ app_begin ] --END-- [ RunTime:0.001000s ]
NOTIC: [2] curl_errno(): 25 is not a valid cURL handle resource G:\WWW\think\Application\Home\Controller\WeixinController.class.php 第 271 行.
NOTIC: [2] curl_errno(): 26 is not a valid cURL handle resource G:\WWW\think\Application\Home\Controller\WeixinController.class.php 第 271 行.
INFO: [ app_end ] --START--
INFO: Run Behavior\ShowPageTraceBehavior [ RunTime:0.002001s ]
INFO: [ app_end ] --END-- [ RunTime:0.002001s ]

[ 2016-10-26T10:22:14+08:00 ] 127.0.0.1 /think/index.php/Weixin/code
INFO: [ app_init ] --START--
INFO: Run Behavior\BuildLiteBehavior [ RunTime:0.000000s ]
INFO: [ app_init ] --END-- [ RunTime:0.001000s ]
INFO: [ app_begin ] --START--
INFO: Run Behavior\ReadHtmlCacheBehavior [ RunTime:0.001000s ]
INFO: [ app_begin ] --END-- [ RunTime:0.001000s ]
NOTIC: [8] Undefined index: code G:\WWW\think\Application\Home\Controller\WeixinController.class.php 第 415 行.
INFO: [ app_end ] --START--
INFO: Run Behavior\ShowPageTraceBehavior [ RunTime:0.001000s ]
INFO: [ app_end ] --END-- [ RunTime:0.001000s ]

[ 2016-10-26T10:22:17+08:00 ] 127.0.0.1 /think/index.php/Weixin/openid?code=021bSaB52Kb5VL0iv8A52PQ7B52bSaB5&state=STATE
INFO: [ app_init ] --START--
INFO: Run Behavior\BuildLiteBehavior [ RunTime:0.000000s ]
INFO: [ app_init ] --END-- [ RunTime:0.001000s ]
INFO: [ app_begin ] --START--
INFO: Run Behavior\ReadHtmlCacheBehavior [ RunTime:0.000000s ]
INFO: [ app_begin ] --END-- [ RunTime:0.000000s ]
NOTIC: [2] curl_errno(): 25 is not a valid cURL handle resource G:\WWW\think\Application\Home\Controller\WeixinController.class.php 第 271 行.
NOTIC: [2] curl_errno(): 26 is not a valid cURL handle resource G:\WWW\think\Application\Home\Controller\WeixinController.class.php 第 271 行.
INFO: [ app_end ] --START--
INFO: Run Behavior\ShowPageTraceBehavior [ RunTime:0.002000s ]
INFO: [ app_end ] --END-- [ RunTime:0.002000s ]

[ 2016-10-26T10:22:44+08:00 ] 127.0.0.1 /think/index.php/Weixin/code
INFO: [ app_init ] --START--
INFO: Run Behavior\BuildLiteBehavior [ RunTime:0.000000s ]
INFO: [ app_init ] --END-- [ RunTime:0.001000s ]
INFO: [ app_begin ] --START--
INFO: Run Behavior\ReadHtmlCacheBehavior [ RunTime:0.000000s ]
INFO: [ app_begin ] --END-- [ RunTime:0.001000s ]
NOTIC: [8] Undefined index: code G:\WWW\think\Application\Home\Controller\WeixinController.class.php 第 415 行.
INFO: [ app_end ] --START--
INFO: Run Behavior\ShowPageTraceBehavior [ RunTime:0.000000s ]
INFO: [ app_end ] --END-- [ RunTime:0.000000s ]

[ 2016-10-26T10:22:46+08:00 ] 127.0.0.1 /think/index.php/Weixin/openid?access_token=031FIU0v0XLjme1a984v0UTQ0v0FIU0G&state=STATE
INFO: [ app_init ] --START--
INFO: Run Behavior\BuildLiteBehavior [ RunTime:0.000000s ]
INFO: [ app_init ] --END-- [ RunTime:0.000000s ]
INFO: [ app_begin ] --START--
INFO: Run Behavior\ReadHtmlCacheBehavior [ RunTime:0.001000s ]
INFO: [ app_begin ] --END-- [ RunTime:0.001000s ]
NOTIC: [8] Undefined index: code G:\WWW\think\Application\Home\Controller\WeixinController.class.php 第 415 行.
INFO: [ app_end ] --START--
INFO: Run Behavior\ShowPageTraceBehavior [ RunTime:0.001000s ]
INFO: [ app_end ] --END-- [ RunTime:0.001000s ]

[ 2016-10-26T10:22:50+08:00 ] 127.0.0.1 /think/index.php/Weixin/openid?code=031poOy72mgXJN02ucy72taRy72poOyC&state=STATE
INFO: [ app_init ] --START--
INFO: Run Behavior\BuildLiteBehavior [ RunTime:0.000000s ]
INFO: [ app_init ] --END-- [ RunTime:0.001000s ]
INFO: [ app_begin ] --START--
INFO: Run Behavior\ReadHtmlCacheBehavior [ RunTime:0.001000s ]
INFO: [ app_begin ] --END-- [ RunTime:0.002000s ]
NOTIC: [2] curl_errno(): 25 is not a valid cURL handle resource G:\WWW\think\Application\Home\Controller\WeixinController.class.php 第 271 行.
NOTIC: [2] curl_errno(): 26 is not a valid cURL handle resource G:\WWW\think\Application\Home\Controller\WeixinController.class.php 第 271 行.
INFO: [ app_end ] --START--
INFO: Run Behavior\ShowPageTraceBehavior [ RunTime:0.002000s ]
INFO: [ app_end ] --END-- [ RunTime:0.002000s ]

[ 2016-10-26T10:22:53+08:00 ] 127.0.0.1 /think/index.php/Weixin/code
INFO: [ app_init ] --START--
INFO: Run Behavior\BuildLiteBehavior [ RunTime:0.000000s ]
INFO: [ app_init ] --END-- [ RunTime:0.001000s ]
INFO: [ app_begin ] --START--
INFO: Run Behavior\ReadHtmlCacheBehavior [ RunTime:0.001000s ]
INFO: [ app_begin ] --END-- [ RunTime:0.001000s ]
NOTIC: [8] Undefined index: code G:\WWW\think\Application\Home\Controller\WeixinController.class.php 第 415 行.
INFO: [ app_end ] --START--
INFO: Run Behavior\ShowPageTraceBehavior [ RunTime:0.001000s ]
INFO: [ app_end ] --END-- [ RunTime:0.001000s ]

[ 2016-10-26T10:22:56+08:00 ] 127.0.0.1 /think/index.php/Weixin/openid?code=041zNlEI0J3Muk2bJoEI0ItnEI0zNlEv&state=STATE
INFO: [ app_init ] --START--
INFO: Run Behavior\BuildLiteBehavior [ RunTime:0.000000s ]
INFO: [ app_init ] --END-- [ RunTime:0.001000s ]
INFO: [ app_begin ] --START--
INFO: Run Behavior\ReadHtmlCacheBehavior [ RunTime:0.001000s ]
INFO: [ app_begin ] --END-- [ RunTime:0.001000s ]
NOTIC: [2] curl_errno(): 25 is not a valid cURL handle resource G:\WWW\think\Application\Home\Controller\WeixinController.class.php 第 271 行.
NOTIC: [2] curl_errno(): 26 is not a valid cURL handle resource G:\WWW\think\Application\Home\Controller\WeixinController.class.php 第 271 行.
INFO: [ app_end ] --START--
INFO: Run Behavior\ShowPageTraceBehavior [ RunTime:0.002000s ]
INFO: [ app_end ] --END-- [ RunTime:0.002000s ]

[ 2016-10-26T10:23:00+08:00 ] 127.0.0.1 /think/index.php/Weixin/code
INFO: [ app_init ] --START--
INFO: Run Behavior\BuildLiteBehavior [ RunTime:0.000000s ]
INFO: [ app_init ] --END-- [ RunTime:0.000000s ]
INFO: [ app_begin ] --START--
INFO: Run Behavior\ReadHtmlCacheBehavior [ RunTime:0.000000s ]
INFO: [ app_begin ] --END-- [ RunTime:0.000000s ]
NOTIC: [8] Undefined index: code G:\WWW\think\Application\Home\Controller\WeixinController.class.php 第 415 行.
INFO: [ app_end ] --START--
INFO: Run Behavior\ShowPageTraceBehavior [ RunTime:0.001000s ]
INFO: [ app_end ] --END-- [ RunTime:0.001000s ]

[ 2016-10-26T10:23:03+08:00 ] 127.0.0.1 /think/index.php/Weixin/openid?code=001UlJ0A00famj1Oc42A09EI0A0UlJ0k&state=STATE
INFO: [ app_init ] --START--
INFO: Run Behavior\BuildLiteBehavior [ RunTime:0.000000s ]
INFO: [ app_init ] --END-- [ RunTime:0.001000s ]
INFO: [ app_begin ] --START--
INFO: Run Behavior\ReadHtmlCacheBehavior [ RunTime:0.002000s ]
INFO: [ app_begin ] --END-- [ RunTime:0.002000s ]
NOTIC: [2] curl_errno(): 25 is not a valid cURL handle resource G:\WWW\think\Application\Home\Controller\WeixinController.class.php 第 271 行.
NOTIC: [2] curl_errno(): 26 is not a valid cURL handle resource G:\WWW\think\Application\Home\Controller\WeixinController.class.php 第 271 行.
INFO: [ app_end ] --START--
INFO: Run Behavior\ShowPageTraceBehavior [ RunTime:0.002000s ]
INFO: [ app_end ] --END-- [ RunTime:0.002000s ]

[ 2016-10-26T10:30:42+08:00 ] 127.0.0.1 /think/index.php/Weixin/openid
INFO: [ app_init ] --START--
INFO: Run Behavior\BuildLiteBehavior [ RunTime:0.000000s ]
INFO: [ app_init ] --END-- [ RunTime:0.001000s ]
INFO: [ app_begin ] --START--
INFO: Run Behavior\ReadHtmlCacheBehavior [ RunTime:0.001000s ]
INFO: [ app_begin ] --END-- [ RunTime:0.001000s ]
NOTIC: [8] Undefined index: code G:\WWW\think\Application\Home\Controller\WeixinController.class.php 第 413 行.
INFO: [ app_end ] --START--
INFO: Run Behavior\ShowPageTraceBehavior [ RunTime:0.001000s ]
INFO: [ app_end ] --END-- [ RunTime:0.001000s ]

[ 2016-10-26T10:30:46+08:00 ] 127.0.0.1 /think/index.php/Weixin/openid?code=001tHBmx14cKxd023Xjx1naAmx1tHBm6&state=STATE
INFO: [ app_init ] --START--
INFO: Run Behavior\BuildLiteBehavior [ RunTime:0.000000s ]
INFO: [ app_init ] --END-- [ RunTime:0.001001s ]
INFO: [ app_begin ] --START--
INFO: Run Behavior\ReadHtmlCacheBehavior [ RunTime:0.001000s ]
INFO: [ app_begin ] --END-- [ RunTime:0.001000s ]
NOTIC: [2] curl_errno(): 25 is not a valid cURL handle resource G:\WWW\think\Application\Home\Controller\WeixinController.class.php 第 271 行.
NOTIC: [2] curl_errno(): 26 is not a valid cURL handle resource G:\WWW\think\Application\Home\Controller\WeixinController.class.php 第 271 行.
INFO: [ app_end ] --START--
INFO: Run Behavior\ShowPageTraceBehavior [ RunTime:0.002000s ]
INFO: [ app_end ] --END-- [ RunTime:0.002000s ]

[ 2016-10-26T10:30:47+08:00 ] 127.0.0.1 /think/index.php/Accredit/ifnull/openid/o9jo7w1-ym1RnHmhEoZ0HIuHmr7A
INFO: [ app_init ] --START--
INFO: Run Behavior\BuildLiteBehavior [ RunTime:0.000000s ]
INFO: [ app_init ] --END-- [ RunTime:0.001000s ]
INFO: [ app_begin ] --START--
INFO: Run Behavior\ReadHtmlCacheBehavior [ RunTime:0.001000s ]
INFO: [ app_begin ] --END-- [ RunTime:0.001000s ]
SQL: SELECT * FROM `token` WHERE `openid` = 'o9jo7w1-ym1RnHmhEoZ0HIuHmr7A' LIMIT 1   [ RunTime:0.0580s ]
INFO: [ view_parse ] --START--
INFO: [ template_filter ] --START--
INFO: Run Behavior\ContentReplaceBehavior [ RunTime:0.000000s ]
INFO: [ template_filter ] --END-- [ RunTime:0.000000s ]
INFO: Run Behavior\ParseTemplateBehavior [ RunTime:0.085005s ]
INFO: [ view_parse ] --END-- [ RunTime:0.085005s ]
INFO: [ view_filter ] --START--
INFO: Run Behavior\WriteHtmlCacheBehavior [ RunTime:0.009001s ]
INFO: [ view_filter ] --END-- [ RunTime:0.009001s ]
INFO: [ app_end ] --START--
INFO: Run Behavior\ShowPageTraceBehavior [ RunTime:0.002000s ]
INFO: [ app_end ] --END-- [ RunTime:0.002000s ]

[ 2016-10-26T10:31:50+08:00 ] 127.0.0.1 /think/index.php/Weixin/openid
INFO: [ app_init ] --START--
INFO: Run Behavior\BuildLiteBehavior [ RunTime:0.000000s ]
INFO: [ app_init ] --END-- [ RunTime:0.001000s ]
INFO: [ app_begin ] --START--
INFO: Run Behavior\ReadHtmlCacheBehavior [ RunTime:0.001000s ]
INFO: [ app_begin ] --END-- [ RunTime:0.001000s ]
NOTIC: [8] Undefined index: code G:\WWW\think\Application\Home\Controller\WeixinController.class.php 第 413 行.
INFO: [ app_end ] --START--
INFO: Run Behavior\ShowPageTraceBehavior [ RunTime:0.000000s ]
INFO: [ app_end ] --END-- [ RunTime:0.000000s ]

[ 2016-10-26T10:31:53+08:00 ] 127.0.0.1 /think/index.php/Weixin/openid?code=0313dNHj27OzIH07glKj2V6OHj23dNHN&state=STATE
INFO: [ app_init ] --START--
INFO: Run Behavior\BuildLiteBehavior [ RunTime:0.000000s ]
INFO: [ app_init ] --END-- [ RunTime:0.001000s ]
INFO: [ app_begin ] --START--
INFO: Run Behavior\ReadHtmlCacheBehavior [ RunTime:0.001000s ]
INFO: [ app_begin ] --END-- [ RunTime:0.002000s ]
NOTIC: [2] curl_errno(): 25 is not a valid cURL handle resource G:\WWW\think\Application\Home\Controller\WeixinController.class.php 第 271 行.
NOTIC: [2] curl_errno(): 26 is not a valid cURL handle resource G:\WWW\think\Application\Home\Controller\WeixinController.class.php 第 271 行.
INFO: [ app_end ] --START--
INFO: Run Behavior\ShowPageTraceBehavior [ RunTime:0.002000s ]
INFO: [ app_end ] --END-- [ RunTime:0.002000s ]

[ 2016-10-26T10:31:54+08:00 ] 127.0.0.1 /think/index.php/Accredit/ifnull/openid/o9jo7w1-ym1RnHmhEoZ0HIuHmr7A
INFO: [ app_init ] --START--
INFO: Run Behavior\BuildLiteBehavior [ RunTime:0.000000s ]
INFO: [ app_init ] --END-- [ RunTime:0.001000s ]
INFO: [ app_begin ] --START--
INFO: Run Behavior\ReadHtmlCacheBehavior [ RunTime:0.002001s ]
INFO: [ app_begin ] --END-- [ RunTime:0.002001s ]
SQL: SELECT * FROM `token` WHERE `openid` = 'o9jo7w1-ym1RnHmhEoZ0HIuHmr7A' LIMIT 1   [ RunTime:0.0010s ]
INFO: [ view_parse ] --START--
INFO: [ template_filter ] --START--
INFO: Run Behavior\ContentReplaceBehavior [ RunTime:0.000000s ]
INFO: [ template_filter ] --END-- [ RunTime:0.000000s ]
INFO: Run Behavior\ParseTemplateBehavior [ RunTime:0.016001s ]
INFO: [ view_parse ] --END-- [ RunTime:0.016001s ]
INFO: [ view_filter ] --START--
INFO: Run Behavior\WriteHtmlCacheBehavior [ RunTime:0.000000s ]
INFO: [ view_filter ] --END-- [ RunTime:0.000000s ]
INFO: [ app_end ] --START--
INFO: Run Behavior\ShowPageTraceBehavior [ RunTime:0.001000s ]
INFO: [ app_end ] --END-- [ RunTime:0.001000s ]

[ 2016-10-26T10:31:58+08:00 ] 127.0.0.1 /think/index.php/Accredit/index?code=031CtSpa0szLeu1DLKma0SLVpa0CtSph&state=STATE
INFO: [ app_init ] --START--
INFO: Run Behavior\BuildLiteBehavior [ RunTime:0.000000s ]
INFO: [ app_init ] --END-- [ RunTime:0.001000s ]
INFO: [ app_begin ] --START--
INFO: Run Behavior\ReadHtmlCacheBehavior [ RunTime:0.001000s ]
INFO: [ app_begin ] --END-- [ RunTime:0.001000s ]
NOTIC: [2] curl_errno(): 26 is not a valid cURL handle resource G:\WWW\think\Application\Home\Controller\WeixinController.class.php 第 271 行.
NOTIC: [2] curl_errno(): 27 is not a valid cURL handle resource G:\WWW\think\Application\Home\Controller\WeixinController.class.php 第 271 行.
NOTIC: [2] curl_errno(): 28 is not a valid cURL handle resource G:\WWW\think\Application\Home\Controller\WeixinController.class.php 第 271 行.
NOTIC: [8] Undefined offset: 0 G:\WWW\think\ThinkPHP\Library\Think\Db\Driver.class.php 第 803 行.
SQL: INSERT INTO `token` (`openid`,`nickname`,`sex`,`language`,`city`,`province`,`country`,`headimgurl`) VALUES ('o9jo7w1-ym1RnHmhEoZ0HIuHmr7A','王朝正','1','zh_CN','安阳','河南','中国','http://wx.qlogo.cn/mmopen/457rAlI64X2G6JLtyiclya6wGia0G0foIicI4GBZTRwOIMv0QhPOojBnb5xaA4BKYyQjzBbDQu9kKwsBB8oNSaTmKJ10yzPvITl/0') [ RunTime:0.0010s ]
INFO: [ view_parse ] --START--
INFO: [ template_filter ] --START--
INFO: Run Behavior\ContentReplaceBehavior [ RunTime:0.000000s ]
INFO: [ template_filter ] --END-- [ RunTime:0.000000s ]
INFO: Run Behavior\ParseTemplateBehavior [ RunTime:0.013001s ]
INFO: [ view_parse ] --END-- [ RunTime:0.013001s ]
INFO: [ view_filter ] --START--
INFO: Run Behavior\WriteHtmlCacheBehavior [ RunTime:0.001000s ]
INFO: [ view_filter ] --END-- [ RunTime:0.001000s ]
INFO: [ app_end ] --START--
INFO: Run Behavior\ShowPageTraceBehavior [ RunTime:0.002000s ]
INFO: [ app_end ] --END-- [ RunTime:0.002000s ]

[ 2016-10-26T10:33:47+08:00 ] 127.0.0.1 /think/index.php/Accredit/ifnull/openid/o9jo7w1-ym1RnHmhEoZ0HIuHmr7A
INFO: [ app_init ] --START--
INFO: Run Behavior\BuildLiteBehavior [ RunTime:0.000000s ]
INFO: [ app_init ] --END-- [ RunTime:0.001000s ]
INFO: [ app_begin ] --START--
INFO: Run Behavior\ReadHtmlCacheBehavior [ RunTime:0.001000s ]
INFO: [ app_begin ] --END-- [ RunTime:0.001000s ]
SQL: SELECT * FROM `token` WHERE `openid` = 'o9jo7w1-ym1RnHmhEoZ0HIuHmr7A' LIMIT 1   [ RunTime:0.0000s ]
INFO: [ view_parse ] --START--
INFO: [ template_filter ] --START--
INFO: Run Behavior\ContentReplaceBehavior [ RunTime:0.000000s ]
INFO: [ template_filter ] --END-- [ RunTime:0.000000s ]
INFO: Run Behavior\ParseTemplateBehavior [ RunTime:0.008000s ]
INFO: [ view_parse ] --END-- [ RunTime:0.008000s ]
INFO: [ view_filter ] --START--
INFO: Run Behavior\WriteHtmlCacheBehavior [ RunTime:0.001000s ]
INFO: [ view_filter ] --END-- [ RunTime:0.001000s ]
INFO: [ app_end ] --START--
INFO: Run Behavior\ShowPageTraceBehavior [ RunTime:0.001000s ]
INFO: [ app_end ] --END-- [ RunTime:0.001000s ]

[ 2016-10-26T10:35:05+08:00 ] 127.0.0.1 /think/index.php/Accredit/index
INFO: [ app_init ] --START--
INFO: Run Behavior\BuildLiteBehavior [ RunTime:0.000000s ]
INFO: [ app_init ] --END-- [ RunTime:0.000000s ]
INFO: [ app_begin ] --START--
INFO: Run Behavior\ReadHtmlCacheBehavior [ RunTime:0.001000s ]
INFO: [ app_begin ] --END-- [ RunTime:0.001000s ]
NOTIC: [8] Undefined index: code G:\WWW\think\Application\Home\Controller\AccreditController.class.php 第 16 行.
NOTIC: [2] curl_errno(): 26 is not a valid cURL handle resource G:\WWW\think\Application\Home\Controller\WeixinController.class.php 第 267 行.
NOTIC: [8] Undefined index: refresh_token G:\WWW\think\Application\Home\Controller\AccreditController.class.php 第 29 行.
NOTIC: [8] Undefined index: refresh_token G:\WWW\think\Application\Home\Controller\AccreditController.class.php 第 33 行.
NOTIC: [2] curl_errno(): 27 is not a valid cURL handle resource G:\WWW\think\Application\Home\Controller\WeixinController.class.php 第 267 行.
NOTIC: [8] Undefined index: access_token G:\WWW\think\Application\Home\Controller\AccreditController.class.php 第 40 行.
NOTIC: [8] Undefined index: openid G:\WWW\think\Application\Home\Controller\AccreditController.class.php 第 41 行.
NOTIC: [8] Undefined index: access_token G:\WWW\think\Application\Home\Controller\AccreditController.class.php 第 45 行.
NOTIC: [8] Undefined index: openid G:\WWW\think\Application\Home\Controller\AccreditController.class.php 第 45 行.
NOTIC: [2] curl_errno(): 28 is not a valid cURL handle resource G:\WWW\think\Application\Home\Controller\WeixinController.class.php 第 267 行.
SQL: INSERT INTO `token` () VALUES () [ RunTime:0.0000s ]
INFO: [ view_parse ] --START--
INFO: [ template_filter ] --START--
INFO: Run Behavior\ContentReplaceBehavior [ RunTime:0.000000s ]
INFO: [ template_filter ] --END-- [ RunTime:0.000000s ]
NOTIC: [8] Undefined index: headimgurl G:\WWW\think\Application\Runtime\Cache\Home\255fbfff1579d94f9ea125110ffd6da7.php 第 11 行.
NOTIC: [8] Undefined index: nickname G:\WWW\think\Application\Runtime\Cache\Home\255fbfff1579d94f9ea125110ffd6da7.php 第 15 行.
NOTIC: [8] Undefined index: sex G:\WWW\think\Application\Runtime\Cache\Home\255fbfff1579d94f9ea125110ffd6da7.php 第 20 行.
NOTIC: [8] Undefined index: country G:\WWW\think\Application\Runtime\Cache\Home\255fbfff1579d94f9ea125110ffd6da7.php 第 27 行.
NOTIC: [8] Undefined index: province G:\WWW\think\Application\Runtime\Cache\Home\255fbfff1579d94f9ea125110ffd6da7.php 第 27 行.
NOTIC: [8] Undefined index: city G:\WWW\think\Application\Runtime\Cache\Home\255fbfff1579d94f9ea125110ffd6da7.php 第 27 行.
INFO: Run Behavior\ParseTemplateBehavior [ RunTime:0.007001s ]
INFO: [ view_parse ] --END-- [ RunTime:0.007001s ]
INFO: [ view_filter ] --START--
INFO: Run Behavior\WriteHtmlCacheBehavior [ RunTime:0.001000s ]
INFO: [ view_filter ] --END-- [ RunTime:0.001000s ]
INFO: [ app_end ] --START--
INFO: Run Behavior\ShowPageTraceBehavior [ RunTime:0.001000s ]
INFO: [ app_end ] --END-- [ RunTime:0.001000s ]

[ 2016-10-26T10:36:39+08:00 ] 127.0.0.1 /think/index.php?signature=3ac21e2225901d53741ec5fffc545075f383e545&timestamp=1477449369&nonce=184159958&openid=o9jo7w1-ym1RnHmhEoZ0HIuHmr7A
INFO: [ app_init ] --START--
INFO: Run Behavior\BuildLiteBehavior [ RunTime:0.000000s ]
INFO: [ app_init ] --END-- [ RunTime:0.001000s ]
INFO: [ app_begin ] --START--
INFO: Run Behavior\ReadHtmlCacheBehavior [ RunTime:0.001000s ]
INFO: [ app_begin ] --END-- [ RunTime:0.001000s ]
NOTIC: [2] session_start(): Cannot send session cookie - headers already sent G:\WWW\think\ThinkPHP\Common\functions.php 第 1283 行.
NOTIC: [2] session_start(): Cannot send session cache limiter - headers already sent G:\WWW\think\ThinkPHP\Common\functions.php 第 1283 行.
NOTIC: [8] Undefined index: echostr G:\WWW\think\Application\Home\Controller\WeixinController.class.php 第 20 行.
INFO: [ app_end ] --START--
INFO: Run Behavior\ShowPageTraceBehavior [ RunTime:0.001000s ]
INFO: [ app_end ] --END-- [ RunTime:0.001000s ]

[ 2016-10-26T10:37:24+08:00 ] 127.0.0.1 /think/index.php?signature=222e72bd4f4a52c3dd1dd23ea58409f28ae2b301&timestamp=1477449414&nonce=1303006414&openid=o9jo7w1-ym1RnHmhEoZ0HIuHmr7A
INFO: [ app_init ] --START--
INFO: Run Behavior\BuildLiteBehavior [ RunTime:0.000000s ]
INFO: [ app_init ] --END-- [ RunTime:0.000000s ]
INFO: [ app_begin ] --START--
INFO: Run Behavior\ReadHtmlCacheBehavior [ RunTime:0.001001s ]
INFO: [ app_begin ] --END-- [ RunTime:0.001001s ]
NOTIC: [2] session_start(): Cannot send session cookie - headers already sent G:\WWW\think\ThinkPHP\Common\functions.php 第 1283 行.
NOTIC: [2] session_start(): Cannot send session cache limiter - headers already sent G:\WWW\think\ThinkPHP\Common\functions.php 第 1283 行.
NOTIC: [8] Undefined index: echostr G:\WWW\think\Application\Home\Controller\WeixinController.class.php 第 20 行.
INFO: [ app_end ] --START--
INFO: Run Behavior\ShowPageTraceBehavior [ RunTime:0.001000s ]
INFO: [ app_end ] --END-- [ RunTime:0.001000s ]

[ 2016-10-26T10:41:22+08:00 ] 127.0.0.1 /think/index.php/Weixin/code
INFO: [ app_init ] --START--
INFO: Run Behavior\BuildLiteBehavior [ RunTime:0.000000s ]
INFO: [ app_init ] --END-- [ RunTime:0.001000s ]
INFO: [ app_begin ] --START--
INFO: Run Behavior\ReadHtmlCacheBehavior [ RunTime:0.001000s ]
INFO: [ app_begin ] --END-- [ RunTime:0.001000s ]
INFO: [ app_end ] --START--
INFO: Run Behavior\ShowPageTraceBehavior [ RunTime:0.000000s ]
INFO: [ app_end ] --END-- [ RunTime:0.000000s ]

[ 2016-10-26T10:41:45+08:00 ] 127.0.0.1 /think/index.php/Weixin/code
INFO: [ app_init ] --START--
INFO: Run Behavior\BuildLiteBehavior [ RunTime:0.000000s ]
INFO: [ app_init ] --END-- [ RunTime:0.001000s ]
INFO: [ app_begin ] --START--
INFO: Run Behavior\ReadHtmlCacheBehavior [ RunTime:0.000000s ]
INFO: [ app_begin ] --END-- [ RunTime:0.001000s ]
INFO: [ app_end ] --START--
INFO: Run Behavior\ShowPageTraceBehavior [ RunTime:0.000000s ]
INFO: [ app_end ] --END-- [ RunTime:0.000000s ]

[ 2016-10-26T10:41:47+08:00 ] 127.0.0.1 /think/index.php/Accredit/ifnull?code=001wqOOb1ibpts0hKlPb1reROb1wqOOo&state=123
INFO: [ app_init ] --START--
INFO: Run Behavior\BuildLiteBehavior [ RunTime:0.000000s ]
INFO: [ app_init ] --END-- [ RunTime:0.001000s ]
INFO: [ app_begin ] --START--
INFO: Run Behavior\ReadHtmlCacheBehavior [ RunTime:0.001000s ]
INFO: [ app_begin ] --END-- [ RunTime:0.001000s ]
NOTIC: [8] Undefined index: openid G:\WWW\think\Application\Home\Controller\AccreditController.class.php 第 60 行.
SQL: SELECT * FROM `token` WHERE `openid` = null LIMIT 1   [ RunTime:0.0010s ]
INFO: [ view_parse ] --START--
INFO: [ template_filter ] --START--
INFO: Run Behavior\ContentReplaceBehavior [ RunTime:0.000000s ]
INFO: [ template_filter ] --END-- [ RunTime:0.001000s ]
INFO: Run Behavior\ParseTemplateBehavior [ RunTime:0.026002s ]
INFO: [ view_parse ] --END-- [ RunTime:0.026002s ]
INFO: [ view_filter ] --START--
INFO: Run Behavior\WriteHtmlCacheBehavior [ RunTime:0.000000s ]
INFO: [ view_filter ] --END-- [ RunTime:0.000000s ]
INFO: [ app_end ] --START--
INFO: Run Behavior\ShowPageTraceBehavior [ RunTime:0.001000s ]
INFO: [ app_end ] --END-- [ RunTime:0.001000s ]

[ 2016-10-26T10:41:51+08:00 ] 127.0.0.1 /think/index.php/Accredit/index?code=031eeqQh2J820G0n3AOh2e8uQh2eeqQM&state=STATE
INFO: [ app_init ] --START--
INFO: Run Behavior\BuildLiteBehavior [ RunTime:0.000000s ]
INFO: [ app_init ] --END-- [ RunTime:0.001000s ]
INFO: [ app_begin ] --START--
INFO: Run Behavior\ReadHtmlCacheBehavior [ RunTime:0.001000s ]
INFO: [ app_begin ] --END-- [ RunTime:0.001000s ]
NOTIC: [2] curl_errno(): 26 is not a valid cURL handle resource G:\WWW\think\Application\Home\Controller\WeixinController.class.php 第 267 行.
NOTIC: [2] curl_errno(): 27 is not a valid cURL handle resource G:\WWW\think\Application\Home\Controller\WeixinController.class.php 第 267 行.
NOTIC: [2] curl_errno(): 28 is not a valid cURL handle resource G:\WWW\think\Application\Home\Controller\WeixinController.class.php 第 267 行.
NOTIC: [8] Undefined offset: 0 G:\WWW\think\ThinkPHP\Library\Think\Db\Driver.class.php 第 803 行.
SQL: INSERT INTO `token` (`openid`,`nickname`,`sex`,`language`,`city`,`province`,`country`,`headimgurl`) VALUES ('o9jo7w1-ym1RnHmhEoZ0HIuHmr7A','王朝正','1','zh_CN','安阳','河南','中国','http://wx.qlogo.cn/mmopen/457rAlI64X2G6JLtyiclya6wGia0G0foIicI4GBZTRwOIMv0QhPOojBnb5xaA4BKYyQjzBbDQu9kKwsBB8oNSaTmKJ10yzPvITl/0') [ RunTime:0.0010s ]
INFO: [ view_parse ] --START--
INFO: [ template_filter ] --START--
INFO: Run Behavior\ContentReplaceBehavior [ RunTime:0.000000s ]
INFO: [ template_filter ] --END-- [ RunTime:0.000000s ]
INFO: Run Behavior\ParseTemplateBehavior [ RunTime:0.016000s ]
INFO: [ view_parse ] --END-- [ RunTime:0.016000s ]
INFO: [ view_filter ] --START--
INFO: Run Behavior\WriteHtmlCacheBehavior [ RunTime:0.001001s ]
INFO: [ view_filter ] --END-- [ RunTime:0.002001s ]
INFO: [ app_end ] --START--
INFO: Run Behavior\ShowPageTraceBehavior [ RunTime:0.001000s ]
INFO: [ app_end ] --END-- [ RunTime:0.001000s ]

[ 2016-10-26T10:42:17+08:00 ] 127.0.0.1 /think/index.php/Weixin/code
INFO: [ app_init ] --START--
INFO: Run Behavior\BuildLiteBehavior [ RunTime:0.000000s ]
INFO: [ app_init ] --END-- [ RunTime:0.001000s ]
INFO: [ app_begin ] --START--
INFO: Run Behavior\ReadHtmlCacheBehavior [ RunTime:0.001000s ]
INFO: [ app_begin ] --END-- [ RunTime:0.001000s ]
INFO: [ app_end ] --START--
INFO: Run Behavior\ShowPageTraceBehavior [ RunTime:0.001000s ]
INFO: [ app_end ] --END-- [ RunTime:0.001000s ]

[ 2016-10-26T10:42:19+08:00 ] 127.0.0.1 /think/index.php/Accredit/ifnull?code=031eNKeb2uVRpR0Gtxeb2p4Feb2eNKee&state=123
INFO: [ app_init ] --START--
INFO: Run Behavior\BuildLiteBehavior [ RunTime:0.000000s ]
INFO: [ app_init ] --END-- [ RunTime:0.001000s ]
INFO: [ app_begin ] --START--
INFO: Run Behavior\ReadHtmlCacheBehavior [ RunTime:0.001000s ]
INFO: [ app_begin ] --END-- [ RunTime:0.001000s ]
NOTIC: [8] Undefined index: openid G:\WWW\think\Application\Home\Controller\AccreditController.class.php 第 60 行.
SQL: SELECT * FROM `token` WHERE `openid` = null LIMIT 1   [ RunTime:0.0010s ]
INFO: [ view_parse ] --START--
INFO: [ template_filter ] --START--
INFO: Run Behavior\ContentReplaceBehavior [ RunTime:0.000000s ]
INFO: [ template_filter ] --END-- [ RunTime:0.000000s ]
INFO: Run Behavior\ParseTemplateBehavior [ RunTime:0.016001s ]
INFO: [ view_parse ] --END-- [ RunTime:0.016001s ]
INFO: [ view_filter ] --START--
INFO: Run Behavior\WriteHtmlCacheBehavior [ RunTime:0.001000s ]
INFO: [ view_filter ] --END-- [ RunTime:0.001000s ]
INFO: [ app_end ] --START--
INFO: Run Behavior\ShowPageTraceBehavior [ RunTime:0.002000s ]
INFO: [ app_end ] --END-- [ RunTime:0.002000s ]

[ 2016-10-26T10:42:23+08:00 ] 127.0.0.1 /think/index.php/Accredit/index?code=021n5wZy0AzXki108v1z04EzZy0n5wZV&state=STATE
INFO: [ app_init ] --START--
INFO: Run Behavior\BuildLiteBehavior [ RunTime:0.000000s ]
INFO: [ app_init ] --END-- [ RunTime:0.001000s ]
INFO: [ app_begin ] --START--
INFO: Run Behavior\ReadHtmlCacheBehavior [ RunTime:0.001001s ]
INFO: [ app_begin ] --END-- [ RunTime:0.001001s ]
NOTIC: [2] curl_errno(): 26 is not a valid cURL handle resource G:\WWW\think\Application\Home\Controller\WeixinController.class.php 第 267 行.
NOTIC: [2] curl_errno(): 27 is not a valid cURL handle resource G:\WWW\think\Application\Home\Controller\WeixinController.class.php 第 267 行.
NOTIC: [2] curl_errno(): 28 is not a valid cURL handle resource G:\WWW\think\Application\Home\Controller\WeixinController.class.php 第 267 行.
NOTIC: [8] Undefined offset: 0 G:\WWW\think\ThinkPHP\Library\Think\Db\Driver.class.php 第 803 行.
SQL: INSERT INTO `token` (`openid`,`nickname`,`sex`,`language`,`city`,`province`,`country`,`headimgurl`) VALUES ('o9jo7w1-ym1RnHmhEoZ0HIuHmr7A','王朝正','1','zh_CN','安阳','河南','中国','http://wx.qlogo.cn/mmopen/457rAlI64X2G6JLtyiclya6wGia0G0foIicI4GBZTRwOIMv0QhPOojBnb5xaA4BKYyQjzBbDQu9kKwsBB8oNSaTmKJ10yzPvITl/0') [ RunTime:0.0010s ]
INFO: [ view_parse ] --START--
INFO: [ template_filter ] --START--
INFO: Run Behavior\ContentReplaceBehavior [ RunTime:0.000000s ]
INFO: [ template_filter ] --END-- [ RunTime:0.000000s ]
INFO: Run Behavior\ParseTemplateBehavior [ RunTime:0.013000s ]
INFO: [ view_parse ] --END-- [ RunTime:0.014000s ]
INFO: [ view_filter ] --START--
INFO: Run Behavior\WriteHtmlCacheBehavior [ RunTime:0.001001s ]
INFO: [ view_filter ] --END-- [ RunTime:0.001001s ]
INFO: [ app_end ] --START--
INFO: Run Behavior\ShowPageTraceBehavior [ RunTime:0.001000s ]
INFO: [ app_end ] --END-- [ RunTime:0.001000s ]

[ 2016-10-26T10:43:25+08:00 ] 127.0.0.1 /think/index.php/Weixin/code
INFO: [ app_init ] --START--
INFO: Run Behavior\BuildLiteBehavior [ RunTime:0.000000s ]
INFO: [ app_init ] --END-- [ RunTime:0.001000s ]
INFO: [ app_begin ] --START--
INFO: Run Behavior\ReadHtmlCacheBehavior [ RunTime:0.000000s ]
INFO: [ app_begin ] --END-- [ RunTime:0.001000s ]
INFO: [ app_end ] --START--
INFO: Run Behavior\ShowPageTraceBehavior [ RunTime:0.001000s ]
INFO: [ app_end ] --END-- [ RunTime:0.001000s ]

[ 2016-10-26T10:43:27+08:00 ] 127.0.0.1 /think/index.php/Accredit/ifnull?code=041zWGjg2FXvkE053Bjg2hLKjg2zWGjo&state=123
INFO: [ app_init ] --START--
INFO: Run Behavior\BuildLiteBehavior [ RunTime:0.000000s ]
INFO: [ app_init ] --END-- [ RunTime:0.000000s ]
INFO: [ app_begin ] --START--
INFO: Run Behavior\ReadHtmlCacheBehavior [ RunTime:0.000000s ]
INFO: [ app_begin ] --END-- [ RunTime:0.000000s ]
NOTIC: [8] Undefined index: openid G:\WWW\think\Application\Home\Controller\AccreditController.class.php 第 60 行.
SQL: SELECT * FROM `token` WHERE `openid` = null LIMIT 1   [ RunTime:0.0010s ]
INFO: [ view_parse ] --START--
INFO: [ template_filter ] --START--
INFO: Run Behavior\ContentReplaceBehavior [ RunTime:0.000000s ]
INFO: [ template_filter ] --END-- [ RunTime:0.000000s ]
INFO: Run Behavior\ParseTemplateBehavior [ RunTime:0.016001s ]
INFO: [ view_parse ] --END-- [ RunTime:0.016001s ]
INFO: [ view_filter ] --START--
INFO: Run Behavior\WriteHtmlCacheBehavior [ RunTime:0.001000s ]
INFO: [ view_filter ] --END-- [ RunTime:0.001000s ]
INFO: [ app_end ] --START--
INFO: Run Behavior\ShowPageTraceBehavior [ RunTime:0.001000s ]
INFO: [ app_end ] --END-- [ RunTime:0.001000s ]

[ 2016-10-26T10:43:31+08:00 ] 127.0.0.1 /think/index.php/Accredit/index?code=001HP1Ek2cfBNI0z4mFk2A13Ek2HP1ET&state=STATE
INFO: [ app_init ] --START--
INFO: Run Behavior\BuildLiteBehavior [ RunTime:0.000000s ]
INFO: [ app_init ] --END-- [ RunTime:0.000000s ]
INFO: [ app_begin ] --START--
INFO: Run Behavior\ReadHtmlCacheBehavior [ RunTime:0.001000s ]
INFO: [ app_begin ] --END-- [ RunTime:0.001000s ]
NOTIC: [2] curl_errno(): 26 is not a valid cURL handle resource G:\WWW\think\Application\Home\Controller\WeixinController.class.php 第 267 行.
NOTIC: [2] curl_errno(): 27 is not a valid cURL handle resource G:\WWW\think\Application\Home\Controller\WeixinController.class.php 第 267 行.
NOTIC: [2] curl_errno(): 28 is not a valid cURL handle resource G:\WWW\think\Application\Home\Controller\WeixinController.class.php 第 267 行.
NOTIC: [8] Undefined offset: 0 G:\WWW\think\ThinkPHP\Library\Think\Db\Driver.class.php 第 803 行.
SQL: INSERT INTO `token` (`openid`,`nickname`,`sex`,`language`,`city`,`province`,`country`,`headimgurl`) VALUES ('o9jo7w1-ym1RnHmhEoZ0HIuHmr7A','王朝正','1','zh_CN','安阳','河南','中国','http://wx.qlogo.cn/mmopen/457rAlI64X2G6JLtyiclya6wGia0G0foIicI4GBZTRwOIMv0QhPOojBnb5xaA4BKYyQjzBbDQu9kKwsBB8oNSaTmKJ10yzPvITl/0') [ RunTime:0.0010s ]
INFO: [ view_parse ] --START--
INFO: [ template_filter ] --START--
INFO: Run Behavior\ContentReplaceBehavior [ RunTime:0.001000s ]
INFO: [ template_filter ] --END-- [ RunTime:0.001000s ]
INFO: Run Behavior\ParseTemplateBehavior [ RunTime:0.016001s ]
INFO: [ view_parse ] --END-- [ RunTime:0.016001s ]
INFO: [ view_filter ] --START--
INFO: Run Behavior\WriteHtmlCacheBehavior [ RunTime:0.001000s ]
INFO: [ view_filter ] --END-- [ RunTime:0.001000s ]
INFO: [ app_end ] --START--
INFO: Run Behavior\ShowPageTraceBehavior [ RunTime:0.002000s ]
INFO: [ app_end ] --END-- [ RunTime:0.002000s ]

[ 2016-10-26T10:50:02+08:00 ] 127.0.0.1 /think/index.php/Weixin/code
INFO: [ app_init ] --START--
INFO: Run Behavior\BuildLiteBehavior [ RunTime:0.000000s ]
INFO: [ app_init ] --END-- [ RunTime:0.000000s ]
INFO: [ app_begin ] --START--
INFO: Run Behavior\ReadHtmlCacheBehavior [ RunTime:0.000000s ]
INFO: [ app_begin ] --END-- [ RunTime:0.000000s ]
INFO: [ app_end ] --START--
INFO: Run Behavior\ShowPageTraceBehavior [ RunTime:0.001000s ]
INFO: [ app_end ] --END-- [ RunTime:0.001000s ]

[ 2016-10-26T10:50:51+08:00 ] 127.0.0.1 /think/index.php/Weixin/code
INFO: [ app_init ] --START--
INFO: Run Behavior\BuildLiteBehavior [ RunTime:0.000000s ]
INFO: [ app_init ] --END-- [ RunTime:0.000000s ]
INFO: [ app_begin ] --START--
INFO: Run Behavior\ReadHtmlCacheBehavior [ RunTime:0.000000s ]
INFO: [ app_begin ] --END-- [ RunTime:0.000000s ]
INFO: [ app_end ] --START--
INFO: Run Behavior\ShowPageTraceBehavior [ RunTime:0.001000s ]
INFO: [ app_end ] --END-- [ RunTime:0.001000s ]

[ 2016-10-26T10:50:51+08:00 ] 127.0.0.1 /think/index.php/Accredit/ifnull?code=0019178D0UtwYe21Rv6D0j948D09178w&state=123
INFO: [ app_init ] --START--
INFO: Run Behavior\BuildLiteBehavior [ RunTime:0.000000s ]
INFO: [ app_init ] --END-- [ RunTime:0.000000s ]
INFO: [ app_begin ] --START--
INFO: Run Behavior\ReadHtmlCacheBehavior [ RunTime:0.000000s ]
INFO: [ app_begin ] --END-- [ RunTime:0.000000s ]
NOTIC: [8] Undefined index: openid G:\WWW\think\Application\Home\Controller\AccreditController.class.php 第 59 行.
INFO: [ app_end ] --START--
INFO: Run Behavior\ShowPageTraceBehavior [ RunTime:0.001000s ]
INFO: [ app_end ] --END-- [ RunTime:0.001000s ]

[ 2016-10-26T10:52:03+08:00 ] 127.0.0.1 /think/index.php/Weixin/code
INFO: [ app_init ] --START--
INFO: Run Behavior\BuildLiteBehavior [ RunTime:0.000000s ]
INFO: [ app_init ] --END-- [ RunTime:0.001000s ]
INFO: [ app_begin ] --START--
INFO: Run Behavior\ReadHtmlCacheBehavior [ RunTime:0.002000s ]
INFO: [ app_begin ] --END-- [ RunTime:0.002000s ]
INFO: [ app_end ] --START--
INFO: Run Behavior\ShowPageTraceBehavior [ RunTime:0.001001s ]
INFO: [ app_end ] --END-- [ RunTime:0.001001s ]

[ 2016-10-26T10:52:03+08:00 ] 127.0.0.1 /think/index.php/Accredit/ifnull?code=031I8e042ZqkbK0AA4X32mzf042I8e0N&state=123
INFO: [ app_init ] --START--
INFO: Run Behavior\BuildLiteBehavior [ RunTime:0.000000s ]
INFO: [ app_init ] --END-- [ RunTime:0.000000s ]
INFO: [ app_begin ] --START--
INFO: Run Behavior\ReadHtmlCacheBehavior [ RunTime:0.001000s ]
INFO: [ app_begin ] --END-- [ RunTime:0.001000s ]
NOTIC: [8] Undefined index: openid G:\WWW\think\Application\Home\Controller\AccreditController.class.php 第 59 行.
INFO: [ app_end ] --START--
INFO: Run Behavior\ShowPageTraceBehavior [ RunTime:0.001000s ]
INFO: [ app_end ] --END-- [ RunTime:0.001000s ]

[ 2016-10-26T10:52:03+08:00 ] 127.0.0.1 /think/index.php/Accredit/ifnull?code=031BGVWE0GhkNg2m9P0F0id0XE0BGVWb&state=123
INFO: [ app_init ] --START--
INFO: Run Behavior\BuildLiteBehavior [ RunTime:0.000000s ]
INFO: [ app_init ] --END-- [ RunTime:0.001000s ]
INFO: [ app_begin ] --START--
INFO: Run Behavior\ReadHtmlCacheBehavior [ RunTime:0.000000s ]
INFO: [ app_begin ] --END-- [ RunTime:0.000000s ]
NOTIC: [8] Undefined index: openid G:\WWW\think\Application\Home\Controller\AccreditController.class.php 第 59 行.
INFO: [ app_end ] --START--
INFO: Run Behavior\ShowPageTraceBehavior [ RunTime:0.001000s ]
INFO: [ app_end ] --END-- [ RunTime:0.001000s ]

[ 2016-10-26T10:53:07+08:00 ] 127.0.0.1 /think/index.php/Accredit/ifnull
INFO: [ app_init ] --START--
INFO: Run Behavior\BuildLiteBehavior [ RunTime:0.000000s ]
INFO: [ app_init ] --END-- [ RunTime:0.001000s ]
INFO: [ app_begin ] --START--
INFO: Run Behavior\ReadHtmlCacheBehavior [ RunTime:0.001000s ]
INFO: [ app_begin ] --END-- [ RunTime:0.001000s ]
NOTIC: [8] Undefined index: openid G:\WWW\think\Application\Home\Controller\AccreditController.class.php 第 59 行.
INFO: [ app_end ] --START--
INFO: Run Behavior\ShowPageTraceBehavior [ RunTime:0.001000s ]
INFO: [ app_end ] --END-- [ RunTime:0.001000s ]

[ 2016-10-26T10:53:11+08:00 ] 127.0.0.1 /think/index.php?signature=e2ce6438d231e1c91983a51c470f44f1627ce11d&timestamp=1477450361&nonce=927323562&openid=o9jo7w1-ym1RnHmhEoZ0HIuHmr7A
INFO: [ app_init ] --START--
INFO: Run Behavior\BuildLiteBehavior [ RunTime:0.000000s ]
INFO: [ app_init ] --END-- [ RunTime:0.001000s ]
INFO: [ app_begin ] --START--
INFO: Run Behavior\ReadHtmlCacheBehavior [ RunTime:0.001000s ]
INFO: [ app_begin ] --END-- [ RunTime:0.001000s ]
NOTIC: [2] session_start(): Cannot send session cookie - headers already sent G:\WWW\think\ThinkPHP\Common\functions.php 第 1283 行.
NOTIC: [2] session_start(): Cannot send session cache limiter - headers already sent G:\WWW\think\ThinkPHP\Common\functions.php 第 1283 行.
NOTIC: [8] Undefined index: echostr G:\WWW\think\Application\Home\Controller\WeixinController.class.php 第 20 行.
INFO: [ app_end ] --START--
INFO: Run Behavior\ShowPageTraceBehavior [ RunTime:0.001000s ]
INFO: [ app_end ] --END-- [ RunTime:0.001000s ]

[ 2016-10-26T10:53:13+08:00 ] 127.0.0.1 /think/index.php/Accredit/ifnull?code=001DJlOk2EbYXI0jvkNk2G6kOk2DJlOc&state=123
INFO: [ app_init ] --START--
INFO: Run Behavior\BuildLiteBehavior [ RunTime:0.000000s ]
INFO: [ app_init ] --END-- [ RunTime:0.000000s ]
INFO: [ app_begin ] --START--
INFO: Run Behavior\ReadHtmlCacheBehavior [ RunTime:0.000000s ]
INFO: [ app_begin ] --END-- [ RunTime:0.000000s ]
NOTIC: [8] Undefined index: openid G:\WWW\think\Application\Home\Controller\AccreditController.class.php 第 59 行.
INFO: [ app_end ] --START--
INFO: Run Behavior\ShowPageTraceBehavior [ RunTime:0.001000s ]
INFO: [ app_end ] --END-- [ RunTime:0.001000s ]

[ 2016-10-26T10:56:49+08:00 ] 127.0.0.1 /think/index.php?signature=403f80188943db5e20af9becb01324092272a570&timestamp=1477450579&nonce=1409910609&openid=o9jo7w1-ym1RnHmhEoZ0HIuHmr7A
INFO: [ app_init ] --START--
INFO: Run Behavior\BuildLiteBehavior [ RunTime:0.000000s ]
INFO: [ app_init ] --END-- [ RunTime:0.001000s ]
INFO: [ app_begin ] --START--
INFO: Run Behavior\ReadHtmlCacheBehavior [ RunTime:0.001000s ]
INFO: [ app_begin ] --END-- [ RunTime:0.001000s ]
NOTIC: [2] session_start(): Cannot send session cookie - headers already sent G:\WWW\think\ThinkPHP\Common\functions.php 第 1283 行.
NOTIC: [2] session_start(): Cannot send session cache limiter - headers already sent G:\WWW\think\ThinkPHP\Common\functions.php 第 1283 行.
NOTIC: [8] Undefined index: echostr G:\WWW\think\Application\Home\Controller\WeixinController.class.php 第 20 行.
INFO: [ app_end ] --START--
INFO: Run Behavior\ShowPageTraceBehavior [ RunTime:0.000000s ]
INFO: [ app_end ] --END-- [ RunTime:0.000000s ]

[ 2016-10-26T11:02:23+08:00 ] 127.0.0.1 /think/index.php/Weixin/code
INFO: [ app_init ] --START--
INFO: Run Behavior\BuildLiteBehavior [ RunTime:0.000000s ]
INFO: [ app_init ] --END-- [ RunTime:0.002001s ]
INFO: [ app_begin ] --START--
INFO: Run Behavior\ReadHtmlCacheBehavior [ RunTime:0.002000s ]
INFO: [ app_begin ] --END-- [ RunTime:0.002000s ]
INFO: [ app_end ] --START--
INFO: Run Behavior\ShowPageTraceBehavior [ RunTime:0.001000s ]
INFO: [ app_end ] --END-- [ RunTime:0.001000s ]

[ 2016-10-26T11:02:23+08:00 ] 127.0.0.1 /think/index.php/Accredit/ifnull?code=021LZPRQ16Rrw71MMiPQ1FsORQ1LZPR7&state=123
INFO: [ app_init ] --START--
INFO: Run Behavior\BuildLiteBehavior [ RunTime:0.000000s ]
INFO: [ app_init ] --END-- [ RunTime:0.000000s ]
INFO: [ app_begin ] --START--
INFO: Run Behavior\ReadHtmlCacheBehavior [ RunTime:0.000000s ]
INFO: [ app_begin ] --END-- [ RunTime:0.000000s ]
NOTIC: [8] Undefined index: openid G:\WWW\think\Application\Home\Controller\AccreditController.class.php 第 59 行.
INFO: [ app_end ] --START--
INFO: Run Behavior\ShowPageTraceBehavior [ RunTime:0.001000s ]
INFO: [ app_end ] --END-- [ RunTime:0.001000s ]

[ 2016-10-26T11:03:48+08:00 ] 127.0.0.1 /think/index.php/Weixin/code
INFO: [ app_init ] --START--
INFO: Run Behavior\BuildLiteBehavior [ RunTime:0.000000s ]
INFO: [ app_init ] --END-- [ RunTime:0.001000s ]
INFO: [ app_begin ] --START--
INFO: Run Behavior\ReadHtmlCacheBehavior [ RunTime:0.001000s ]
INFO: [ app_begin ] --END-- [ RunTime:0.002000s ]
INFO: [ app_end ] --START--
INFO: Run Behavior\ShowPageTraceBehavior [ RunTime:0.000000s ]
INFO: [ app_end ] --END-- [ RunTime:0.000000s ]

[ 2016-10-26T11:03:48+08:00 ] 127.0.0.1 /think/index.php/Accredit/ifnull?code=031JNK2V073xyW1s920V0xwM2V0JNK2s&state=123
INFO: [ app_init ] --START--
INFO: Run Behavior\BuildLiteBehavior [ RunTime:0.000000s ]
INFO: [ app_init ] --END-- [ RunTime:0.001000s ]
INFO: [ app_begin ] --START--
INFO: Run Behavior\ReadHtmlCacheBehavior [ RunTime:0.002000s ]
INFO: [ app_begin ] --END-- [ RunTime:0.002000s ]
NOTIC: [8] Undefined index: openid G:\WWW\think\Application\Home\Controller\AccreditController.class.php 第 59 行.
NOTIC: [8] Array to string conversion G:\WWW\think\Application\Home\Controller\AccreditController.class.php 第 63 行.
NOTIC: [8] Array to string conversion G:\WWW\think\Application\Home\Controller\AccreditController.class.php 第 64 行.
INFO: [ app_end ] --START--
INFO: Run Behavior\ShowPageTraceBehavior [ RunTime:0.001000s ]
INFO: [ app_end ] --END-- [ RunTime:0.001000s ]

[ 2016-10-26T11:04:09+08:00 ] 127.0.0.1 /think/index.php/Weixin/code
INFO: [ app_init ] --START--
INFO: Run Behavior\BuildLiteBehavior [ RunTime:0.000000s ]
INFO: [ app_init ] --END-- [ RunTime:0.000000s ]
INFO: [ app_begin ] --START--
INFO: Run Behavior\ReadHtmlCacheBehavior [ RunTime:0.000000s ]
INFO: [ app_begin ] --END-- [ RunTime:0.001000s ]
INFO: [ app_end ] --START--
INFO: Run Behavior\ShowPageTraceBehavior [ RunTime:0.001000s ]
INFO: [ app_end ] --END-- [ RunTime:0.001000s ]

[ 2016-10-26T11:04:10+08:00 ] 127.0.0.1 /think/index.php/Accredit/ifnull?code=001beVPr1L6nbq06EYOr1tw0Qr1beVPZ&state=123
INFO: [ app_init ] --START--
INFO: Run Behavior\BuildLiteBehavior [ RunTime:0.000000s ]
INFO: [ app_init ] --END-- [ RunTime:0.002000s ]
INFO: [ app_begin ] --START--
INFO: Run Behavior\ReadHtmlCacheBehavior [ RunTime:0.002000s ]
INFO: [ app_begin ] --END-- [ RunTime:0.002000s ]
NOTIC: [8] Undefined index: openid G:\WWW\think\Application\Home\Controller\AccreditController.class.php 第 59 行.
NOTIC: [8] Array to string conversion G:\WWW\think\Application\Home\Controller\AccreditController.class.php 第 64 行.
INFO: [ app_end ] --START--
INFO: Run Behavior\ShowPageTraceBehavior [ RunTime:0.001000s ]
INFO: [ app_end ] --END-- [ RunTime:0.001000s ]

[ 2016-10-26T11:04:10+08:00 ] 127.0.0.1 /think/index.php/Accredit/ifnull?code=011oqftb06vl9v16qeub0IRgtb0oqftC&state=123
INFO: [ app_init ] --START--
INFO: Run Behavior\BuildLiteBehavior [ RunTime:0.000000s ]
INFO: [ app_init ] --END-- [ RunTime:0.000000s ]
INFO: [ app_begin ] --START--
INFO: Run Behavior\ReadHtmlCacheBehavior [ RunTime:0.001000s ]
INFO: [ app_begin ] --END-- [ RunTime:0.001000s ]
NOTIC: [8] Undefined index: openid G:\WWW\think\Application\Home\Controller\AccreditController.class.php 第 59 行.
NOTIC: [8] Array to string conversion G:\WWW\think\Application\Home\Controller\AccreditController.class.php 第 64 行.
INFO: [ app_end ] --START--
INFO: Run Behavior\ShowPageTraceBehavior [ RunTime:0.000000s ]
INFO: [ app_end ] --END-- [ RunTime:0.000000s ]

[ 2016-10-26T11:04:27+08:00 ] 127.0.0.1 /think/index.php/Weixin/code
INFO: [ app_init ] --START--
INFO: Run Behavior\BuildLiteBehavior [ RunTime:0.000000s ]
INFO: [ app_init ] --END-- [ RunTime:0.001000s ]
INFO: [ app_begin ] --START--
INFO: Run Behavior\ReadHtmlCacheBehavior [ RunTime:0.001001s ]
INFO: [ app_begin ] --END-- [ RunTime:0.001001s ]
INFO: [ app_end ] --START--
INFO: Run Behavior\ShowPageTraceBehavior [ RunTime:0.001000s ]
INFO: [ app_end ] --END-- [ RunTime:0.001000s ]

[ 2016-10-26T11:04:28+08:00 ] 127.0.0.1 /think/index.php/Accredit/ifnull?code=021pElhZ1f0PCX0fqKgZ1b0hhZ1pElho&state=123
INFO: [ app_init ] --START--
INFO: Run Behavior\BuildLiteBehavior [ RunTime:0.000000s ]
INFO: [ app_init ] --END-- [ RunTime:0.001000s ]
INFO: [ app_begin ] --START--
INFO: Run Behavior\ReadHtmlCacheBehavior [ RunTime:0.001000s ]
INFO: [ app_begin ] --END-- [ RunTime:0.001000s ]
NOTIC: [8] Undefined index: openid G:\WWW\think\Application\Home\Controller\AccreditController.class.php 第 59 行.
INFO: [ app_end ] --START--
INFO: Run Behavior\ShowPageTraceBehavior [ RunTime:0.000000s ]
INFO: [ app_end ] --END-- [ RunTime:0.000000s ]

[ 2016-10-26T11:08:17+08:00 ] 127.0.0.1 /think/index.php/Weixin/code
INFO: [ app_init ] --START--
INFO: Run Behavior\BuildLiteBehavior [ RunTime:0.000000s ]
INFO: [ app_init ] --END-- [ RunTime:0.003000s ]
INFO: [ app_begin ] --START--
INFO: Run Behavior\ReadHtmlCacheBehavior [ RunTime:0.001000s ]
INFO: [ app_begin ] --END-- [ RunTime:0.001000s ]
INFO: [ app_end ] --START--
INFO: Run Behavior\ShowPageTraceBehavior [ RunTime:0.001000s ]
INFO: [ app_end ] --END-- [ RunTime:0.001000s ]

[ 2016-10-26T11:08:18+08:00 ] 127.0.0.1 /think/index.php/Accredit/ifnull?code=021lcRMD1sRsW10jUwPD1RzRMD1lcRMA&state=123
INFO: [ app_init ] --START--
INFO: Run Behavior\BuildLiteBehavior [ RunTime:0.000000s ]
INFO: [ app_init ] --END-- [ RunTime:0.001000s ]
INFO: [ app_begin ] --START--
INFO: Run Behavior\ReadHtmlCacheBehavior [ RunTime:0.001000s ]
INFO: [ app_begin ] --END-- [ RunTime:0.001000s ]
NOTIC: [2] curl_errno(): 26 is not a valid cURL handle resource G:\WWW\think\Application\Home\Controller\WeixinController.class.php 第 267 行.
NOTIC: [2] curl_errno(): 27 is not a valid cURL handle resource G:\WWW\think\Application\Home\Controller\WeixinController.class.php 第 267 行.
INFO: [ app_end ] --START--
INFO: Run Behavior\ShowPageTraceBehavior [ RunTime:0.002000s ]
INFO: [ app_end ] --END-- [ RunTime:0.002000s ]

[ 2016-10-26T11:08:19+08:00 ] 127.0.0.1 /think/index.php/Accredit/ifnull?code=011GZjIt1jAd2a0KDWJt10WgIt1GZjI0&state=123
INFO: [ app_init ] --START--
INFO: Run Behavior\BuildLiteBehavior [ RunTime:0.000000s ]
INFO: [ app_init ] --END-- [ RunTime:0.001000s ]
INFO: [ app_begin ] --START--
INFO: Run Behavior\ReadHtmlCacheBehavior [ RunTime:0.001000s ]
INFO: [ app_begin ] --END-- [ RunTime:0.001000s ]
NOTIC: [2] curl_errno(): 26 is not a valid cURL handle resource G:\WWW\think\Application\Home\Controller\WeixinController.class.php 第 267 行.
NOTIC: [2] curl_errno(): 27 is not a valid cURL handle resource G:\WWW\think\Application\Home\Controller\WeixinController.class.php 第 267 行.
INFO: [ app_end ] --START--
INFO: Run Behavior\ShowPageTraceBehavior [ RunTime:0.002000s ]
INFO: [ app_end ] --END-- [ RunTime:0.002000s ]

[ 2016-10-26T11:09:46+08:00 ] 127.0.0.1 /think/index.php/Weixin/code
INFO: [ app_init ] --START--
INFO: Run Behavior\BuildLiteBehavior [ RunTime:0.000000s ]
INFO: [ app_init ] --END-- [ RunTime:0.000000s ]
INFO: [ app_begin ] --START--
INFO: Run Behavior\ReadHtmlCacheBehavior [ RunTime:0.001000s ]
INFO: [ app_begin ] --END-- [ RunTime:0.001000s ]
INFO: [ app_end ] --START--
INFO: Run Behavior\ShowPageTraceBehavior [ RunTime:0.001000s ]
INFO: [ app_end ] --END-- [ RunTime:0.001000s ]

[ 2016-10-26T11:09:47+08:00 ] 127.0.0.1 /think/index.php/Accredit/ifnull?code=021YdMu21xHZYL1L5tu21pmGu21YdMuu&state=123
INFO: [ app_init ] --START--
INFO: Run Behavior\BuildLiteBehavior [ RunTime:0.000000s ]
INFO: [ app_init ] --END-- [ RunTime:0.002000s ]
INFO: [ app_begin ] --START--
INFO: Run Behavior\ReadHtmlCacheBehavior [ RunTime:0.002000s ]
INFO: [ app_begin ] --END-- [ RunTime:0.002000s ]
NOTIC: [2] curl_errno(): 26 is not a valid cURL handle resource G:\WWW\think\Application\Home\Controller\WeixinController.class.php 第 267 行.
NOTIC: [2] curl_errno(): 27 is not a valid cURL handle resource G:\WWW\think\Application\Home\Controller\WeixinController.class.php 第 267 行.
INFO: [ app_end ] --START--
INFO: Run Behavior\ShowPageTraceBehavior [ RunTime:0.002000s ]
INFO: [ app_end ] --END-- [ RunTime:0.002000s ]

[ 2016-10-26T11:09:48+08:00 ] 127.0.0.1 /think/index.php/Accredit/ifnull?code=031zLg8i0OVmOB1NUr8i06li8i0zLg8N&state=123
INFO: [ app_init ] --START--
INFO: Run Behavior\BuildLiteBehavior [ RunTime:0.000000s ]
INFO: [ app_init ] --END-- [ RunTime:0.001000s ]
INFO: [ app_begin ] --START--
INFO: Run Behavior\ReadHtmlCacheBehavior [ RunTime:0.001000s ]
INFO: [ app_begin ] --END-- [ RunTime:0.001000s ]
NOTIC: [2] curl_errno(): 26 is not a valid cURL handle resource G:\WWW\think\Application\Home\Controller\WeixinController.class.php 第 267 行.
NOTIC: [2] curl_errno(): 27 is not a valid cURL handle resource G:\WWW\think\Application\Home\Controller\WeixinController.class.php 第 267 行.
INFO: [ app_end ] --START--
INFO: Run Behavior\ShowPageTraceBehavior [ RunTime:0.002001s ]
INFO: [ app_end ] --END-- [ RunTime:0.002001s ]

[ 2016-10-26T11:16:59+08:00 ] 127.0.0.1 /think/index.php/Weixin/code
INFO: [ app_init ] --START--
INFO: Run Behavior\BuildLiteBehavior [ RunTime:0.000000s ]
INFO: [ app_init ] --END-- [ RunTime:0.001000s ]
INFO: [ app_begin ] --START--
INFO: Run Behavior\ReadHtmlCacheBehavior [ RunTime:0.001001s ]
INFO: [ app_begin ] --END-- [ RunTime:0.001001s ]
INFO: [ app_end ] --START--
INFO: Run Behavior\ShowPageTraceBehavior [ RunTime:0.001000s ]
INFO: [ app_end ] --END-- [ RunTime:0.001000s ]

[ 2016-10-26T11:16:59+08:00 ] 127.0.0.1 /think/index.php/Accredit/ifnull?code=001KCpeM0IasU52jvieM0lbqeM0KCpe1&state=123
INFO: [ app_init ] --START--
INFO: Run Behavior\BuildLiteBehavior [ RunTime:0.000000s ]
INFO: [ app_init ] --END-- [ RunTime:0.000000s ]
INFO: [ app_begin ] --START--
INFO: Run Behavior\ReadHtmlCacheBehavior [ RunTime:0.000000s ]
INFO: [ app_begin ] --END-- [ RunTime:0.000000s ]

[ 2016-10-26T11:16:59+08:00 ] 127.0.0.1 /think/index.php/Accredit/ifnull?code=031cggeR00n63b2XQaeR0xRheR0cgge3&state=123
INFO: [ app_init ] --START--
INFO: Run Behavior\BuildLiteBehavior [ RunTime:0.000000s ]
INFO: [ app_init ] --END-- [ RunTime:0.001001s ]
INFO: [ app_begin ] --START--
INFO: Run Behavior\ReadHtmlCacheBehavior [ RunTime:0.000000s ]
INFO: [ app_begin ] --END-- [ RunTime:0.000000s ]

