[ 2016-10-19T10:55:20+08:00 ] 127.0.0.1 /think/
INFO: [ app_init ] --START--
INFO: Run Behavior\BuildLiteBehavior [ RunTime:0.000000s ]
INFO: [ app_init ] --END-- [ RunTime:0.001000s ]
INFO: [ app_begin ] --START--
INFO: Run Behavior\ReadHtmlCacheBehavior [ RunTime:0.017001s ]
INFO: [ app_begin ] --END-- [ RunTime:0.017001s ]
ERR: 1146:Table 'loveshow.think_annun' doesn't exist
 [ SQL语句 ] : SHOW COLUMNS FROM `think_annun`
ERR: 1146:Table 'loveshow.think_annun' doesn't exist
 [ SQL语句 ] : SHOW COLUMNS FROM `think_annun`

[ 2016-10-19T10:56:43+08:00 ] 127.0.0.1 /think/
INFO: [ app_init ] --START--
INFO: Run Behavior\BuildLiteBehavior [ RunTime:0.000000s ]
INFO: [ app_init ] --END-- [ RunTime:0.000000s ]
INFO: [ app_begin ] --START--
INFO: Run Behavior\ReadHtmlCacheBehavior [ RunTime:0.001000s ]
INFO: [ app_begin ] --END-- [ RunTime:0.001000s ]
ERR: 1146:Table 'loveshow.think_annun' doesn't exist
 [ SQL语句 ] : SHOW COLUMNS FROM `think_annun`
ERR: 1146:Table 'loveshow.think_annun' doesn't exist
 [ SQL语句 ] : SHOW COLUMNS FROM `think_annun`

[ 2016-10-19T10:56:56+08:00 ] 127.0.0.1 /think/index.php
INFO: [ app_init ] --START--
INFO: Run Behavior\BuildLiteBehavior [ RunTime:0.000000s ]
INFO: [ app_init ] --END-- [ RunTime:0.001001s ]
INFO: [ app_begin ] --START--
INFO: Run Behavior\ReadHtmlCacheBehavior [ RunTime:0.001000s ]
INFO: [ app_begin ] --END-- [ RunTime:0.001000s ]
ERR: 1146:Table 'loveshow.think_annun' doesn't exist
 [ SQL语句 ] : SHOW COLUMNS FROM `think_annun`
ERR: 1146:Table 'loveshow.think_annun' doesn't exist
 [ SQL语句 ] : SHOW COLUMNS FROM `think_annun`

[ 2016-10-19T10:57:03+08:00 ] 127.0.0.1 /think/
INFO: [ app_init ] --START--
INFO: Run Behavior\BuildLiteBehavior [ RunTime:0.000000s ]
INFO: [ app_init ] --END-- [ RunTime:0.002000s ]
INFO: [ app_begin ] --START--
INFO: Run Behavior\ReadHtmlCacheBehavior [ RunTime:0.002001s ]
INFO: [ app_begin ] --END-- [ RunTime:0.002001s ]
ERR: 无法加载控制器:Indexss

[ 2016-10-19T10:57:24+08:00 ] 127.0.0.1 /think/
INFO: [ app_init ] --START--
INFO: Run Behavior\BuildLiteBehavior [ RunTime:0.000000s ]
INFO: [ app_init ] --END-- [ RunTime:0.000000s ]
INFO: [ app_begin ] --START--
INFO: Run Behavior\ReadHtmlCacheBehavior [ RunTime:0.001000s ]
INFO: [ app_begin ] --END-- [ RunTime:0.001000s ]
ERR: 无法加载控制器:Indexss

[ 2016-10-19T10:57:25+08:00 ] 127.0.0.1 /think/
INFO: [ app_init ] --START--
INFO: Run Behavior\BuildLiteBehavior [ RunTime:0.000000s ]
INFO: [ app_init ] --END-- [ RunTime:0.000000s ]
INFO: [ app_begin ] --START--
INFO: Run Behavior\ReadHtmlCacheBehavior [ RunTime:0.001000s ]
INFO: [ app_begin ] --END-- [ RunTime:0.001000s ]
ERR: 无法加载控制器:Indexss

[ 2016-10-19T10:57:43+08:00 ] 127.0.0.1 /think/
INFO: [ app_init ] --START--
INFO: Run Behavior\BuildLiteBehavior [ RunTime:0.000000s ]
INFO: [ app_init ] --END-- [ RunTime:0.001000s ]
INFO: [ app_begin ] --START--
INFO: Run Behavior\ReadHtmlCacheBehavior [ RunTime:0.000000s ]
INFO: [ app_begin ] --END-- [ RunTime:0.000000s ]
NOTIC: [8] Undefined variable: app_key G:\WWW\think\Application\Home\Controller\JiguangController.class.php 第 10 行.
NOTIC: [8] Undefined variable: master_secret G:\WWW\think\Application\Home\Controller\JiguangController.class.php 第 10 行.
ERR: Invalid appKey or masterSecret

[ 2016-10-19T10:57:57+08:00 ] 127.0.0.1 /think/
INFO: [ app_init ] --START--
INFO: Run Behavior\BuildLiteBehavior [ RunTime:0.000000s ]
INFO: [ app_init ] --END-- [ RunTime:0.001000s ]
INFO: [ app_begin ] --START--
INFO: Run Behavior\ReadHtmlCacheBehavior [ RunTime:0.001000s ]
INFO: [ app_begin ] --END-- [ RunTime:0.001000s ]
ERR: 无法加载控制器:Indexss

[ 2016-10-19T11:00:11+08:00 ] 127.0.0.1 /think/?signature=acd54844802d13329555a24e5d37ab87bdeee374&echostr=8397777555332527581&timestamp=1476845980&nonce=697005763
INFO: [ app_init ] --START--
INFO: Run Behavior\BuildLiteBehavior [ RunTime:0.000000s ]
INFO: [ app_init ] --END-- [ RunTime:0.001000s ]
INFO: [ app_begin ] --START--
INFO: Run Behavior\ReadHtmlCacheBehavior [ RunTime:0.001000s ]
INFO: [ app_begin ] --END-- [ RunTime:0.001000s ]
ERR: 无法加载控制器:Indexss

[ 2016-10-19T11:00:13+08:00 ] 127.0.0.1 /think/?signature=24f698c4e0e019c692f97485322f3bf6cb91d92d&echostr=4385683981882290097&timestamp=1476845984&nonce=714985613
INFO: [ app_init ] --START--
INFO: Run Behavior\BuildLiteBehavior [ RunTime:0.000000s ]
INFO: [ app_init ] --END-- [ RunTime:0.001000s ]
INFO: [ app_begin ] --START--
INFO: Run Behavior\ReadHtmlCacheBehavior [ RunTime:0.001000s ]
INFO: [ app_begin ] --END-- [ RunTime:0.001000s ]
ERR: 无法加载控制器:Indexss

[ 2016-10-19T11:00:15+08:00 ] 127.0.0.1 /think/?signature=6f37969af81807c84e5955c4ba9fcb15932beda7&echostr=4017051328809268719&timestamp=1476845987&nonce=922214448
INFO: [ app_init ] --START--
INFO: Run Behavior\BuildLiteBehavior [ RunTime:0.000000s ]
INFO: [ app_init ] --END-- [ RunTime:0.001000s ]
INFO: [ app_begin ] --START--
INFO: Run Behavior\ReadHtmlCacheBehavior [ RunTime:0.001000s ]
INFO: [ app_begin ] --END-- [ RunTime:0.001000s ]
ERR: 无法加载控制器:Indexss

[ 2016-10-19T11:00:18+08:00 ] 127.0.0.1 /think/?signature=692fc907a9473dd9eb896fe96fdadad467067dd8&echostr=6954722321278366127&timestamp=1476845989&nonce=1581882795
INFO: [ app_init ] --START--
INFO: Run Behavior\BuildLiteBehavior [ RunTime:0.000000s ]
INFO: [ app_init ] --END-- [ RunTime:0.001000s ]
INFO: [ app_begin ] --START--
INFO: Run Behavior\ReadHtmlCacheBehavior [ RunTime:0.001000s ]
INFO: [ app_begin ] --END-- [ RunTime:0.001000s ]
ERR: 无法加载控制器:Indexss

[ 2016-10-19T11:00:20+08:00 ] 127.0.0.1 /think/?signature=15da4a560df6e0a18221d0627c71334042383c80&echostr=2466951756610206140&timestamp=1476845992&nonce=1860743474
INFO: [ app_init ] --START--
INFO: Run Behavior\BuildLiteBehavior [ RunTime:0.000000s ]
INFO: [ app_init ] --END-- [ RunTime:0.000000s ]
INFO: [ app_begin ] --START--
INFO: Run Behavior\ReadHtmlCacheBehavior [ RunTime:0.000000s ]
INFO: [ app_begin ] --END-- [ RunTime:0.000000s ]
ERR: 无法加载控制器:Indexss

[ 2016-10-19T11:00:49+08:00 ] 127.0.0.1 /think/index.php?signature=a03fe8c9e55ab3c2dc52038bcb3c91c8778eab8e&echostr=1990887832440269767&timestamp=1476846021&nonce=196323002
INFO: [ app_init ] --START--
INFO: Run Behavior\BuildLiteBehavior [ RunTime:0.000000s ]
INFO: [ app_init ] --END-- [ RunTime:0.001000s ]
INFO: [ app_begin ] --START--
INFO: Run Behavior\ReadHtmlCacheBehavior [ RunTime:0.001000s ]
INFO: [ app_begin ] --END-- [ RunTime:0.001000s ]
NOTIC: [8] Undefined index: HTTP_RAW_POST_DATA G:\WWW\think\Application\Home\Controller\WeixinController.class.php 第 40 行.
NOTIC: [8] Trying to get property of non-object G:\WWW\think\Application\Home\Controller\WeixinController.class.php 第 57 行.
NOTIC: [8] Trying to get property of non-object G:\WWW\think\Application\Home\Controller\WeixinController.class.php 第 90 行.
NOTIC: [8] Trying to get property of non-object G:\WWW\think\Application\Home\Controller\WeixinController.class.php 第 131 行.
INFO: [ app_end ] --START--
INFO: Run Behavior\ShowPageTraceBehavior [ RunTime:0.028002s ]
INFO: [ app_end ] --END-- [ RunTime:0.028002s ]

[ 2016-10-19T11:00:51+08:00 ] 127.0.0.1 /think/index.php?signature=37e78ac3c74468007b1daa567b84049c651a774f&echostr=8538579291569848271&timestamp=1476846023&nonce=720538135
INFO: [ app_init ] --START--
INFO: Run Behavior\BuildLiteBehavior [ RunTime:0.000000s ]
INFO: [ app_init ] --END-- [ RunTime:0.002000s ]
INFO: [ app_begin ] --START--
INFO: Run Behavior\ReadHtmlCacheBehavior [ RunTime:0.002000s ]
INFO: [ app_begin ] --END-- [ RunTime:0.002000s ]
NOTIC: [8] Undefined index: HTTP_RAW_POST_DATA G:\WWW\think\Application\Home\Controller\WeixinController.class.php 第 40 行.
NOTIC: [8] Trying to get property of non-object G:\WWW\think\Application\Home\Controller\WeixinController.class.php 第 57 行.
NOTIC: [8] Trying to get property of non-object G:\WWW\think\Application\Home\Controller\WeixinController.class.php 第 90 行.
NOTIC: [8] Trying to get property of non-object G:\WWW\think\Application\Home\Controller\WeixinController.class.php 第 131 行.
INFO: [ app_end ] --START--
INFO: Run Behavior\ShowPageTraceBehavior [ RunTime:0.002000s ]
INFO: [ app_end ] --END-- [ RunTime:0.002000s ]

[ 2016-10-19T11:01:34+08:00 ] 127.0.0.1 /think/index.php?signature=48817d79c164e5cdfcbe572ad4fc9b936932bc43&echostr=933687039408137723&timestamp=1476846066&nonce=435242984
INFO: [ app_init ] --START--
INFO: Run Behavior\BuildLiteBehavior [ RunTime:0.000000s ]
INFO: [ app_init ] --END-- [ RunTime:0.000000s ]
INFO: [ app_begin ] --START--
INFO: Run Behavior\ReadHtmlCacheBehavior [ RunTime:0.001000s ]
INFO: [ app_begin ] --END-- [ RunTime:0.001000s ]
NOTIC: [8] Undefined index: HTTP_RAW_POST_DATA G:\WWW\think\Application\Home\Controller\WeixinController.class.php 第 40 行.
NOTIC: [8] Trying to get property of non-object G:\WWW\think\Application\Home\Controller\WeixinController.class.php 第 57 行.
NOTIC: [8] Trying to get property of non-object G:\WWW\think\Application\Home\Controller\WeixinController.class.php 第 90 行.
NOTIC: [8] Trying to get property of non-object G:\WWW\think\Application\Home\Controller\WeixinController.class.php 第 131 行.
INFO: [ app_end ] --START--
INFO: Run Behavior\ShowPageTraceBehavior [ RunTime:0.001000s ]
INFO: [ app_end ] --END-- [ RunTime:0.001000s ]

[ 2016-10-19T11:01:39+08:00 ] 127.0.0.1 /think/index.php?signature=98b4006cb20415cc4188873aecf5c43ba39fa578&echostr=2989021773176502263&timestamp=1476846070&nonce=455654748
INFO: [ app_init ] --START--
INFO: Run Behavior\BuildLiteBehavior [ RunTime:0.000000s ]
INFO: [ app_init ] --END-- [ RunTime:0.000000s ]
INFO: [ app_begin ] --START--
INFO: Run Behavior\ReadHtmlCacheBehavior [ RunTime:0.001000s ]
INFO: [ app_begin ] --END-- [ RunTime:0.001000s ]
NOTIC: [8] Undefined index: HTTP_RAW_POST_DATA G:\WWW\think\Application\Home\Controller\WeixinController.class.php 第 40 行.
NOTIC: [8] Trying to get property of non-object G:\WWW\think\Application\Home\Controller\WeixinController.class.php 第 57 行.
NOTIC: [8] Trying to get property of non-object G:\WWW\think\Application\Home\Controller\WeixinController.class.php 第 90 行.
NOTIC: [8] Trying to get property of non-object G:\WWW\think\Application\Home\Controller\WeixinController.class.php 第 131 行.
INFO: [ app_end ] --START--
INFO: Run Behavior\ShowPageTraceBehavior [ RunTime:0.001000s ]
INFO: [ app_end ] --END-- [ RunTime:0.001000s ]

[ 2016-10-19T11:01:42+08:00 ] 127.0.0.1 /think/index.php?signature=fa23e8be37f5f1becd56a9c3fc976b7e30258455&echostr=8633672805301807101&timestamp=1476846073&nonce=1814226317
INFO: [ app_init ] --START--
INFO: Run Behavior\BuildLiteBehavior [ RunTime:0.000000s ]
INFO: [ app_init ] --END-- [ RunTime:0.001001s ]
INFO: [ app_begin ] --START--
INFO: Run Behavior\ReadHtmlCacheBehavior [ RunTime:0.001000s ]
INFO: [ app_begin ] --END-- [ RunTime:0.001000s ]

[ 2016-10-19T11:02:03+08:00 ] 127.0.0.1 /think/index.php?signature=3caaf4c6f6a114ab82934087fced7493358aa141&timestamp=1476846095&nonce=2074545645&openid=oXOVQwGq8MLjmms0DDiD8Zp_YDe4
INFO: [ app_init ] --START--
INFO: Run Behavior\BuildLiteBehavior [ RunTime:0.000000s ]
INFO: [ app_init ] --END-- [ RunTime:0.001000s ]
INFO: [ app_begin ] --START--
INFO: Run Behavior\ReadHtmlCacheBehavior [ RunTime:0.000000s ]
INFO: [ app_begin ] --END-- [ RunTime:0.000000s ]
NOTIC: [2] session_start(): Cannot send session cookie - headers already sent G:\WWW\think\ThinkPHP\Common\functions.php 第 1283 行.
NOTIC: [2] session_start(): Cannot send session cache limiter - headers already sent G:\WWW\think\ThinkPHP\Common\functions.php 第 1283 行.
NOTIC: [8] Undefined index: echostr G:\WWW\think\Application\Home\Controller\WeixinController.class.php 第 21 行.
INFO: [ app_end ] --START--
INFO: Run Behavior\ShowPageTraceBehavior [ RunTime:0.001000s ]
INFO: [ app_end ] --END-- [ RunTime:0.001000s ]

[ 2016-10-19T11:03:52+08:00 ] 127.0.0.1 /think/index.php?signature=a2c9b6c7b52d34536c4fc42a9506f4c48e78b6f5&timestamp=1476846204&nonce=223053708&openid=oXOVQwGq8MLjmms0DDiD8Zp_YDe4
INFO: [ app_init ] --START--
INFO: Run Behavior\BuildLiteBehavior [ RunTime:0.000000s ]
INFO: [ app_init ] --END-- [ RunTime:0.000000s ]
INFO: [ app_begin ] --START--
INFO: Run Behavior\ReadHtmlCacheBehavior [ RunTime:0.001000s ]
INFO: [ app_begin ] --END-- [ RunTime:0.001000s ]
NOTIC: [2] session_start(): Cannot send session cookie - headers already sent G:\WWW\think\ThinkPHP\Common\functions.php 第 1283 行.
NOTIC: [2] session_start(): Cannot send session cache limiter - headers already sent G:\WWW\think\ThinkPHP\Common\functions.php 第 1283 行.
NOTIC: [8] Undefined index: echostr G:\WWW\think\Application\Home\Controller\WeixinController.class.php 第 21 行.
NOTIC: [8] Undefined variable: content G:\WWW\think\Application\Home\Controller\WeixinController.class.php 第 125 行.
INFO: [ app_end ] --START--
INFO: Run Behavior\ShowPageTraceBehavior [ RunTime:0.001000s ]
INFO: [ app_end ] --END-- [ RunTime:0.001000s ]

[ 2016-10-19T11:04:00+08:00 ] 127.0.0.1 /think/index.php
INFO: [ app_init ] --START--
INFO: Run Behavior\BuildLiteBehavior [ RunTime:0.000000s ]
INFO: [ app_init ] --END-- [ RunTime:0.000000s ]
INFO: [ app_begin ] --START--
INFO: Run Behavior\ReadHtmlCacheBehavior [ RunTime:0.001000s ]
INFO: [ app_begin ] --END-- [ RunTime:0.001000s ]
NOTIC: [8] Undefined index: nonce G:\WWW\think\Application\Home\Controller\WeixinController.class.php 第 18 行.
NOTIC: [8] Undefined index: timestamp G:\WWW\think\Application\Home\Controller\WeixinController.class.php 第 20 行.
NOTIC: [8] Undefined index: echostr G:\WWW\think\Application\Home\Controller\WeixinController.class.php 第 21 行.
NOTIC: [8] Undefined index: signature G:\WWW\think\Application\Home\Controller\WeixinController.class.php 第 22 行.
NOTIC: [8] Undefined index: HTTP_RAW_POST_DATA G:\WWW\think\Application\Home\Controller\WeixinController.class.php 第 40 行.
NOTIC: [8] Trying to get property of non-object G:\WWW\think\Application\Home\Controller\WeixinController.class.php 第 57 行.
NOTIC: [8] Trying to get property of non-object G:\WWW\think\Application\Home\Controller\WeixinController.class.php 第 90 行.
NOTIC: [8] Trying to get property of non-object G:\WWW\think\Application\Home\Controller\WeixinController.class.php 第 131 行.
INFO: [ app_end ] --START--
INFO: Run Behavior\ShowPageTraceBehavior [ RunTime:0.000000s ]
INFO: [ app_end ] --END-- [ RunTime:0.000000s ]

[ 2016-10-19T11:06:11+08:00 ] 127.0.0.1 /think/index.php?signature=c8d873746a1f9f4425756a085b3f0e2ed1626882&timestamp=1476846342&nonce=1692977659&openid=oXOVQwGq8MLjmms0DDiD8Zp_YDe4
INFO: [ app_init ] --START--
INFO: Run Behavior\BuildLiteBehavior [ RunTime:0.000000s ]
INFO: [ app_init ] --END-- [ RunTime:0.002000s ]
INFO: [ app_begin ] --START--
INFO: Run Behavior\ReadHtmlCacheBehavior [ RunTime:0.001000s ]
INFO: [ app_begin ] --END-- [ RunTime:0.001000s ]
NOTIC: [2] session_start(): Cannot send session cookie - headers already sent G:\WWW\think\ThinkPHP\Common\functions.php 第 1283 行.
NOTIC: [2] session_start(): Cannot send session cache limiter - headers already sent G:\WWW\think\ThinkPHP\Common\functions.php 第 1283 行.
NOTIC: [8] Undefined index: echostr G:\WWW\think\Application\Home\Controller\WeixinController.class.php 第 21 行.
NOTIC: [8] Undefined variable: content G:\WWW\think\Application\Home\Controller\WeixinController.class.php 第 125 行.
INFO: [ app_end ] --START--
INFO: Run Behavior\ShowPageTraceBehavior [ RunTime:0.001000s ]
INFO: [ app_end ] --END-- [ RunTime:0.001000s ]

[ 2016-10-19T11:06:34+08:00 ] 127.0.0.1 /think/index.php?signature=df14f96dcc19cb539e2f001b2204d2865e470c78&timestamp=1476846365&nonce=1029158781&openid=oXOVQwGq8MLjmms0DDiD8Zp_YDe4
INFO: [ app_init ] --START--
INFO: Run Behavior\BuildLiteBehavior [ RunTime:0.000000s ]
INFO: [ app_init ] --END-- [ RunTime:0.000000s ]
INFO: [ app_begin ] --START--
INFO: Run Behavior\ReadHtmlCacheBehavior [ RunTime:0.001000s ]
INFO: [ app_begin ] --END-- [ RunTime:0.001000s ]
NOTIC: [2] session_start(): Cannot send session cookie - headers already sent G:\WWW\think\ThinkPHP\Common\functions.php 第 1283 行.
NOTIC: [2] session_start(): Cannot send session cache limiter - headers already sent G:\WWW\think\ThinkPHP\Common\functions.php 第 1283 行.
NOTIC: [8] Undefined index: echostr G:\WWW\think\Application\Home\Controller\WeixinController.class.php 第 21 行.
NOTIC: [8] Undefined variable: content G:\WWW\think\Application\Home\Controller\WeixinController.class.php 第 125 行.
INFO: [ app_end ] --START--
INFO: Run Behavior\ShowPageTraceBehavior [ RunTime:0.000000s ]
INFO: [ app_end ] --END-- [ RunTime:0.000000s ]

[ 2016-10-19T11:24:14+08:00 ] 127.0.0.1 /think/index.php?signature=e95802de3552aaee84ef42a6f178a058b2bdbf58&timestamp=1476847425&nonce=1605893820&openid=oXOVQwGq8MLjmms0DDiD8Zp_YDe4
INFO: [ app_init ] --START--
INFO: Run Behavior\BuildLiteBehavior [ RunTime:0.000000s ]
INFO: [ app_init ] --END-- [ RunTime:0.001000s ]
INFO: [ app_begin ] --START--
INFO: Run Behavior\ReadHtmlCacheBehavior [ RunTime:0.001000s ]
INFO: [ app_begin ] --END-- [ RunTime:0.001000s ]
NOTIC: [2] session_start(): Cannot send session cookie - headers already sent G:\WWW\think\ThinkPHP\Common\functions.php 第 1283 行.
NOTIC: [2] session_start(): Cannot send session cache limiter - headers already sent G:\WWW\think\ThinkPHP\Common\functions.php 第 1283 行.
NOTIC: [8] Undefined index: echostr G:\WWW\think\Application\Home\Controller\WeixinController.class.php 第 21 行.
INFO: [ app_end ] --START--
INFO: Run Behavior\ShowPageTraceBehavior [ RunTime:0.002000s ]
INFO: [ app_end ] --END-- [ RunTime:0.002000s ]

[ 2016-10-19T11:24:21+08:00 ] 127.0.0.1 /think/index.php?signature=40426a24596b9ef55932829fc73ca5bcd37b1431&timestamp=1476847433&nonce=1792220441&openid=oXOVQwGq8MLjmms0DDiD8Zp_YDe4
INFO: [ app_init ] --START--
INFO: Run Behavior\BuildLiteBehavior [ RunTime:0.000000s ]
INFO: [ app_init ] --END-- [ RunTime:0.001000s ]
INFO: [ app_begin ] --START--
INFO: Run Behavior\ReadHtmlCacheBehavior [ RunTime:0.001000s ]
INFO: [ app_begin ] --END-- [ RunTime:0.001000s ]
NOTIC: [2] session_start(): Cannot send session cookie - headers already sent G:\WWW\think\ThinkPHP\Common\functions.php 第 1283 行.
NOTIC: [2] session_start(): Cannot send session cache limiter - headers already sent G:\WWW\think\ThinkPHP\Common\functions.php 第 1283 行.
NOTIC: [8] Undefined index: echostr G:\WWW\think\Application\Home\Controller\WeixinController.class.php 第 21 行.
INFO: [ app_end ] --START--
INFO: Run Behavior\ShowPageTraceBehavior [ RunTime:0.001000s ]
INFO: [ app_end ] --END-- [ RunTime:0.001000s ]

[ 2016-10-19T13:40:52+08:00 ] 127.0.0.1 /think/index.php?signature=2f2db54eafb4c183dfa54c079399ce7cb1679539&timestamp=1476855623&nonce=1265295889&openid=oXOVQwGq8MLjmms0DDiD8Zp_YDe4
INFO: [ app_init ] --START--
INFO: Run Behavior\BuildLiteBehavior [ RunTime:0.000000s ]
INFO: [ app_init ] --END-- [ RunTime:0.001000s ]
INFO: [ app_begin ] --START--
INFO: Run Behavior\ReadHtmlCacheBehavior [ RunTime:0.001000s ]
INFO: [ app_begin ] --END-- [ RunTime:0.001000s ]
NOTIC: [2] session_start(): Cannot send session cookie - headers already sent G:\WWW\think\ThinkPHP\Common\functions.php 第 1283 行.
NOTIC: [2] session_start(): Cannot send session cache limiter - headers already sent G:\WWW\think\ThinkPHP\Common\functions.php 第 1283 行.
NOTIC: [8] Undefined index: echostr G:\WWW\think\Application\Home\Controller\WeixinController.class.php 第 21 行.
INFO: [ app_end ] --START--
INFO: Run Behavior\ShowPageTraceBehavior [ RunTime:0.000000s ]
INFO: [ app_end ] --END-- [ RunTime:0.000000s ]

[ 2016-10-19T13:46:34+08:00 ] 127.0.0.1 /think/index.php?signature=c25976b443ed41f7b73525a0b9c10014b47ca0dd&echostr=8769400274508814751&timestamp=1476855965&nonce=1844973864
INFO: [ app_init ] --START--
INFO: Run Behavior\BuildLiteBehavior [ RunTime:0.000000s ]
INFO: [ app_init ] --END-- [ RunTime:0.001000s ]
INFO: [ app_begin ] --START--
INFO: Run Behavior\ReadHtmlCacheBehavior [ RunTime:0.001000s ]
INFO: [ app_begin ] --END-- [ RunTime:0.001000s ]

[ 2016-10-19T13:47:13+08:00 ] 127.0.0.1 /think/index.php?signature=e0d63eb857deeb541069ba11165023a96f69aae9&timestamp=1476856004&nonce=2023544416&openid=o9jo7w1-ym1RnHmhEoZ0HIuHmr7A
INFO: [ app_init ] --START--
INFO: Run Behavior\BuildLiteBehavior [ RunTime:0.000000s ]
INFO: [ app_init ] --END-- [ RunTime:0.001000s ]
INFO: [ app_begin ] --START--
INFO: Run Behavior\ReadHtmlCacheBehavior [ RunTime:0.001000s ]
INFO: [ app_begin ] --END-- [ RunTime:0.001000s ]
NOTIC: [2] session_start(): Cannot send session cookie - headers already sent G:\WWW\think\ThinkPHP\Common\functions.php 第 1283 行.
NOTIC: [2] session_start(): Cannot send session cache limiter - headers already sent G:\WWW\think\ThinkPHP\Common\functions.php 第 1283 行.
NOTIC: [8] Undefined index: echostr G:\WWW\think\Application\Home\Controller\WeixinController.class.php 第 21 行.
NOTIC: [8] Undefined variable: content G:\WWW\think\Application\Home\Controller\WeixinController.class.php 第 125 行.
INFO: [ app_end ] --START--
INFO: Run Behavior\ShowPageTraceBehavior [ RunTime:0.001000s ]
INFO: [ app_end ] --END-- [ RunTime:0.001000s ]

[ 2016-10-19T13:47:16+08:00 ] 127.0.0.1 /think/index.php?signature=2919893068944f0569efa0b1565c41d1399b1571&timestamp=1476856007&nonce=241185958&openid=o9jo7w1-ym1RnHmhEoZ0HIuHmr7A
INFO: [ app_init ] --START--
INFO: Run Behavior\BuildLiteBehavior [ RunTime:0.000000s ]
INFO: [ app_init ] --END-- [ RunTime:0.001000s ]
INFO: [ app_begin ] --START--
INFO: Run Behavior\ReadHtmlCacheBehavior [ RunTime:0.001000s ]
INFO: [ app_begin ] --END-- [ RunTime:0.001000s ]
NOTIC: [2] session_start(): Cannot send session cookie - headers already sent G:\WWW\think\ThinkPHP\Common\functions.php 第 1283 行.
NOTIC: [2] session_start(): Cannot send session cache limiter - headers already sent G:\WWW\think\ThinkPHP\Common\functions.php 第 1283 行.
NOTIC: [8] Undefined index: echostr G:\WWW\think\Application\Home\Controller\WeixinController.class.php 第 21 行.
INFO: [ app_end ] --START--
INFO: Run Behavior\ShowPageTraceBehavior [ RunTime:0.002000s ]
INFO: [ app_end ] --END-- [ RunTime:0.002000s ]

[ 2016-10-19T13:47:56+08:00 ] 127.0.0.1 /think/index.php?signature=f834ea79a24bd18f32271d72fb1f45c3791261c8&timestamp=1476856047&nonce=1100809546&openid=o9jo7w1-ym1RnHmhEoZ0HIuHmr7A
INFO: [ app_init ] --START--
INFO: Run Behavior\BuildLiteBehavior [ RunTime:0.000000s ]
INFO: [ app_init ] --END-- [ RunTime:0.001000s ]
INFO: [ app_begin ] --START--
INFO: Run Behavior\ReadHtmlCacheBehavior [ RunTime:0.000000s ]
INFO: [ app_begin ] --END-- [ RunTime:0.000000s ]
NOTIC: [2] session_start(): Cannot send session cookie - headers already sent G:\WWW\think\ThinkPHP\Common\functions.php 第 1283 行.
NOTIC: [2] session_start(): Cannot send session cache limiter - headers already sent G:\WWW\think\ThinkPHP\Common\functions.php 第 1283 行.
NOTIC: [8] Undefined index: echostr G:\WWW\think\Application\Home\Controller\WeixinController.class.php 第 21 行.
NOTIC: [8] Undefined variable: content G:\WWW\think\Application\Home\Controller\WeixinController.class.php 第 125 行.
INFO: [ app_end ] --START--
INFO: Run Behavior\ShowPageTraceBehavior [ RunTime:0.001000s ]
INFO: [ app_end ] --END-- [ RunTime:0.001000s ]

[ 2016-10-19T14:07:37+08:00 ] 127.0.0.1 /think/index.php?signature=a4db4fea54c30d43121bf0de32b79fd1fa802f9e&timestamp=1476857228&nonce=1400852698&openid=o9jo7w1-ym1RnHmhEoZ0HIuHmr7A
INFO: [ app_init ] --START--
INFO: Run Behavior\BuildLiteBehavior [ RunTime:0.000000s ]
INFO: [ app_init ] --END-- [ RunTime:0.000000s ]
INFO: [ app_begin ] --START--
INFO: Run Behavior\ReadHtmlCacheBehavior [ RunTime:0.001000s ]
INFO: [ app_begin ] --END-- [ RunTime:0.001000s ]
NOTIC: [2] session_start(): Cannot send session cookie - headers already sent G:\WWW\think\ThinkPHP\Common\functions.php 第 1283 行.
NOTIC: [2] session_start(): Cannot send session cache limiter - headers already sent G:\WWW\think\ThinkPHP\Common\functions.php 第 1283 行.
NOTIC: [8] Undefined index: echostr G:\WWW\think\Application\Home\Controller\WeixinController.class.php 第 21 行.
INFO: [ app_end ] --START--
INFO: Run Behavior\ShowPageTraceBehavior [ RunTime:0.000000s ]
INFO: [ app_end ] --END-- [ RunTime:0.000000s ]

[ 2016-10-19T14:07:42+08:00 ] 127.0.0.1 /think/index.php?signature=dfc0d5fe4e486a60c174cfba378f82dab5a7f51b&timestamp=1476857234&nonce=558417098&openid=o9jo7w1-ym1RnHmhEoZ0HIuHmr7A
INFO: [ app_init ] --START--
INFO: Run Behavior\BuildLiteBehavior [ RunTime:0.000000s ]
INFO: [ app_init ] --END-- [ RunTime:0.001000s ]
INFO: [ app_begin ] --START--
INFO: Run Behavior\ReadHtmlCacheBehavior [ RunTime:0.001000s ]
INFO: [ app_begin ] --END-- [ RunTime:0.001000s ]
NOTIC: [2] session_start(): Cannot send session cookie - headers already sent G:\WWW\think\ThinkPHP\Common\functions.php 第 1283 行.
NOTIC: [2] session_start(): Cannot send session cache limiter - headers already sent G:\WWW\think\ThinkPHP\Common\functions.php 第 1283 行.
NOTIC: [8] Undefined index: echostr G:\WWW\think\Application\Home\Controller\WeixinController.class.php 第 21 行.
NOTIC: [8] Undefined variable: content G:\WWW\think\Application\Home\Controller\WeixinController.class.php 第 125 行.
INFO: [ app_end ] --START--
INFO: Run Behavior\ShowPageTraceBehavior [ RunTime:0.001000s ]
INFO: [ app_end ] --END-- [ RunTime:0.002000s ]

[ 2016-10-19T14:08:08+08:00 ] 127.0.0.1 /think/index.php?signature=41ef5999e64bc544c54f7aa749e23bfb9ff3698a&timestamp=1476857259&nonce=2016263850&openid=o9jo7w1-ym1RnHmhEoZ0HIuHmr7A
INFO: [ app_init ] --START--
INFO: Run Behavior\BuildLiteBehavior [ RunTime:0.000000s ]
INFO: [ app_init ] --END-- [ RunTime:0.001000s ]
INFO: [ app_begin ] --START--
INFO: Run Behavior\ReadHtmlCacheBehavior [ RunTime:0.001001s ]
INFO: [ app_begin ] --END-- [ RunTime:0.001001s ]
NOTIC: [2] session_start(): Cannot send session cookie - headers already sent G:\WWW\think\ThinkPHP\Common\functions.php 第 1283 行.
NOTIC: [2] session_start(): Cannot send session cache limiter - headers already sent G:\WWW\think\ThinkPHP\Common\functions.php 第 1283 行.
NOTIC: [8] Undefined index: echostr G:\WWW\think\Application\Home\Controller\WeixinController.class.php 第 21 行.
NOTIC: [8] Undefined variable: content G:\WWW\think\Application\Home\Controller\WeixinController.class.php 第 125 行.
INFO: [ app_end ] --START--
INFO: Run Behavior\ShowPageTraceBehavior [ RunTime:0.000000s ]
INFO: [ app_end ] --END-- [ RunTime:0.000000s ]

[ 2016-10-19T14:08:14+08:00 ] 127.0.0.1 /think/index.php?signature=9e7787f770e7d1117cc16422c339b1ab9786954d&timestamp=1476857265&nonce=837993032&openid=o9jo7w1-ym1RnHmhEoZ0HIuHmr7A
INFO: [ app_init ] --START--
INFO: Run Behavior\BuildLiteBehavior [ RunTime:0.000000s ]
INFO: [ app_init ] --END-- [ RunTime:0.001000s ]
INFO: [ app_begin ] --START--
INFO: Run Behavior\ReadHtmlCacheBehavior [ RunTime:0.001000s ]
INFO: [ app_begin ] --END-- [ RunTime:0.001000s ]
NOTIC: [2] session_start(): Cannot send session cookie - headers already sent G:\WWW\think\ThinkPHP\Common\functions.php 第 1283 行.
NOTIC: [2] session_start(): Cannot send session cache limiter - headers already sent G:\WWW\think\ThinkPHP\Common\functions.php 第 1283 行.
NOTIC: [8] Undefined index: echostr G:\WWW\think\Application\Home\Controller\WeixinController.class.php 第 21 行.
INFO: [ app_end ] --START--
INFO: Run Behavior\ShowPageTraceBehavior [ RunTime:0.000000s ]
INFO: [ app_end ] --END-- [ RunTime:0.000000s ]

[ 2016-10-19T14:11:55+08:00 ] 127.0.0.1 /think/index.php?signature=97c240df53ac00ed0fd376f55c7940dce243aae5&timestamp=1476857486&nonce=2074466688&openid=o9jo7w1-ym1RnHmhEoZ0HIuHmr7A
INFO: [ app_init ] --START--
INFO: Run Behavior\BuildLiteBehavior [ RunTime:0.000000s ]
INFO: [ app_init ] --END-- [ RunTime:0.000000s ]
INFO: [ app_begin ] --START--
INFO: Run Behavior\ReadHtmlCacheBehavior [ RunTime:0.001000s ]
INFO: [ app_begin ] --END-- [ RunTime:0.001000s ]
NOTIC: [2] session_start(): Cannot send session cookie - headers already sent G:\WWW\think\ThinkPHP\Common\functions.php 第 1283 行.
NOTIC: [2] session_start(): Cannot send session cache limiter - headers already sent G:\WWW\think\ThinkPHP\Common\functions.php 第 1283 行.
NOTIC: [8] Undefined index: echostr G:\WWW\think\Application\Home\Controller\WeixinController.class.php 第 21 行.
INFO: [ app_end ] --START--
INFO: Run Behavior\ShowPageTraceBehavior [ RunTime:0.000000s ]
INFO: [ app_end ] --END-- [ RunTime:0.000000s ]

[ 2016-10-19T14:12:06+08:00 ] 127.0.0.1 /think/index.php?signature=7a0f98ff91ee60adc2af9cd6d9e99e632b71a5e7&timestamp=1476857497&nonce=1489161552&openid=o9jo7w1-ym1RnHmhEoZ0HIuHmr7A
INFO: [ app_init ] --START--
INFO: Run Behavior\BuildLiteBehavior [ RunTime:0.000000s ]
INFO: [ app_init ] --END-- [ RunTime:0.000000s ]
INFO: [ app_begin ] --START--
INFO: Run Behavior\ReadHtmlCacheBehavior [ RunTime:0.001000s ]
INFO: [ app_begin ] --END-- [ RunTime:0.001000s ]
NOTIC: [2] session_start(): Cannot send session cookie - headers already sent G:\WWW\think\ThinkPHP\Common\functions.php 第 1283 行.
NOTIC: [2] session_start(): Cannot send session cache limiter - headers already sent G:\WWW\think\ThinkPHP\Common\functions.php 第 1283 行.
NOTIC: [8] Undefined index: echostr G:\WWW\think\Application\Home\Controller\WeixinController.class.php 第 21 行.
INFO: [ app_end ] --START--
INFO: Run Behavior\ShowPageTraceBehavior [ RunTime:0.001000s ]
INFO: [ app_end ] --END-- [ RunTime:0.001000s ]

[ 2016-10-19T14:12:17+08:00 ] 127.0.0.1 /think/index.php?signature=cc9fa45143e59bf65d65b6f064e571093c652aa6&timestamp=1476857508&nonce=1895432084&openid=o9jo7w1-ym1RnHmhEoZ0HIuHmr7A
INFO: [ app_init ] --START--
INFO: Run Behavior\BuildLiteBehavior [ RunTime:0.000000s ]
INFO: [ app_init ] --END-- [ RunTime:0.001000s ]
INFO: [ app_begin ] --START--
INFO: Run Behavior\ReadHtmlCacheBehavior [ RunTime:0.000000s ]
INFO: [ app_begin ] --END-- [ RunTime:0.001000s ]
NOTIC: [2] session_start(): Cannot send session cookie - headers already sent G:\WWW\think\ThinkPHP\Common\functions.php 第 1283 行.
NOTIC: [2] session_start(): Cannot send session cache limiter - headers already sent G:\WWW\think\ThinkPHP\Common\functions.php 第 1283 行.
NOTIC: [8] Undefined index: echostr G:\WWW\think\Application\Home\Controller\WeixinController.class.php 第 21 行.
INFO: [ app_end ] --START--
INFO: Run Behavior\ShowPageTraceBehavior [ RunTime:0.000000s ]
INFO: [ app_end ] --END-- [ RunTime:0.000000s ]

[ 2016-10-19T14:12:57+08:00 ] 127.0.0.1 /think/index.php?signature=73aee5bc8d80db908751d83fc08192fe74a03288&timestamp=1476857548&nonce=96830633&openid=o9jo7w1-ym1RnHmhEoZ0HIuHmr7A
INFO: [ app_init ] --START--
INFO: Run Behavior\BuildLiteBehavior [ RunTime:0.000000s ]
INFO: [ app_init ] --END-- [ RunTime:0.001000s ]
INFO: [ app_begin ] --START--
INFO: Run Behavior\ReadHtmlCacheBehavior [ RunTime:0.001001s ]
INFO: [ app_begin ] --END-- [ RunTime:0.001001s ]
NOTIC: [2] session_start(): Cannot send session cookie - headers already sent G:\WWW\think\ThinkPHP\Common\functions.php 第 1283 行.
NOTIC: [2] session_start(): Cannot send session cache limiter - headers already sent G:\WWW\think\ThinkPHP\Common\functions.php 第 1283 行.
NOTIC: [8] Undefined index: echostr G:\WWW\think\Application\Home\Controller\WeixinController.class.php 第 21 行.
INFO: [ app_end ] --START--
INFO: Run Behavior\ShowPageTraceBehavior [ RunTime:0.001000s ]
INFO: [ app_end ] --END-- [ RunTime:0.001000s ]

[ 2016-10-19T14:12:59+08:00 ] 127.0.0.1 /think/index.php?signature=a0018e3471513d05e2b1bf9a5ba7e2aafcdbe41c&timestamp=1476857550&nonce=1760832940&openid=o9jo7w1-ym1RnHmhEoZ0HIuHmr7A
INFO: [ app_init ] --START--
INFO: Run Behavior\BuildLiteBehavior [ RunTime:0.000000s ]
INFO: [ app_init ] --END-- [ RunTime:0.000000s ]
INFO: [ app_begin ] --START--
INFO: Run Behavior\ReadHtmlCacheBehavior [ RunTime:0.001000s ]
INFO: [ app_begin ] --END-- [ RunTime:0.001000s ]
NOTIC: [2] session_start(): Cannot send session cookie - headers already sent G:\WWW\think\ThinkPHP\Common\functions.php 第 1283 行.
NOTIC: [2] session_start(): Cannot send session cache limiter - headers already sent G:\WWW\think\ThinkPHP\Common\functions.php 第 1283 行.
NOTIC: [8] Undefined index: echostr G:\WWW\think\Application\Home\Controller\WeixinController.class.php 第 21 行.
INFO: [ app_end ] --START--
INFO: Run Behavior\ShowPageTraceBehavior [ RunTime:0.001000s ]
INFO: [ app_end ] --END-- [ RunTime:0.002000s ]

[ 2016-10-19T14:13:06+08:00 ] 127.0.0.1 /think/index.php?signature=da37d6e620cb397f81f225a4a453c6e946251643&timestamp=1476857557&nonce=727388687&openid=o9jo7w1-ym1RnHmhEoZ0HIuHmr7A
INFO: [ app_init ] --START--
INFO: Run Behavior\BuildLiteBehavior [ RunTime:0.000000s ]
INFO: [ app_init ] --END-- [ RunTime:0.000000s ]
INFO: [ app_begin ] --START--
INFO: Run Behavior\ReadHtmlCacheBehavior [ RunTime:0.000000s ]
INFO: [ app_begin ] --END-- [ RunTime:0.001001s ]
NOTIC: [2] session_start(): Cannot send session cookie - headers already sent G:\WWW\think\ThinkPHP\Common\functions.php 第 1283 行.
NOTIC: [2] session_start(): Cannot send session cache limiter - headers already sent G:\WWW\think\ThinkPHP\Common\functions.php 第 1283 行.
NOTIC: [8] Undefined index: echostr G:\WWW\think\Application\Home\Controller\WeixinController.class.php 第 21 行.
INFO: [ app_end ] --START--
INFO: Run Behavior\ShowPageTraceBehavior [ RunTime:0.001000s ]
INFO: [ app_end ] --END-- [ RunTime:0.001000s ]

[ 2016-10-19T14:13:12+08:00 ] 127.0.0.1 /think/index.php?signature=94271902dd838ca876b2323a3bcb207cd5165d7d&timestamp=1476857563&nonce=1702204033&openid=o9jo7w1-ym1RnHmhEoZ0HIuHmr7A
INFO: [ app_init ] --START--
INFO: Run Behavior\BuildLiteBehavior [ RunTime:0.000000s ]
INFO: [ app_init ] --END-- [ RunTime:0.000000s ]
INFO: [ app_begin ] --START--
INFO: Run Behavior\ReadHtmlCacheBehavior [ RunTime:0.001000s ]
INFO: [ app_begin ] --END-- [ RunTime:0.001000s ]
NOTIC: [2] session_start(): Cannot send session cookie - headers already sent G:\WWW\think\ThinkPHP\Common\functions.php 第 1283 行.
NOTIC: [2] session_start(): Cannot send session cache limiter - headers already sent G:\WWW\think\ThinkPHP\Common\functions.php 第 1283 行.
NOTIC: [8] Undefined index: echostr G:\WWW\think\Application\Home\Controller\WeixinController.class.php 第 21 行.
INFO: [ app_end ] --START--
INFO: Run Behavior\ShowPageTraceBehavior [ RunTime:0.001000s ]
INFO: [ app_end ] --END-- [ RunTime:0.001000s ]

[ 2016-10-19T14:13:19+08:00 ] 127.0.0.1 /think/index.php?signature=b8037c707884b55852b0d63478cdf94cfb9a9556&timestamp=1476857570&nonce=1050547634&openid=o9jo7w1-ym1RnHmhEoZ0HIuHmr7A
INFO: [ app_init ] --START--
INFO: Run Behavior\BuildLiteBehavior [ RunTime:0.000000s ]
INFO: [ app_init ] --END-- [ RunTime:0.001000s ]
INFO: [ app_begin ] --START--
INFO: Run Behavior\ReadHtmlCacheBehavior [ RunTime:0.001000s ]
INFO: [ app_begin ] --END-- [ RunTime:0.001000s ]
NOTIC: [2] session_start(): Cannot send session cookie - headers already sent G:\WWW\think\ThinkPHP\Common\functions.php 第 1283 行.
NOTIC: [2] session_start(): Cannot send session cache limiter - headers already sent G:\WWW\think\ThinkPHP\Common\functions.php 第 1283 行.
NOTIC: [8] Undefined index: echostr G:\WWW\think\Application\Home\Controller\WeixinController.class.php 第 21 行.
INFO: [ app_end ] --START--
INFO: Run Behavior\ShowPageTraceBehavior [ RunTime:0.001000s ]
INFO: [ app_end ] --END-- [ RunTime:0.001000s ]

[ 2016-10-19T14:13:35+08:00 ] 127.0.0.1 /think/index.php?signature=449f27e5aaf71892e936159b7e0a9be1b8877915&timestamp=1476857586&nonce=124102086&openid=o9jo7w1-ym1RnHmhEoZ0HIuHmr7A
INFO: [ app_init ] --START--
INFO: Run Behavior\BuildLiteBehavior [ RunTime:0.000000s ]
INFO: [ app_init ] --END-- [ RunTime:0.001000s ]
INFO: [ app_begin ] --START--
INFO: Run Behavior\ReadHtmlCacheBehavior [ RunTime:0.001000s ]
INFO: [ app_begin ] --END-- [ RunTime:0.001000s ]
NOTIC: [2] session_start(): Cannot send session cookie - headers already sent G:\WWW\think\ThinkPHP\Common\functions.php 第 1283 行.
NOTIC: [2] session_start(): Cannot send session cache limiter - headers already sent G:\WWW\think\ThinkPHP\Common\functions.php 第 1283 行.
NOTIC: [8] Undefined index: echostr G:\WWW\think\Application\Home\Controller\WeixinController.class.php 第 21 行.
INFO: [ app_end ] --START--
INFO: Run Behavior\ShowPageTraceBehavior [ RunTime:0.000000s ]
INFO: [ app_end ] --END-- [ RunTime:0.000000s ]

[ 2016-10-19T14:13:51+08:00 ] 127.0.0.1 /think/index.php?signature=045603d80956fb250a788ae4b30fa38c57dcf87e&timestamp=1476857602&nonce=382675997&openid=oXOVQwGq8MLjmms0DDiD8Zp_YDe4
INFO: [ app_init ] --START--
INFO: Run Behavior\BuildLiteBehavior [ RunTime:0.000000s ]
INFO: [ app_init ] --END-- [ RunTime:0.001000s ]
INFO: [ app_begin ] --START--
INFO: Run Behavior\ReadHtmlCacheBehavior [ RunTime:0.001000s ]
INFO: [ app_begin ] --END-- [ RunTime:0.001000s ]
NOTIC: [2] session_start(): Cannot send session cookie - headers already sent G:\WWW\think\ThinkPHP\Common\functions.php 第 1283 行.
NOTIC: [2] session_start(): Cannot send session cache limiter - headers already sent G:\WWW\think\ThinkPHP\Common\functions.php 第 1283 行.
NOTIC: [8] Undefined index: echostr G:\WWW\think\Application\Home\Controller\WeixinController.class.php 第 21 行.
INFO: [ app_end ] --START--
INFO: Run Behavior\ShowPageTraceBehavior [ RunTime:0.001000s ]
INFO: [ app_end ] --END-- [ RunTime:0.001000s ]

[ 2016-10-19T14:15:34+08:00 ] 127.0.0.1 /think/index.php?signature=31abdf7f45f77f313d294a0b889c02dece77b3cc&timestamp=1476857705&nonce=435027854&openid=oXOVQwGq8MLjmms0DDiD8Zp_YDe4
INFO: [ app_init ] --START--
INFO: Run Behavior\BuildLiteBehavior [ RunTime:0.000000s ]
INFO: [ app_init ] --END-- [ RunTime:0.000000s ]
INFO: [ app_begin ] --START--
INFO: Run Behavior\ReadHtmlCacheBehavior [ RunTime:0.001000s ]
INFO: [ app_begin ] --END-- [ RunTime:0.001000s ]
NOTIC: [2] session_start(): Cannot send session cookie - headers already sent G:\WWW\think\ThinkPHP\Common\functions.php 第 1283 行.
NOTIC: [2] session_start(): Cannot send session cache limiter - headers already sent G:\WWW\think\ThinkPHP\Common\functions.php 第 1283 行.
NOTIC: [8] Undefined index: echostr G:\WWW\think\Application\Home\Controller\WeixinController.class.php 第 21 行.
NOTIC: [2] sprintf(): Too few arguments G:\WWW\think\Application\Home\Controller\WeixinController.class.php 第 175 行.
INFO: [ app_end ] --START--
INFO: Run Behavior\ShowPageTraceBehavior [ RunTime:0.001000s ]
INFO: [ app_end ] --END-- [ RunTime:0.001000s ]

[ 2016-10-19T14:15:50+08:00 ] 127.0.0.1 /think/index.php?signature=c298d6a4ba53186646224ef4cc8c108c39118fef&timestamp=1476857721&nonce=1246219219&openid=oXOVQwGq8MLjmms0DDiD8Zp_YDe4
INFO: [ app_init ] --START--
INFO: Run Behavior\BuildLiteBehavior [ RunTime:0.000000s ]
INFO: [ app_init ] --END-- [ RunTime:0.001000s ]
INFO: [ app_begin ] --START--
INFO: Run Behavior\ReadHtmlCacheBehavior [ RunTime:0.000000s ]
INFO: [ app_begin ] --END-- [ RunTime:0.000000s ]
NOTIC: [2] session_start(): Cannot send session cookie - headers already sent G:\WWW\think\ThinkPHP\Common\functions.php 第 1283 行.
NOTIC: [2] session_start(): Cannot send session cache limiter - headers already sent G:\WWW\think\ThinkPHP\Common\functions.php 第 1283 行.
NOTIC: [8] Undefined index: echostr G:\WWW\think\Application\Home\Controller\WeixinController.class.php 第 21 行.
NOTIC: [8] Undefined variable: content G:\WWW\think\Application\Home\Controller\WeixinController.class.php 第 138 行.
NOTIC: [2] sprintf(): Too few arguments G:\WWW\think\Application\Home\Controller\WeixinController.class.php 第 173 行.
INFO: [ app_end ] --START--
INFO: Run Behavior\ShowPageTraceBehavior [ RunTime:0.001000s ]
INFO: [ app_end ] --END-- [ RunTime:0.001000s ]

[ 2016-10-19T14:19:28+08:00 ] 127.0.0.1 /think/index.php?signature=100b5039c473d62b99c2ac856d897dbba943a379&timestamp=1476857939&nonce=322967059&openid=oXOVQwGq8MLjmms0DDiD8Zp_YDe4
INFO: [ app_init ] --START--
INFO: Run Behavior\BuildLiteBehavior [ RunTime:0.000000s ]
INFO: [ app_init ] --END-- [ RunTime:0.001000s ]
INFO: [ app_begin ] --START--
INFO: Run Behavior\ReadHtmlCacheBehavior [ RunTime:0.000000s ]
INFO: [ app_begin ] --END-- [ RunTime:0.000000s ]
NOTIC: [2] session_start(): Cannot send session cookie - headers already sent G:\WWW\think\ThinkPHP\Common\functions.php 第 1283 行.
NOTIC: [2] session_start(): Cannot send session cache limiter - headers already sent G:\WWW\think\ThinkPHP\Common\functions.php 第 1283 行.
NOTIC: [8] Undefined index: echostr G:\WWW\think\Application\Home\Controller\WeixinController.class.php 第 21 行.
NOTIC: [8] Undefined variable: content G:\WWW\think\Application\Home\Controller\WeixinController.class.php 第 138 行.
INFO: [ app_end ] --START--
INFO: Run Behavior\ShowPageTraceBehavior [ RunTime:0.000000s ]
INFO: [ app_end ] --END-- [ RunTime:0.000000s ]

[ 2016-10-19T14:19:32+08:00 ] 127.0.0.1 /think/index.php?signature=409dc06c503fa74774a88c6f33c4b5250e014cc8&timestamp=1476857944&nonce=1629867264&openid=oXOVQwGq8MLjmms0DDiD8Zp_YDe4
INFO: [ app_init ] --START--
INFO: Run Behavior\BuildLiteBehavior [ RunTime:0.000000s ]
INFO: [ app_init ] --END-- [ RunTime:0.001000s ]
INFO: [ app_begin ] --START--
INFO: Run Behavior\ReadHtmlCacheBehavior [ RunTime:0.000000s ]
INFO: [ app_begin ] --END-- [ RunTime:0.000000s ]
NOTIC: [2] session_start(): Cannot send session cookie - headers already sent G:\WWW\think\ThinkPHP\Common\functions.php 第 1283 行.
NOTIC: [2] session_start(): Cannot send session cache limiter - headers already sent G:\WWW\think\ThinkPHP\Common\functions.php 第 1283 行.
NOTIC: [8] Undefined index: echostr G:\WWW\think\Application\Home\Controller\WeixinController.class.php 第 21 行.
NOTIC: [8] Undefined variable: content G:\WWW\think\Application\Home\Controller\WeixinController.class.php 第 138 行.
INFO: [ app_end ] --START--
INFO: Run Behavior\ShowPageTraceBehavior [ RunTime:0.000000s ]
INFO: [ app_end ] --END-- [ RunTime:0.000000s ]

[ 2016-10-19T14:19:44+08:00 ] 127.0.0.1 /think/index.php?signature=cce38ab767fff7e3dcdc5cbde56b099a52ca8706&timestamp=1476857955&nonce=399504264&openid=oXOVQwGq8MLjmms0DDiD8Zp_YDe4
INFO: [ app_init ] --START--
INFO: Run Behavior\BuildLiteBehavior [ RunTime:0.000000s ]
INFO: [ app_init ] --END-- [ RunTime:0.001000s ]
INFO: [ app_begin ] --START--
INFO: Run Behavior\ReadHtmlCacheBehavior [ RunTime:0.001000s ]
INFO: [ app_begin ] --END-- [ RunTime:0.001000s ]
NOTIC: [2] session_start(): Cannot send session cookie - headers already sent G:\WWW\think\ThinkPHP\Common\functions.php 第 1283 行.
NOTIC: [2] session_start(): Cannot send session cache limiter - headers already sent G:\WWW\think\ThinkPHP\Common\functions.php 第 1283 行.
NOTIC: [8] Undefined index: echostr G:\WWW\think\Application\Home\Controller\WeixinController.class.php 第 21 行.
NOTIC: [8] Undefined variable: content G:\WWW\think\Application\Home\Controller\WeixinController.class.php 第 138 行.
INFO: [ app_end ] --START--
INFO: Run Behavior\ShowPageTraceBehavior [ RunTime:0.001000s ]
INFO: [ app_end ] --END-- [ RunTime:0.001000s ]

[ 2016-10-19T14:20:22+08:00 ] 127.0.0.1 /think/index.php?signature=1ccf4fe76c9b7186fbb67e8298537700d9176fb1&timestamp=1476857993&nonce=1657492013&openid=oXOVQwGq8MLjmms0DDiD8Zp_YDe4
INFO: [ app_init ] --START--
INFO: Run Behavior\BuildLiteBehavior [ RunTime:0.000000s ]
INFO: [ app_init ] --END-- [ RunTime:0.000000s ]
INFO: [ app_begin ] --START--
INFO: Run Behavior\ReadHtmlCacheBehavior [ RunTime:0.000000s ]
INFO: [ app_begin ] --END-- [ RunTime:0.001000s ]
NOTIC: [2] session_start(): Cannot send session cookie - headers already sent G:\WWW\think\ThinkPHP\Common\functions.php 第 1283 行.
NOTIC: [2] session_start(): Cannot send session cache limiter - headers already sent G:\WWW\think\ThinkPHP\Common\functions.php 第 1283 行.
NOTIC: [8] Undefined index: echostr G:\WWW\think\Application\Home\Controller\WeixinController.class.php 第 21 行.
NOTIC: [8] Undefined variable: content G:\WWW\think\Application\Home\Controller\WeixinController.class.php 第 138 行.
INFO: [ app_end ] --START--
INFO: Run Behavior\ShowPageTraceBehavior [ RunTime:0.001000s ]
INFO: [ app_end ] --END-- [ RunTime:0.001000s ]

[ 2016-10-19T14:20:54+08:00 ] 127.0.0.1 /think/index.php?signature=c37a0047f1e05d861c1c2458577592f37ef0f8d2&timestamp=1476858026&nonce=288341349&openid=oXOVQwGq8MLjmms0DDiD8Zp_YDe4
INFO: [ app_init ] --START--
INFO: Run Behavior\BuildLiteBehavior [ RunTime:0.000000s ]
INFO: [ app_init ] --END-- [ RunTime:0.000000s ]
INFO: [ app_begin ] --START--
INFO: Run Behavior\ReadHtmlCacheBehavior [ RunTime:0.001001s ]
INFO: [ app_begin ] --END-- [ RunTime:0.001001s ]
NOTIC: [2] session_start(): Cannot send session cookie - headers already sent G:\WWW\think\ThinkPHP\Common\functions.php 第 1283 行.
NOTIC: [2] session_start(): Cannot send session cache limiter - headers already sent G:\WWW\think\ThinkPHP\Common\functions.php 第 1283 行.
NOTIC: [8] Undefined index: echostr G:\WWW\think\Application\Home\Controller\WeixinController.class.php 第 21 行.
NOTIC: [8] Undefined variable: content G:\WWW\think\Application\Home\Controller\WeixinController.class.php 第 138 行.
INFO: [ app_end ] --START--
INFO: Run Behavior\ShowPageTraceBehavior [ RunTime:0.000000s ]
INFO: [ app_end ] --END-- [ RunTime:0.001000s ]

[ 2016-10-19T14:20:59+08:00 ] 127.0.0.1 /think/index.php?signature=c223313cc0592cf9fbd65d31f92dcbc517079c2d&timestamp=1476858030&nonce=497993248&openid=oXOVQwGq8MLjmms0DDiD8Zp_YDe4
INFO: [ app_init ] --START--
INFO: Run Behavior\BuildLiteBehavior [ RunTime:0.000000s ]
INFO: [ app_init ] --END-- [ RunTime:0.002000s ]
INFO: [ app_begin ] --START--
INFO: Run Behavior\ReadHtmlCacheBehavior [ RunTime:0.001000s ]
INFO: [ app_begin ] --END-- [ RunTime:0.001000s ]
NOTIC: [2] session_start(): Cannot send session cookie - headers already sent G:\WWW\think\ThinkPHP\Common\functions.php 第 1283 行.
NOTIC: [2] session_start(): Cannot send session cache limiter - headers already sent G:\WWW\think\ThinkPHP\Common\functions.php 第 1283 行.
NOTIC: [8] Undefined index: echostr G:\WWW\think\Application\Home\Controller\WeixinController.class.php 第 21 行.
NOTIC: [8] Undefined variable: content G:\WWW\think\Application\Home\Controller\WeixinController.class.php 第 138 行.
INFO: [ app_end ] --START--
INFO: Run Behavior\ShowPageTraceBehavior [ RunTime:0.002000s ]
INFO: [ app_end ] --END-- [ RunTime:0.002000s ]

[ 2016-10-19T14:21:44+08:00 ] 127.0.0.1 /think/index.php?signature=3c7d95009f084cc13dacd8a8d353f2db3937c103&timestamp=1476858076&nonce=933305645&openid=oXOVQwGq8MLjmms0DDiD8Zp_YDe4
INFO: [ app_init ] --START--
INFO: Run Behavior\BuildLiteBehavior [ RunTime:0.000000s ]
INFO: [ app_init ] --END-- [ RunTime:0.000000s ]
INFO: [ app_begin ] --START--
INFO: Run Behavior\ReadHtmlCacheBehavior [ RunTime:0.001000s ]
INFO: [ app_begin ] --END-- [ RunTime:0.001000s ]
NOTIC: [2] session_start(): Cannot send session cookie - headers already sent G:\WWW\think\ThinkPHP\Common\functions.php 第 1283 行.
NOTIC: [2] session_start(): Cannot send session cache limiter - headers already sent G:\WWW\think\ThinkPHP\Common\functions.php 第 1283 行.
NOTIC: [8] Undefined index: echostr G:\WWW\think\Application\Home\Controller\WeixinController.class.php 第 21 行.
INFO: [ app_end ] --START--
INFO: Run Behavior\ShowPageTraceBehavior [ RunTime:0.001000s ]
INFO: [ app_end ] --END-- [ RunTime:0.001000s ]

[ 2016-10-19T14:21:54+08:00 ] 127.0.0.1 /think/index.php?signature=9c311f72106c202a90c447ced7afe46cacbd963b&timestamp=1476858085&nonce=1028483695&openid=oXOVQwGq8MLjmms0DDiD8Zp_YDe4
INFO: [ app_init ] --START--
INFO: Run Behavior\BuildLiteBehavior [ RunTime:0.000000s ]
INFO: [ app_init ] --END-- [ RunTime:0.001000s ]
INFO: [ app_begin ] --START--
INFO: Run Behavior\ReadHtmlCacheBehavior [ RunTime:0.000000s ]
INFO: [ app_begin ] --END-- [ RunTime:0.000000s ]
NOTIC: [2] session_start(): Cannot send session cookie - headers already sent G:\WWW\think\ThinkPHP\Common\functions.php 第 1283 行.
NOTIC: [2] session_start(): Cannot send session cache limiter - headers already sent G:\WWW\think\ThinkPHP\Common\functions.php 第 1283 行.
NOTIC: [8] Undefined index: echostr G:\WWW\think\Application\Home\Controller\WeixinController.class.php 第 21 行.
INFO: [ app_end ] --START--
INFO: Run Behavior\ShowPageTraceBehavior [ RunTime:0.001000s ]
INFO: [ app_end ] --END-- [ RunTime:0.001000s ]

[ 2016-10-19T14:21:56+08:00 ] 127.0.0.1 /think/index.php?signature=d8fe413040f13ce86f876fb17f1c3675d36e7f18&timestamp=1476858087&nonce=1267715797&openid=oXOVQwGq8MLjmms0DDiD8Zp_YDe4
INFO: [ app_init ] --START--
INFO: Run Behavior\BuildLiteBehavior [ RunTime:0.001001s ]
INFO: [ app_init ] --END-- [ RunTime:0.002001s ]
INFO: [ app_begin ] --START--
INFO: Run Behavior\ReadHtmlCacheBehavior [ RunTime:0.001000s ]
INFO: [ app_begin ] --END-- [ RunTime:0.001000s ]
NOTIC: [2] session_start(): Cannot send session cookie - headers already sent G:\WWW\think\ThinkPHP\Common\functions.php 第 1283 行.
NOTIC: [2] session_start(): Cannot send session cache limiter - headers already sent G:\WWW\think\ThinkPHP\Common\functions.php 第 1283 行.
NOTIC: [8] Undefined index: echostr G:\WWW\think\Application\Home\Controller\WeixinController.class.php 第 21 行.
INFO: [ app_end ] --START--
INFO: Run Behavior\ShowPageTraceBehavior [ RunTime:0.001000s ]
INFO: [ app_end ] --END-- [ RunTime:0.001000s ]

[ 2016-10-19T14:21:58+08:00 ] 127.0.0.1 /think/index.php?signature=0eb046018738f75c3af6e1344bb82693d80084ec&timestamp=1476858089&nonce=1092319105&openid=oXOVQwGq8MLjmms0DDiD8Zp_YDe4
INFO: [ app_init ] --START--
INFO: Run Behavior\BuildLiteBehavior [ RunTime:0.000000s ]
INFO: [ app_init ] --END-- [ RunTime:0.000000s ]
INFO: [ app_begin ] --START--
INFO: Run Behavior\ReadHtmlCacheBehavior [ RunTime:0.001000s ]
INFO: [ app_begin ] --END-- [ RunTime:0.001000s ]
NOTIC: [2] session_start(): Cannot send session cookie - headers already sent G:\WWW\think\ThinkPHP\Common\functions.php 第 1283 行.
NOTIC: [2] session_start(): Cannot send session cache limiter - headers already sent G:\WWW\think\ThinkPHP\Common\functions.php 第 1283 行.
NOTIC: [8] Undefined index: echostr G:\WWW\think\Application\Home\Controller\WeixinController.class.php 第 21 行.
INFO: [ app_end ] --START--
INFO: Run Behavior\ShowPageTraceBehavior [ RunTime:0.001001s ]
INFO: [ app_end ] --END-- [ RunTime:0.001001s ]

[ 2016-10-19T14:22:31+08:00 ] 127.0.0.1 /think/index.php?signature=5254c2660497c34db2d0ba2adc48d17c3d09ebaf&timestamp=1476858122&nonce=120383036&openid=oXOVQwGq8MLjmms0DDiD8Zp_YDe4
INFO: [ app_init ] --START--
INFO: Run Behavior\BuildLiteBehavior [ RunTime:0.000000s ]
INFO: [ app_init ] --END-- [ RunTime:0.001000s ]
INFO: [ app_begin ] --START--
INFO: Run Behavior\ReadHtmlCacheBehavior [ RunTime:0.000000s ]
INFO: [ app_begin ] --END-- [ RunTime:0.000000s ]
NOTIC: [2] session_start(): Cannot send session cookie - headers already sent G:\WWW\think\ThinkPHP\Common\functions.php 第 1283 行.
NOTIC: [2] session_start(): Cannot send session cache limiter - headers already sent G:\WWW\think\ThinkPHP\Common\functions.php 第 1283 行.
NOTIC: [8] Undefined index: echostr G:\WWW\think\Application\Home\Controller\WeixinController.class.php 第 21 行.
INFO: [ app_end ] --START--
INFO: Run Behavior\ShowPageTraceBehavior [ RunTime:0.001000s ]
INFO: [ app_end ] --END-- [ RunTime:0.001000s ]

[ 2016-10-19T14:23:32+08:00 ] 127.0.0.1 /think/index.php?signature=6389b9a58f29aa47eda57d12fab640df9de5ad69&timestamp=1476858183&nonce=652136975&openid=oXOVQwGq8MLjmms0DDiD8Zp_YDe4
INFO: [ app_init ] --START--
INFO: Run Behavior\BuildLiteBehavior [ RunTime:0.000000s ]
INFO: [ app_init ] --END-- [ RunTime:0.000000s ]
INFO: [ app_begin ] --START--
INFO: Run Behavior\ReadHtmlCacheBehavior [ RunTime:0.001000s ]
INFO: [ app_begin ] --END-- [ RunTime:0.001000s ]
NOTIC: [2] session_start(): Cannot send session cookie - headers already sent G:\WWW\think\ThinkPHP\Common\functions.php 第 1283 行.
NOTIC: [2] session_start(): Cannot send session cache limiter - headers already sent G:\WWW\think\ThinkPHP\Common\functions.php 第 1283 行.
NOTIC: [8] Undefined index: echostr G:\WWW\think\Application\Home\Controller\WeixinController.class.php 第 21 行.
INFO: [ app_end ] --START--
INFO: Run Behavior\ShowPageTraceBehavior [ RunTime:0.000000s ]
INFO: [ app_end ] --END-- [ RunTime:0.000000s ]

[ 2016-10-19T14:23:35+08:00 ] 127.0.0.1 /think/index.php?signature=d6cdba0268e7973ffdcf1dabbd106c6beb3ac7bb&timestamp=1476858186&nonce=1406026331&openid=oXOVQwGq8MLjmms0DDiD8Zp_YDe4
INFO: [ app_init ] --START--
INFO: Run Behavior\BuildLiteBehavior [ RunTime:0.000000s ]
INFO: [ app_init ] --END-- [ RunTime:0.001001s ]
INFO: [ app_begin ] --START--
INFO: Run Behavior\ReadHtmlCacheBehavior [ RunTime:0.001000s ]
INFO: [ app_begin ] --END-- [ RunTime:0.002000s ]
NOTIC: [2] session_start(): Cannot send session cookie - headers already sent G:\WWW\think\ThinkPHP\Common\functions.php 第 1283 行.
NOTIC: [2] session_start(): Cannot send session cache limiter - headers already sent G:\WWW\think\ThinkPHP\Common\functions.php 第 1283 行.
NOTIC: [8] Undefined index: echostr G:\WWW\think\Application\Home\Controller\WeixinController.class.php 第 21 行.
NOTIC: [8] Undefined variable: template G:\WWW\think\Application\Home\Controller\WeixinController.class.php 第 165 行.
INFO: [ app_end ] --START--
INFO: Run Behavior\ShowPageTraceBehavior [ RunTime:0.001000s ]
INFO: [ app_end ] --END-- [ RunTime:0.001000s ]

[ 2016-10-19T14:24:08+08:00 ] 127.0.0.1 /think/index.php?signature=3918a4fd9505b481604ca9eb63d412b553c206e7&timestamp=1476858219&nonce=1624809875&openid=oXOVQwGq8MLjmms0DDiD8Zp_YDe4
INFO: [ app_init ] --START--
INFO: Run Behavior\BuildLiteBehavior [ RunTime:0.000000s ]
INFO: [ app_init ] --END-- [ RunTime:0.001000s ]
INFO: [ app_begin ] --START--
INFO: Run Behavior\ReadHtmlCacheBehavior [ RunTime:0.001000s ]
INFO: [ app_begin ] --END-- [ RunTime:0.001000s ]
NOTIC: [2] session_start(): Cannot send session cookie - headers already sent G:\WWW\think\ThinkPHP\Common\functions.php 第 1283 行.
NOTIC: [2] session_start(): Cannot send session cache limiter - headers already sent G:\WWW\think\ThinkPHP\Common\functions.php 第 1283 行.
NOTIC: [8] Undefined index: echostr G:\WWW\think\Application\Home\Controller\WeixinController.class.php 第 21 行.
INFO: [ app_end ] --START--
INFO: Run Behavior\ShowPageTraceBehavior [ RunTime:0.001000s ]
INFO: [ app_end ] --END-- [ RunTime:0.001000s ]

[ 2016-10-19T14:24:27+08:00 ] 127.0.0.1 /think/index.php?signature=40d6cd9338bdbcd34d466106b4a03016fa12019e&timestamp=1476858238&nonce=874244509&openid=oXOVQwGq8MLjmms0DDiD8Zp_YDe4
INFO: [ app_init ] --START--
INFO: Run Behavior\BuildLiteBehavior [ RunTime:0.000000s ]
INFO: [ app_init ] --END-- [ RunTime:0.000000s ]
INFO: [ app_begin ] --START--
INFO: Run Behavior\ReadHtmlCacheBehavior [ RunTime:0.000000s ]
INFO: [ app_begin ] --END-- [ RunTime:0.000000s ]
NOTIC: [2] session_start(): Cannot send session cookie - headers already sent G:\WWW\think\ThinkPHP\Common\functions.php 第 1283 行.
NOTIC: [2] session_start(): Cannot send session cache limiter - headers already sent G:\WWW\think\ThinkPHP\Common\functions.php 第 1283 行.
NOTIC: [8] Undefined index: echostr G:\WWW\think\Application\Home\Controller\WeixinController.class.php 第 21 行.
INFO: [ app_end ] --START--
INFO: Run Behavior\ShowPageTraceBehavior [ RunTime:0.001000s ]
INFO: [ app_end ] --END-- [ RunTime:0.001000s ]

[ 2016-10-19T14:24:38+08:00 ] 127.0.0.1 /think/index.php?signature=7dba8e65266d8aad83379fbe422be93bc9d726bd&timestamp=1476858250&nonce=2031220474&openid=oXOVQwGq8MLjmms0DDiD8Zp_YDe4
INFO: [ app_init ] --START--
INFO: Run Behavior\BuildLiteBehavior [ RunTime:0.000000s ]
INFO: [ app_init ] --END-- [ RunTime:0.001000s ]
INFO: [ app_begin ] --START--
INFO: Run Behavior\ReadHtmlCacheBehavior [ RunTime:0.001000s ]
INFO: [ app_begin ] --END-- [ RunTime:0.001000s ]
NOTIC: [2] session_start(): Cannot send session cookie - headers already sent G:\WWW\think\ThinkPHP\Common\functions.php 第 1283 行.
NOTIC: [2] session_start(): Cannot send session cache limiter - headers already sent G:\WWW\think\ThinkPHP\Common\functions.php 第 1283 行.
NOTIC: [8] Undefined index: echostr G:\WWW\think\Application\Home\Controller\WeixinController.class.php 第 21 行.
INFO: [ app_end ] --START--
INFO: Run Behavior\ShowPageTraceBehavior [ RunTime:0.001000s ]
INFO: [ app_end ] --END-- [ RunTime:0.001000s ]

[ 2016-10-19T14:29:13+08:00 ] 127.0.0.1 /think/index.php?signature=9b0acbde38a12328f4c0ad21b6fb19f06e43301e&timestamp=1476858524&nonce=47240765&openid=oXOVQwGq8MLjmms0DDiD8Zp_YDe4
INFO: [ app_init ] --START--
INFO: Run Behavior\BuildLiteBehavior [ RunTime:0.000000s ]
INFO: [ app_init ] --END-- [ RunTime:0.001001s ]
INFO: [ app_begin ] --START--
INFO: Run Behavior\ReadHtmlCacheBehavior [ RunTime:0.001000s ]
INFO: [ app_begin ] --END-- [ RunTime:0.001000s ]
NOTIC: [2] session_start(): Cannot send session cookie - headers already sent G:\WWW\think\ThinkPHP\Common\functions.php 第 1283 行.
NOTIC: [2] session_start(): Cannot send session cache limiter - headers already sent G:\WWW\think\ThinkPHP\Common\functions.php 第 1283 行.
NOTIC: [8] Undefined index: echostr G:\WWW\think\Application\Home\Controller\WeixinController.class.php 第 21 行.
INFO: [ app_end ] --START--
INFO: Run Behavior\ShowPageTraceBehavior [ RunTime:0.001000s ]
INFO: [ app_end ] --END-- [ RunTime:0.001000s ]

[ 2016-10-19T14:29:40+08:00 ] 127.0.0.1 /think/index.php?signature=aa6d9e01b51c24c336d2c3d78c8f6d3e6609ec9b&timestamp=1476858551&nonce=543398818&openid=oXOVQwGq8MLjmms0DDiD8Zp_YDe4
INFO: [ app_init ] --START--
INFO: Run Behavior\BuildLiteBehavior [ RunTime:0.000000s ]
INFO: [ app_init ] --END-- [ RunTime:0.001000s ]
INFO: [ app_begin ] --START--
INFO: Run Behavior\ReadHtmlCacheBehavior [ RunTime:0.001000s ]
INFO: [ app_begin ] --END-- [ RunTime:0.001000s ]
NOTIC: [2] session_start(): Cannot send session cookie - headers already sent G:\WWW\think\ThinkPHP\Common\functions.php 第 1283 行.
NOTIC: [2] session_start(): Cannot send session cache limiter - headers already sent G:\WWW\think\ThinkPHP\Common\functions.php 第 1283 行.
NOTIC: [8] Undefined index: echostr G:\WWW\think\Application\Home\Controller\WeixinController.class.php 第 21 行.
INFO: [ app_end ] --START--
INFO: Run Behavior\ShowPageTraceBehavior [ RunTime:0.001000s ]
INFO: [ app_end ] --END-- [ RunTime:0.001000s ]

[ 2016-10-19T14:51:25+08:00 ] 127.0.0.1 /think/index.php?signature=3ab2f77d7ac7c2bea3bf1ac72976614fc9fabfe9&timestamp=1476859856&nonce=766101477&openid=o9jo7w1-ym1RnHmhEoZ0HIuHmr7A
INFO: [ app_init ] --START--
INFO: Run Behavior\BuildLiteBehavior [ RunTime:0.000000s ]
INFO: [ app_init ] --END-- [ RunTime:0.001000s ]
INFO: [ app_begin ] --START--
INFO: Run Behavior\ReadHtmlCacheBehavior [ RunTime:0.001000s ]
INFO: [ app_begin ] --END-- [ RunTime:0.001000s ]
NOTIC: [2] session_start(): Cannot send session cookie - headers already sent G:\WWW\think\ThinkPHP\Common\functions.php 第 1283 行.
NOTIC: [2] session_start(): Cannot send session cache limiter - headers already sent G:\WWW\think\ThinkPHP\Common\functions.php 第 1283 行.
NOTIC: [8] Undefined index: echostr G:\WWW\think\Application\Home\Controller\WeixinController.class.php 第 21 行.
INFO: [ app_end ] --START--
INFO: Run Behavior\ShowPageTraceBehavior [ RunTime:0.001000s ]
INFO: [ app_end ] --END-- [ RunTime:0.001000s ]

[ 2016-10-19T14:52:54+08:00 ] 127.0.0.1 /think/index.php?signature=722be2b3e7eb295e964ad5324f0c2262b949dff0&timestamp=1476859944&nonce=155066922&openid=o9jo7w1-ym1RnHmhEoZ0HIuHmr7A
INFO: [ app_init ] --START--
INFO: Run Behavior\BuildLiteBehavior [ RunTime:0.000000s ]
INFO: [ app_init ] --END-- [ RunTime:0.000000s ]
INFO: [ app_begin ] --START--
INFO: Run Behavior\ReadHtmlCacheBehavior [ RunTime:0.001000s ]
INFO: [ app_begin ] --END-- [ RunTime:0.001000s ]
NOTIC: [2] session_start(): Cannot send session cookie - headers already sent G:\WWW\think\ThinkPHP\Common\functions.php 第 1283 行.
NOTIC: [2] session_start(): Cannot send session cache limiter - headers already sent G:\WWW\think\ThinkPHP\Common\functions.php 第 1283 行.
NOTIC: [8] Undefined index: echostr G:\WWW\think\Application\Home\Controller\WeixinController.class.php 第 21 行.
NOTIC: [2] Cannot modify header information - headers already sent G:\WWW\think\Application\Home\Controller\WeixinController.class.php 第 298 行.
NOTIC: [8] Undefined index: access_token G:\WWW\think\Application\Home\Controller\WeixinController.class.php 第 278 行.
NOTIC: [2] curl_errno(): 27 is not a valid cURL handle resource G:\WWW\think\Application\Home\Controller\WeixinController.class.php 第 225 行.
NOTIC: [8] Array to string conversion G:\WWW\think\Application\Home\Controller\WeixinController.class.php 第 340 行.
INFO: [ app_end ] --START--
INFO: Run Behavior\ShowPageTraceBehavior [ RunTime:0.002000s ]
INFO: [ app_end ] --END-- [ RunTime:0.002000s ]

[ 2016-10-19T14:54:56+08:00 ] 127.0.0.1 /think/index.php?signature=6211f64a0d7cde961ab4548b8cb321297675c259&timestamp=1476860066&nonce=2124783567&openid=o9jo7w1-ym1RnHmhEoZ0HIuHmr7A
INFO: [ app_init ] --START--
INFO: Run Behavior\BuildLiteBehavior [ RunTime:0.000000s ]
INFO: [ app_init ] --END-- [ RunTime:0.001000s ]
INFO: [ app_begin ] --START--
INFO: Run Behavior\ReadHtmlCacheBehavior [ RunTime:0.001000s ]
INFO: [ app_begin ] --END-- [ RunTime:0.001000s ]
NOTIC: [2] session_start(): Cannot send session cookie - headers already sent G:\WWW\think\ThinkPHP\Common\functions.php 第 1283 行.
NOTIC: [2] session_start(): Cannot send session cache limiter - headers already sent G:\WWW\think\ThinkPHP\Common\functions.php 第 1283 行.
NOTIC: [8] Undefined index: echostr G:\WWW\think\Application\Home\Controller\WeixinController.class.php 第 21 行.
NOTIC: [2] Cannot modify header information - headers already sent G:\WWW\think\Application\Home\Controller\WeixinController.class.php 第 302 行.
NOTIC: [8] Undefined index: access_token G:\WWW\think\Application\Home\Controller\WeixinController.class.php 第 282 行.
NOTIC: [2] curl_errno(): 27 is not a valid cURL handle resource G:\WWW\think\Application\Home\Controller\WeixinController.class.php 第 229 行.
NOTIC: [8] Array to string conversion G:\WWW\think\Application\Home\Controller\WeixinController.class.php 第 344 行.
INFO: [ app_end ] --START--
INFO: Run Behavior\ShowPageTraceBehavior [ RunTime:0.002001s ]
INFO: [ app_end ] --END-- [ RunTime:0.002001s ]

[ 2016-10-19T14:55:14+08:00 ] 127.0.0.1 /think/index.php?signature=25e038ff549027ee6a664cf94f5f227f5eb810c9&timestamp=1476860086&nonce=1157605429&openid=o9jo7w1-ym1RnHmhEoZ0HIuHmr7A
INFO: [ app_init ] --START--
INFO: Run Behavior\BuildLiteBehavior [ RunTime:0.000000s ]
INFO: [ app_init ] --END-- [ RunTime:0.001000s ]
INFO: [ app_begin ] --START--
INFO: Run Behavior\ReadHtmlCacheBehavior [ RunTime:0.001000s ]
INFO: [ app_begin ] --END-- [ RunTime:0.001000s ]
NOTIC: [2] session_start(): Cannot send session cookie - headers already sent G:\WWW\think\ThinkPHP\Common\functions.php 第 1283 行.
NOTIC: [2] session_start(): Cannot send session cache limiter - headers already sent G:\WWW\think\ThinkPHP\Common\functions.php 第 1283 行.
NOTIC: [8] Undefined index: echostr G:\WWW\think\Application\Home\Controller\WeixinController.class.php 第 21 行.

[ 2016-10-19T14:56:30+08:00 ] 127.0.0.1 /think/index.php?signature=ae85121018ed28d808815d64b576a0405be2ce5f&timestamp=1476860161&nonce=1328653754&openid=o9jo7w1-ym1RnHmhEoZ0HIuHmr7A
INFO: [ app_init ] --START--
INFO: Run Behavior\BuildLiteBehavior [ RunTime:0.000000s ]
INFO: [ app_init ] --END-- [ RunTime:0.001000s ]
INFO: [ app_begin ] --START--
INFO: Run Behavior\ReadHtmlCacheBehavior [ RunTime:0.001000s ]
INFO: [ app_begin ] --END-- [ RunTime:0.001000s ]
NOTIC: [2] session_start(): Cannot send session cookie - headers already sent G:\WWW\think\ThinkPHP\Common\functions.php 第 1283 行.
NOTIC: [2] session_start(): Cannot send session cache limiter - headers already sent G:\WWW\think\ThinkPHP\Common\functions.php 第 1283 行.
NOTIC: [8] Undefined index: echostr G:\WWW\think\Application\Home\Controller\WeixinController.class.php 第 21 行.
NOTIC: [8] Undefined index: session G:\WWW\think\Application\Home\Controller\WeixinController.class.php 第 127 行.
NOTIC: [2] Cannot modify header information - headers already sent G:\WWW\think\Application\Home\Controller\WeixinController.class.php 第 303 行.
NOTIC: [8] Undefined index: access_token G:\WWW\think\Application\Home\Controller\WeixinController.class.php 第 283 行.
NOTIC: [2] curl_errno(): 27 is not a valid cURL handle resource G:\WWW\think\Application\Home\Controller\WeixinController.class.php 第 230 行.
NOTIC: [8] Array to string conversion G:\WWW\think\Application\Home\Controller\WeixinController.class.php 第 345 行.
INFO: [ app_end ] --START--
INFO: Run Behavior\ShowPageTraceBehavior [ RunTime:0.001000s ]
INFO: [ app_end ] --END-- [ RunTime:0.001000s ]

[ 2016-10-19T14:56:49+08:00 ] 127.0.0.1 /think/index.php?signature=8fedb6883412256859b49148080540ae7695ea34&timestamp=1476860180&nonce=1099086140&openid=o9jo7w1-ym1RnHmhEoZ0HIuHmr7A
INFO: [ app_init ] --START--
INFO: Run Behavior\BuildLiteBehavior [ RunTime:0.000000s ]
INFO: [ app_init ] --END-- [ RunTime:0.000000s ]
INFO: [ app_begin ] --START--
INFO: Run Behavior\ReadHtmlCacheBehavior [ RunTime:0.000000s ]
INFO: [ app_begin ] --END-- [ RunTime:0.000000s ]
NOTIC: [2] session_start(): Cannot send session cookie - headers already sent G:\WWW\think\ThinkPHP\Common\functions.php 第 1283 行.
NOTIC: [2] session_start(): Cannot send session cache limiter - headers already sent G:\WWW\think\ThinkPHP\Common\functions.php 第 1283 行.
NOTIC: [8] Undefined index: echostr G:\WWW\think\Application\Home\Controller\WeixinController.class.php 第 21 行.
NOTIC: [2] Cannot modify header information - headers already sent G:\WWW\think\Application\Home\Controller\WeixinController.class.php 第 303 行.
NOTIC: [8] Undefined index: access_token G:\WWW\think\Application\Home\Controller\WeixinController.class.php 第 283 行.
NOTIC: [2] curl_errno(): 27 is not a valid cURL handle resource G:\WWW\think\Application\Home\Controller\WeixinController.class.php 第 230 行.
NOTIC: [8] Array to string conversion G:\WWW\think\Application\Home\Controller\WeixinController.class.php 第 345 行.
INFO: [ app_end ] --START--
INFO: Run Behavior\ShowPageTraceBehavior [ RunTime:0.002001s ]
INFO: [ app_end ] --END-- [ RunTime:0.002001s ]

[ 2016-10-19T15:00:00+08:00 ] 127.0.0.1 /think/index.php?signature=1a386060b0d1f9232375a6782e654b430e33509a&timestamp=1476860371&nonce=1564570266&openid=o9jo7w1-ym1RnHmhEoZ0HIuHmr7A
INFO: [ app_init ] --START--
INFO: Run Behavior\BuildLiteBehavior [ RunTime:0.000000s ]
INFO: [ app_init ] --END-- [ RunTime:0.001000s ]
INFO: [ app_begin ] --START--
INFO: Run Behavior\ReadHtmlCacheBehavior [ RunTime:0.001000s ]
INFO: [ app_begin ] --END-- [ RunTime:0.001000s ]
NOTIC: [2] session_start(): Cannot send session cookie - headers already sent G:\WWW\think\ThinkPHP\Common\functions.php 第 1283 行.
NOTIC: [2] session_start(): Cannot send session cache limiter - headers already sent G:\WWW\think\ThinkPHP\Common\functions.php 第 1283 行.
NOTIC: [8] Undefined index: echostr G:\WWW\think\Application\Home\Controller\WeixinController.class.php 第 21 行.

[ 2016-10-19T15:00:28+08:00 ] 127.0.0.1 /think/index.php?signature=917e4cc9d07805b60c6ecae3f3964c393387a218&timestamp=1476860399&nonce=854625162&openid=o9jo7w1-ym1RnHmhEoZ0HIuHmr7A
INFO: [ app_init ] --START--
INFO: Run Behavior\BuildLiteBehavior [ RunTime:0.000000s ]
INFO: [ app_init ] --END-- [ RunTime:0.001000s ]
INFO: [ app_begin ] --START--
INFO: Run Behavior\ReadHtmlCacheBehavior [ RunTime:0.001000s ]
INFO: [ app_begin ] --END-- [ RunTime:0.002000s ]
NOTIC: [2] session_start(): Cannot send session cookie - headers already sent G:\WWW\think\ThinkPHP\Common\functions.php 第 1283 行.
NOTIC: [2] session_start(): Cannot send session cache limiter - headers already sent G:\WWW\think\ThinkPHP\Common\functions.php 第 1283 行.
NOTIC: [8] Undefined index: echostr G:\WWW\think\Application\Home\Controller\WeixinController.class.php 第 21 行.
NOTIC: [2] curl_errno(): 27 is not a valid cURL handle resource G:\WWW\think\Application\Home\Controller\WeixinController.class.php 第 230 行.
NOTIC: [2] Cannot modify header information - headers already sent G:\WWW\think\Application\Home\Controller\WeixinController.class.php 第 310 行.
NOTIC: [8] Undefined index: access_token G:\WWW\think\Application\Home\Controller\WeixinController.class.php 第 283 行.
NOTIC: [2] curl_errno(): 28 is not a valid cURL handle resource G:\WWW\think\Application\Home\Controller\WeixinController.class.php 第 230 行.
NOTIC: [8] Array to string conversion G:\WWW\think\Application\Home\Controller\WeixinController.class.php 第 352 行.
INFO: [ app_end ] --START--
INFO: Run Behavior\ShowPageTraceBehavior [ RunTime:0.001000s ]
INFO: [ app_end ] --END-- [ RunTime:0.002000s ]

[ 2016-10-19T15:06:06+08:00 ] 127.0.0.1 /think/
INFO: [ app_init ] --START--
INFO: Run Behavior\BuildLiteBehavior [ RunTime:0.000000s ]
INFO: [ app_init ] --END-- [ RunTime:0.000000s ]
INFO: [ app_begin ] --START--
INFO: Run Behavior\ReadHtmlCacheBehavior [ RunTime:0.001000s ]
INFO: [ app_begin ] --END-- [ RunTime:0.001000s ]

[ 2016-10-19T15:08:33+08:00 ] 127.0.0.1 /think/index.php?signature=3f43fda10d3cdefb05df658b14d4f5d6ea19d7a8&timestamp=1476860882&nonce=1582582426&openid=o9jo7w1-ym1RnHmhEoZ0HIuHmr7A
INFO: [ app_init ] --START--
INFO: Run Behavior\BuildLiteBehavior [ RunTime:0.000000s ]
INFO: [ app_init ] --END-- [ RunTime:0.002000s ]
INFO: [ app_begin ] --START--
INFO: Run Behavior\ReadHtmlCacheBehavior [ RunTime:0.002001s ]
INFO: [ app_begin ] --END-- [ RunTime:0.002001s ]
NOTIC: [2] session_start(): Cannot send session cookie - headers already sent G:\WWW\think\ThinkPHP\Common\functions.php 第 1283 行.
NOTIC: [2] session_start(): Cannot send session cache limiter - headers already sent G:\WWW\think\ThinkPHP\Common\functions.php 第 1283 行.
NOTIC: [8] Undefined index: echostr G:\WWW\think\Application\Home\Controller\WeixinController.class.php 第 21 行.
NOTIC: [2] curl_errno(): 27 is not a valid cURL handle resource G:\WWW\think\Application\Home\Controller\WeixinController.class.php 第 230 行.
NOTIC: [2] Cannot modify header information - headers already sent G:\WWW\think\Application\Home\Controller\WeixinController.class.php 第 316 行.
NOTIC: [8] Undefined index: access_token G:\WWW\think\Application\Home\Controller\WeixinController.class.php 第 283 行.
NOTIC: [2] curl_errno(): 28 is not a valid cURL handle resource G:\WWW\think\Application\Home\Controller\WeixinController.class.php 第 230 行.
NOTIC: [8] Array to string conversion G:\WWW\think\Application\Home\Controller\WeixinController.class.php 第 358 行.
INFO: [ app_end ] --START--
INFO: Run Behavior\ShowPageTraceBehavior [ RunTime:0.001001s ]
INFO: [ app_end ] --END-- [ RunTime:0.001001s ]

[ 2016-10-19T15:11:28+08:00 ] 127.0.0.1 /think/index.php?signature=3816bd485ce5fb993fe1b4160c537fe5978b4a7f&timestamp=1476861058&nonce=161275139&openid=o9jo7w1-ym1RnHmhEoZ0HIuHmr7A
INFO: [ app_init ] --START--
INFO: Run Behavior\BuildLiteBehavior [ RunTime:0.000000s ]
INFO: [ app_init ] --END-- [ RunTime:0.001000s ]
INFO: [ app_begin ] --START--
INFO: Run Behavior\ReadHtmlCacheBehavior [ RunTime:0.002000s ]
INFO: [ app_begin ] --END-- [ RunTime:0.002000s ]
NOTIC: [2] session_start(): Cannot send session cookie - headers already sent G:\WWW\think\ThinkPHP\Common\functions.php 第 1283 行.
NOTIC: [2] session_start(): Cannot send session cache limiter - headers already sent G:\WWW\think\ThinkPHP\Common\functions.php 第 1283 行.
NOTIC: [8] Undefined index: echostr G:\WWW\think\Application\Home\Controller\WeixinController.class.php 第 21 行.
NOTIC: [2] curl_errno(): 27 is not a valid cURL handle resource G:\WWW\think\Application\Home\Controller\WeixinController.class.php 第 230 行.
NOTIC: [2] Cannot modify header information - headers already sent G:\WWW\think\Application\Home\Controller\WeixinController.class.php 第 317 行.
NOTIC: [8] Undefined index: access_token G:\WWW\think\Application\Home\Controller\WeixinController.class.php 第 283 行.
NOTIC: [2] curl_errno(): 28 is not a valid cURL handle resource G:\WWW\think\Application\Home\Controller\WeixinController.class.php 第 230 行.
NOTIC: [8] Array to string conversion G:\WWW\think\Application\Home\Controller\WeixinController.class.php 第 359 行.
INFO: [ app_end ] --START--
INFO: Run Behavior\ShowPageTraceBehavior [ RunTime:0.001000s ]
INFO: [ app_end ] --END-- [ RunTime:0.001000s ]

[ 2016-10-19T15:13:05+08:00 ] 127.0.0.1 /think/index.php?signature=6d6e691c8956a9a82d23e509b76b3b9f8fc2b4db&timestamp=1476861155&nonce=1923352421&openid=o9jo7w1-ym1RnHmhEoZ0HIuHmr7A
INFO: [ app_init ] --START--
INFO: Run Behavior\BuildLiteBehavior [ RunTime:0.000000s ]
INFO: [ app_init ] --END-- [ RunTime:0.001000s ]
INFO: [ app_begin ] --START--
INFO: Run Behavior\ReadHtmlCacheBehavior [ RunTime:0.001000s ]
INFO: [ app_begin ] --END-- [ RunTime:0.001000s ]
NOTIC: [2] session_start(): Cannot send session cookie - headers already sent G:\WWW\think\ThinkPHP\Common\functions.php 第 1283 行.
NOTIC: [2] session_start(): Cannot send session cache limiter - headers already sent G:\WWW\think\ThinkPHP\Common\functions.php 第 1283 行.
NOTIC: [8] Undefined index: echostr G:\WWW\think\Application\Home\Controller\WeixinController.class.php 第 21 行.
NOTIC: [8] Undefined index: access_token G:\WWW\think\Application\Home\Controller\WeixinController.class.php 第 283 行.
NOTIC: [2] curl_errno(): 27 is not a valid cURL handle resource G:\WWW\think\Application\Home\Controller\WeixinController.class.php 第 230 行.
NOTIC: [2] Cannot modify header information - headers already sent G:\WWW\think\Application\Home\Controller\WeixinController.class.php 第 318 行.
NOTIC: [2] curl_errno(): 28 is not a valid cURL handle resource G:\WWW\think\Application\Home\Controller\WeixinController.class.php 第 230 行.
NOTIC: [8] Array to string conversion G:\WWW\think\Application\Home\Controller\WeixinController.class.php 第 360 行.
INFO: [ app_end ] --START--
INFO: Run Behavior\ShowPageTraceBehavior [ RunTime:0.002000s ]
INFO: [ app_end ] --END-- [ RunTime:0.002000s ]

[ 2016-10-19T15:15:27+08:00 ] 127.0.0.1 /think/index.php?signature=b752e7f3ec17c773cf0be4d56439d3e2643af5df&timestamp=1476861298&nonce=488857577&openid=o9jo7w1-ym1RnHmhEoZ0HIuHmr7A
INFO: [ app_init ] --START--
INFO: Run Behavior\BuildLiteBehavior [ RunTime:0.000000s ]
INFO: [ app_init ] --END-- [ RunTime:0.001000s ]
INFO: [ app_begin ] --START--
INFO: Run Behavior\ReadHtmlCacheBehavior [ RunTime:0.002000s ]
INFO: [ app_begin ] --END-- [ RunTime:0.002000s ]
NOTIC: [2] session_start(): Cannot send session cookie - headers already sent G:\WWW\think\ThinkPHP\Common\functions.php 第 1283 行.
NOTIC: [2] session_start(): Cannot send session cache limiter - headers already sent G:\WWW\think\ThinkPHP\Common\functions.php 第 1283 行.
NOTIC: [8] Undefined index: echostr G:\WWW\think\Application\Home\Controller\WeixinController.class.php 第 21 行.
NOTIC: [2] curl_errno(): 27 is not a valid cURL handle resource G:\WWW\think\Application\Home\Controller\WeixinController.class.php 第 230 行.
NOTIC: [2] Cannot modify header information - headers already sent G:\WWW\think\Application\Home\Controller\WeixinController.class.php 第 318 行.
NOTIC: [8] Undefined index: access_token G:\WWW\think\Application\Home\Controller\WeixinController.class.php 第 283 行.
NOTIC: [2] curl_errno(): 28 is not a valid cURL handle resource G:\WWW\think\Application\Home\Controller\WeixinController.class.php 第 230 行.
NOTIC: [8] Array to string conversion G:\WWW\think\Application\Home\Controller\WeixinController.class.php 第 360 行.
INFO: [ app_end ] --START--
INFO: Run Behavior\ShowPageTraceBehavior [ RunTime:0.002000s ]
INFO: [ app_end ] --END-- [ RunTime:0.002000s ]

[ 2016-10-19T15:17:42+08:00 ] 127.0.0.1 /think/index.php?signature=d0e435c4ea34048b955168c33f54eecfd145a74d&timestamp=1476861432&nonce=936333566&openid=o9jo7w1-ym1RnHmhEoZ0HIuHmr7A
INFO: [ app_init ] --START--
INFO: Run Behavior\BuildLiteBehavior [ RunTime:0.000000s ]
INFO: [ app_init ] --END-- [ RunTime:0.001000s ]
INFO: [ app_begin ] --START--
INFO: Run Behavior\ReadHtmlCacheBehavior [ RunTime:0.001000s ]
INFO: [ app_begin ] --END-- [ RunTime:0.001000s ]
NOTIC: [2] session_start(): Cannot send session cookie - headers already sent G:\WWW\think\ThinkPHP\Common\functions.php 第 1283 行.
NOTIC: [2] session_start(): Cannot send session cache limiter - headers already sent G:\WWW\think\ThinkPHP\Common\functions.php 第 1283 行.
NOTIC: [8] Undefined index: echostr G:\WWW\think\Application\Home\Controller\WeixinController.class.php 第 21 行.
NOTIC: [2] curl_errno(): 27 is not a valid cURL handle resource G:\WWW\think\Application\Home\Controller\WeixinController.class.php 第 230 行.
NOTIC: [2] Cannot modify header information - headers already sent G:\WWW\think\Application\Home\Controller\WeixinController.class.php 第 318 行.
NOTIC: [8] Undefined index: access_token G:\WWW\think\Application\Home\Controller\WeixinController.class.php 第 283 行.
NOTIC: [2] curl_errno(): 28 is not a valid cURL handle resource G:\WWW\think\Application\Home\Controller\WeixinController.class.php 第 230 行.
NOTIC: [8] Array to string conversion G:\WWW\think\Application\Home\Controller\WeixinController.class.php 第 360 行.
INFO: [ app_end ] --START--
INFO: Run Behavior\ShowPageTraceBehavior [ RunTime:0.001000s ]
INFO: [ app_end ] --END-- [ RunTime:0.001000s ]

[ 2016-10-19T15:20:19+08:00 ] 127.0.0.1 /think/index.php?signature=b23ecf3da2930254424cd514f4129a57f6fd9118&timestamp=1476861589&nonce=11373028&openid=o9jo7w1-ym1RnHmhEoZ0HIuHmr7A
INFO: [ app_init ] --START--
INFO: Run Behavior\BuildLiteBehavior [ RunTime:0.000000s ]
INFO: [ app_init ] --END-- [ RunTime:0.001000s ]
INFO: [ app_begin ] --START--
INFO: Run Behavior\ReadHtmlCacheBehavior [ RunTime:0.001000s ]
INFO: [ app_begin ] --END-- [ RunTime:0.001000s ]
NOTIC: [2] session_start(): Cannot send session cookie - headers already sent G:\WWW\think\ThinkPHP\Common\functions.php 第 1283 行.
NOTIC: [2] session_start(): Cannot send session cache limiter - headers already sent G:\WWW\think\ThinkPHP\Common\functions.php 第 1283 行.
NOTIC: [8] Undefined index: echostr G:\WWW\think\Application\Home\Controller\WeixinController.class.php 第 21 行.
NOTIC: [2] curl_errno(): 27 is not a valid cURL handle resource G:\WWW\think\Application\Home\Controller\WeixinController.class.php 第 230 行.
NOTIC: [2] Cannot modify header information - headers already sent G:\WWW\think\Application\Home\Controller\WeixinController.class.php 第 318 行.
NOTIC: [8] Undefined index: access_token G:\WWW\think\Application\Home\Controller\WeixinController.class.php 第 283 行.
NOTIC: [2] curl_errno(): 28 is not a valid cURL handle resource G:\WWW\think\Application\Home\Controller\WeixinController.class.php 第 230 行.
NOTIC: [8] Array to string conversion G:\WWW\think\Application\Home\Controller\WeixinController.class.php 第 360 行.
INFO: [ app_end ] --START--
INFO: Run Behavior\ShowPageTraceBehavior [ RunTime:0.001000s ]
INFO: [ app_end ] --END-- [ RunTime:0.001000s ]

[ 2016-10-19T15:24:20+08:00 ] 127.0.0.1 /think/index.php?signature=f0337c5127d30d9ea3f607353c5658591ad6a34f&timestamp=1476861830&nonce=350222334&openid=o9jo7w1-ym1RnHmhEoZ0HIuHmr7A
INFO: [ app_init ] --START--
INFO: Run Behavior\BuildLiteBehavior [ RunTime:0.000000s ]
INFO: [ app_init ] --END-- [ RunTime:0.001000s ]
INFO: [ app_begin ] --START--
INFO: Run Behavior\ReadHtmlCacheBehavior [ RunTime:0.000000s ]
INFO: [ app_begin ] --END-- [ RunTime:0.000000s ]
NOTIC: [2] session_start(): Cannot send session cookie - headers already sent G:\WWW\think\ThinkPHP\Common\functions.php 第 1283 行.
NOTIC: [2] session_start(): Cannot send session cache limiter - headers already sent G:\WWW\think\ThinkPHP\Common\functions.php 第 1283 行.
NOTIC: [8] Undefined index: echostr G:\WWW\think\Application\Home\Controller\WeixinController.class.php 第 21 行.
NOTIC: [2] curl_errno(): 27 is not a valid cURL handle resource G:\WWW\think\Application\Home\Controller\WeixinController.class.php 第 230 行.
NOTIC: [2] Cannot modify header information - headers already sent G:\WWW\think\Application\Home\Controller\WeixinController.class.php 第 319 行.
NOTIC: [8] Undefined index: access_token G:\WWW\think\Application\Home\Controller\WeixinController.class.php 第 283 行.
NOTIC: [2] curl_errno(): 28 is not a valid cURL handle resource G:\WWW\think\Application\Home\Controller\WeixinController.class.php 第 230 行.
NOTIC: [8] Array to string conversion G:\WWW\think\Application\Home\Controller\WeixinController.class.php 第 361 行.
INFO: [ app_end ] --START--
INFO: Run Behavior\ShowPageTraceBehavior [ RunTime:0.002000s ]
INFO: [ app_end ] --END-- [ RunTime:0.002000s ]

[ 2016-10-19T16:59:10+08:00 ] 127.0.0.1 /think/index.php?signature=f955cbbed8ee57a33d93668093f4037e25887ec5&timestamp=1476867520&nonce=1395858932&openid=o9jo7w1-ym1RnHmhEoZ0HIuHmr7A
INFO: [ app_init ] --START--
INFO: Run Behavior\BuildLiteBehavior [ RunTime:0.000000s ]
INFO: [ app_init ] --END-- [ RunTime:0.004001s ]
INFO: [ app_begin ] --START--
INFO: Run Behavior\ReadHtmlCacheBehavior [ RunTime:0.001000s ]
INFO: [ app_begin ] --END-- [ RunTime:0.001000s ]
NOTIC: [2] session_start(): Cannot send session cookie - headers already sent G:\WWW\think\ThinkPHP\Common\functions.php 第 1283 行.
NOTIC: [2] session_start(): Cannot send session cache limiter - headers already sent G:\WWW\think\ThinkPHP\Common\functions.php 第 1283 行.
NOTIC: [8] Undefined index: echostr G:\WWW\think\Application\Home\Controller\WeixinController.class.php 第 21 行.
NOTIC: [2] curl_errno(): 27 is not a valid cURL handle resource G:\WWW\think\Application\Home\Controller\WeixinController.class.php 第 231 行.
NOTIC: [2] Cannot modify header information - headers already sent G:\WWW\think\Application\Home\Controller\WeixinController.class.php 第 320 行.
NOTIC: [8] Undefined index: access_token G:\WWW\think\Application\Home\Controller\WeixinController.class.php 第 284 行.
NOTIC: [2] curl_errno(): 28 is not a valid cURL handle resource G:\WWW\think\Application\Home\Controller\WeixinController.class.php 第 231 行.
NOTIC: [8] Array to string conversion G:\WWW\think\Application\Home\Controller\WeixinController.class.php 第 362 行.
INFO: [ app_end ] --START--
INFO: Run Behavior\ShowPageTraceBehavior [ RunTime:0.002000s ]
INFO: [ app_end ] --END-- [ RunTime:0.002000s ]

[ 2016-10-19T17:01:42+08:00 ] 127.0.0.1 /think/index.php?signature=01ea549a8c94d716206bcde86125f5ab8581dd84&timestamp=1476867673&nonce=1830582316&openid=o9jo7w1-ym1RnHmhEoZ0HIuHmr7A
INFO: [ app_init ] --START--
INFO: Run Behavior\BuildLiteBehavior [ RunTime:0.000000s ]
INFO: [ app_init ] --END-- [ RunTime:0.001000s ]
INFO: [ app_begin ] --START--
INFO: Run Behavior\ReadHtmlCacheBehavior [ RunTime:0.001000s ]
INFO: [ app_begin ] --END-- [ RunTime:0.001000s ]
NOTIC: [2] session_start(): Cannot send session cookie - headers already sent G:\WWW\think\ThinkPHP\Common\functions.php 第 1283 行.
NOTIC: [2] session_start(): Cannot send session cache limiter - headers already sent G:\WWW\think\ThinkPHP\Common\functions.php 第 1283 行.
NOTIC: [8] Undefined index: echostr G:\WWW\think\Application\Home\Controller\WeixinController.class.php 第 21 行.
NOTIC: [8] Undefined index: access_token G:\WWW\think\Application\Home\Controller\WeixinController.class.php 第 284 行.
NOTIC: [2] curl_errno(): 27 is not a valid cURL handle resource G:\WWW\think\Application\Home\Controller\WeixinController.class.php 第 231 行.
NOTIC: [2] Cannot modify header information - headers already sent G:\WWW\think\Application\Home\Controller\WeixinController.class.php 第 322 行.
NOTIC: [8] Array to string conversion G:\WWW\think\Application\Home\Controller\WeixinController.class.php 第 364 行.
INFO: [ app_end ] --START--
INFO: Run Behavior\ShowPageTraceBehavior [ RunTime:0.001000s ]
INFO: [ app_end ] --END-- [ RunTime:0.001000s ]

[ 2016-10-19T17:40:03+08:00 ] 127.0.0.1 /think/index.php?signature=cd3e582955e22a653adf6ca4fa532dded3e83150&timestamp=1476869973&nonce=646152994&openid=o9jo7w1-ym1RnHmhEoZ0HIuHmr7A
INFO: [ app_init ] --START--
INFO: Run Behavior\BuildLiteBehavior [ RunTime:0.000000s ]
INFO: [ app_init ] --END-- [ RunTime:0.002000s ]
INFO: [ app_begin ] --START--
INFO: Run Behavior\ReadHtmlCacheBehavior [ RunTime:0.002000s ]
INFO: [ app_begin ] --END-- [ RunTime:0.002000s ]
NOTIC: [2] session_start(): Cannot send session cookie - headers already sent G:\WWW\think\ThinkPHP\Common\functions.php 第 1283 行.
NOTIC: [2] session_start(): Cannot send session cache limiter - headers already sent G:\WWW\think\ThinkPHP\Common\functions.php 第 1283 行.
NOTIC: [8] Undefined index: echostr G:\WWW\think\Application\Home\Controller\WeixinController.class.php 第 21 行.
NOTIC: [2] Cannot modify header information - headers already sent G:\WWW\think\Application\Home\Controller\WeixinController.class.php 第 322 行.
NOTIC: [8] Undefined index: access_token G:\WWW\think\Application\Home\Controller\WeixinController.class.php 第 284 行.
NOTIC: [2] curl_errno(): 27 is not a valid cURL handle resource G:\WWW\think\Application\Home\Controller\WeixinController.class.php 第 231 行.
NOTIC: [8] Array to string conversion G:\WWW\think\Application\Home\Controller\WeixinController.class.php 第 364 行.
INFO: [ app_end ] --START--
INFO: Run Behavior\ShowPageTraceBehavior [ RunTime:0.002000s ]
INFO: [ app_end ] --END-- [ RunTime:0.002000s ]

[ 2016-10-19T17:40:05+08:00 ] 127.0.0.1 /think/index.php?signature=4e0caf887808f684bf1e267c6c87431f45ec6cb1&timestamp=1476869975&nonce=471796794&openid=o9jo7w1-ym1RnHmhEoZ0HIuHmr7A
INFO: [ app_init ] --START--
INFO: Run Behavior\BuildLiteBehavior [ RunTime:0.000000s ]
INFO: [ app_init ] --END-- [ RunTime:0.001000s ]
INFO: [ app_begin ] --START--
INFO: Run Behavior\ReadHtmlCacheBehavior [ RunTime:0.000000s ]
INFO: [ app_begin ] --END-- [ RunTime:0.000000s ]
NOTIC: [2] session_start(): Cannot send session cookie - headers already sent G:\WWW\think\ThinkPHP\Common\functions.php 第 1283 行.
NOTIC: [2] session_start(): Cannot send session cache limiter - headers already sent G:\WWW\think\ThinkPHP\Common\functions.php 第 1283 行.
NOTIC: [8] Undefined index: echostr G:\WWW\think\Application\Home\Controller\WeixinController.class.php 第 21 行.
NOTIC: [8] Undefined index: access_token G:\WWW\think\Application\Home\Controller\WeixinController.class.php 第 284 行.
NOTIC: [2] curl_errno(): 27 is not a valid cURL handle resource G:\WWW\think\Application\Home\Controller\WeixinController.class.php 第 231 行.
NOTIC: [2] Cannot modify header information - headers already sent G:\WWW\think\Application\Home\Controller\WeixinController.class.php 第 322 行.
NOTIC: [8] Array to string conversion G:\WWW\think\Application\Home\Controller\WeixinController.class.php 第 364 行.
INFO: [ app_end ] --START--
INFO: Run Behavior\ShowPageTraceBehavior [ RunTime:0.001000s ]
INFO: [ app_end ] --END-- [ RunTime:0.001000s ]

[ 2016-10-19T18:03:05+08:00 ] 127.0.0.1 /think/index.php?signature=57f326a7d56eb57195f109c618014dbaf3a1b444&timestamp=1476871355&nonce=72952794&openid=oXOVQwFGUyqXSJ_RxXgMjFjagL0E
INFO: [ app_init ] --START--
INFO: Run Behavior\BuildLiteBehavior [ RunTime:0.000000s ]
INFO: [ app_init ] --END-- [ RunTime:0.007000s ]
INFO: [ app_begin ] --START--
INFO: Run Behavior\ReadHtmlCacheBehavior [ RunTime:0.001000s ]
INFO: [ app_begin ] --END-- [ RunTime:0.001000s ]
NOTIC: [2] session_start(): Cannot send session cookie - headers already sent G:\WWW\think\ThinkPHP\Common\functions.php 第 1283 行.
NOTIC: [2] session_start(): Cannot send session cache limiter - headers already sent G:\WWW\think\ThinkPHP\Common\functions.php 第 1283 行.
NOTIC: [8] Undefined index: echostr G:\WWW\think\Application\Home\Controller\WeixinController.class.php 第 21 行.
NOTIC: [2] Cannot modify header information - headers already sent G:\WWW\think\Application\Home\Controller\WeixinController.class.php 第 322 行.
NOTIC: [8] Undefined index: access_token G:\WWW\think\Application\Home\Controller\WeixinController.class.php 第 284 行.
NOTIC: [2] curl_errno(): 27 is not a valid cURL handle resource G:\WWW\think\Application\Home\Controller\WeixinController.class.php 第 231 行.
NOTIC: [8] Array to string conversion G:\WWW\think\Application\Home\Controller\WeixinController.class.php 第 364 行.
INFO: [ app_end ] --START--
INFO: Run Behavior\ShowPageTraceBehavior [ RunTime:0.002000s ]
INFO: [ app_end ] --END-- [ RunTime:0.002000s ]

[ 2016-10-19T18:03:50+08:00 ] 127.0.0.1 /think/index.php?signature=bed7486e0248918d7f06e18d12e1ffcc71bd4e17&timestamp=1476871401&nonce=2037708600&openid=oXOVQwFGUyqXSJ_RxXgMjFjagL0E
INFO: [ app_init ] --START--
INFO: Run Behavior\BuildLiteBehavior [ RunTime:0.000000s ]
INFO: [ app_init ] --END-- [ RunTime:0.001000s ]
INFO: [ app_begin ] --START--
INFO: Run Behavior\ReadHtmlCacheBehavior [ RunTime:0.001000s ]
INFO: [ app_begin ] --END-- [ RunTime:0.001000s ]
NOTIC: [2] session_start(): Cannot send session cookie - headers already sent G:\WWW\think\ThinkPHP\Common\functions.php 第 1283 行.
NOTIC: [2] session_start(): Cannot send session cache limiter - headers already sent G:\WWW\think\ThinkPHP\Common\functions.php 第 1283 行.
NOTIC: [8] Undefined index: echostr G:\WWW\think\Application\Home\Controller\WeixinController.class.php 第 21 行.
NOTIC: [2] Cannot modify header information - headers already sent G:\WWW\think\Application\Home\Controller\WeixinController.class.php 第 322 行.
NOTIC: [8] Undefined index: access_token G:\WWW\think\Application\Home\Controller\WeixinController.class.php 第 284 行.
NOTIC: [2] curl_errno(): 27 is not a valid cURL handle resource G:\WWW\think\Application\Home\Controller\WeixinController.class.php 第 231 行.
NOTIC: [8] Array to string conversion G:\WWW\think\Application\Home\Controller\WeixinController.class.php 第 364 行.
INFO: [ app_end ] --START--
INFO: Run Behavior\ShowPageTraceBehavior [ RunTime:0.002000s ]
INFO: [ app_end ] --END-- [ RunTime:0.002000s ]

[ 2016-10-19T18:04:27+08:00 ] 127.0.0.1 /think/index.php?signature=b5d0f7cee73dee8f52ba78a7d3587ed656586835&timestamp=1476871438&nonce=1806716319&openid=oXOVQwFGUyqXSJ_RxXgMjFjagL0E
INFO: [ app_init ] --START--
INFO: Run Behavior\BuildLiteBehavior [ RunTime:0.000000s ]
INFO: [ app_init ] --END-- [ RunTime:0.001001s ]
INFO: [ app_begin ] --START--
INFO: Run Behavior\ReadHtmlCacheBehavior [ RunTime:0.001000s ]
INFO: [ app_begin ] --END-- [ RunTime:0.001000s ]
NOTIC: [2] session_start(): Cannot send session cookie - headers already sent G:\WWW\think\ThinkPHP\Common\functions.php 第 1283 行.
NOTIC: [2] session_start(): Cannot send session cache limiter - headers already sent G:\WWW\think\ThinkPHP\Common\functions.php 第 1283 行.
NOTIC: [8] Undefined index: echostr G:\WWW\think\Application\Home\Controller\WeixinController.class.php 第 21 行.
NOTIC: [2] Cannot modify header information - headers already sent G:\WWW\think\Application\Home\Controller\WeixinController.class.php 第 322 行.
NOTIC: [8] Undefined index: access_token G:\WWW\think\Application\Home\Controller\WeixinController.class.php 第 284 行.
NOTIC: [2] curl_errno(): 27 is not a valid cURL handle resource G:\WWW\think\Application\Home\Controller\WeixinController.class.php 第 231 行.
NOTIC: [8] Array to string conversion G:\WWW\think\Application\Home\Controller\WeixinController.class.php 第 364 行.
INFO: [ app_end ] --START--
INFO: Run Behavior\ShowPageTraceBehavior [ RunTime:0.001000s ]
INFO: [ app_end ] --END-- [ RunTime:0.002000s ]

