[ 2016-10-24T09:08:09+08:00 ] 127.0.0.1 /think/index.php?signature=475b7d419d2767d7614e35fb48b027e058f762f3&timestamp=1477271258&nonce=888444583&openid=o9jo7w1-ym1RnHmhEoZ0HIuHmr7A
INFO: [ app_init ] --START--
INFO: Run Behavior\BuildLiteBehavior [ RunTime:0.000000s ]
INFO: [ app_init ] --END-- [ RunTime:0.018001s ]
INFO: [ app_begin ] --START--
INFO: Run Behavior\ReadHtmlCacheBehavior [ RunTime:0.002000s ]
INFO: [ app_begin ] --END-- [ RunTime:0.002000s ]
NOTIC: [2] session_start(): Cannot send session cookie - headers already sent G:\WWW\think\ThinkPHP\Common\functions.php 第 1283 行.
NOTIC: [2] session_start(): Cannot send session cache limiter - headers already sent G:\WWW\think\ThinkPHP\Common\functions.php 第 1283 行.
NOTIC: [8] Undefined index: echostr G:\WWW\think\Application\Home\Controller\WeixinController.class.php 第 20 行.
INFO: [ app_end ] --START--
INFO: Run Behavior\ShowPageTraceBehavior [ RunTime:0.002000s ]
INFO: [ app_end ] --END-- [ RunTime:0.002000s ]

[ 2016-10-24T09:11:15+08:00 ] 127.0.0.1 /think/index.php
INFO: [ app_init ] --START--
INFO: Run Behavior\BuildLiteBehavior [ RunTime:0.000000s ]
INFO: [ app_init ] --END-- [ RunTime:0.001000s ]
INFO: [ app_begin ] --START--
INFO: Run Behavior\ReadHtmlCacheBehavior [ RunTime:0.000000s ]
INFO: [ app_begin ] --END-- [ RunTime:0.000000s ]
NOTIC: [8] Undefined index: nonce G:\WWW\think\Application\Home\Controller\WeixinController.class.php 第 17 行.
NOTIC: [8] Undefined index: timestamp G:\WWW\think\Application\Home\Controller\WeixinController.class.php 第 19 行.
NOTIC: [8] Undefined index: echostr G:\WWW\think\Application\Home\Controller\WeixinController.class.php 第 20 行.
NOTIC: [8] Undefined index: signature G:\WWW\think\Application\Home\Controller\WeixinController.class.php 第 21 行.
NOTIC: [8] Undefined index: HTTP_RAW_POST_DATA G:\WWW\think\Application\Home\Controller\WeixinController.class.php 第 40 行.
NOTIC: [8] Trying to get property of non-object G:\WWW\think\Application\Home\Controller\WeixinController.class.php 第 57 行.
NOTIC: [8] Trying to get property of non-object G:\WWW\think\Application\Home\Controller\WeixinController.class.php 第 90 行.
NOTIC: [8] Trying to get property of non-object G:\WWW\think\Application\Home\Controller\WeixinController.class.php 第 161 行.
NOTIC: [8] Trying to get property of non-object G:\WWW\think\Application\Home\Controller\WeixinController.class.php 第 189 行.
INFO: [ app_end ] --START--
INFO: Run Behavior\ShowPageTraceBehavior [ RunTime:0.000000s ]
INFO: [ app_end ] --END-- [ RunTime:0.000000s ]

[ 2016-10-24T09:14:24+08:00 ] 127.0.0.1 /think/index.php
INFO: [ app_init ] --START--
INFO: Run Behavior\BuildLiteBehavior [ RunTime:0.000000s ]
INFO: [ app_init ] --END-- [ RunTime:0.001000s ]
INFO: [ app_begin ] --START--
INFO: Run Behavior\ReadHtmlCacheBehavior [ RunTime:0.001000s ]
INFO: [ app_begin ] --END-- [ RunTime:0.001000s ]
NOTIC: [8] Undefined index: nonce G:\WWW\think\Application\Home\Controller\WeixinController.class.php 第 17 行.
NOTIC: [8] Undefined index: timestamp G:\WWW\think\Application\Home\Controller\WeixinController.class.php 第 19 行.
NOTIC: [8] Undefined index: echostr G:\WWW\think\Application\Home\Controller\WeixinController.class.php 第 20 行.
NOTIC: [8] Undefined index: signature G:\WWW\think\Application\Home\Controller\WeixinController.class.php 第 21 行.
NOTIC: [8] Undefined index: HTTP_RAW_POST_DATA G:\WWW\think\Application\Home\Controller\WeixinController.class.php 第 40 行.
NOTIC: [8] Trying to get property of non-object G:\WWW\think\Application\Home\Controller\WeixinController.class.php 第 57 行.
NOTIC: [8] Trying to get property of non-object G:\WWW\think\Application\Home\Controller\WeixinController.class.php 第 90 行.
NOTIC: [8] Trying to get property of non-object G:\WWW\think\Application\Home\Controller\WeixinController.class.php 第 161 行.
NOTIC: [8] Trying to get property of non-object G:\WWW\think\Application\Home\Controller\WeixinController.class.php 第 189 行.
INFO: [ app_end ] --START--
INFO: Run Behavior\ShowPageTraceBehavior [ RunTime:0.001000s ]
INFO: [ app_end ] --END-- [ RunTime:0.001000s ]

[ 2016-10-24T10:00:36+08:00 ] 127.0.0.1 /think/index.php/Weixin/getMenu
INFO: [ app_init ] --START--
INFO: Run Behavior\BuildLiteBehavior [ RunTime:0.000000s ]
INFO: [ app_init ] --END-- [ RunTime:0.001000s ]
INFO: [ app_begin ] --START--
INFO: Run Behavior\ReadHtmlCacheBehavior [ RunTime:0.001000s ]
INFO: [ app_begin ] --END-- [ RunTime:0.001000s ]
NOTIC: [8] Undefined index: access_token G:\WWW\think\Application\Home\Controller\WeixinController.class.php 第 281 行.
NOTIC: [2] curl_errno(): 25 is not a valid cURL handle resource G:\WWW\think\Application\Home\Controller\WeixinController.class.php 第 254 行.
NOTIC: [2] curl_errno(): 26 is not a valid cURL handle resource G:\WWW\think\Application\Home\Controller\WeixinController.class.php 第 254 行.
INFO: [ app_end ] --START--
INFO: Run Behavior\ShowPageTraceBehavior [ RunTime:0.003001s ]
INFO: [ app_end ] --END-- [ RunTime:0.003001s ]

[ 2016-10-24T10:00:47+08:00 ] 127.0.0.1 /think/index.php/Weixin/getMenu
INFO: [ app_init ] --START--
INFO: Run Behavior\BuildLiteBehavior [ RunTime:0.000000s ]
INFO: [ app_init ] --END-- [ RunTime:0.001000s ]
INFO: [ app_begin ] --START--
INFO: Run Behavior\ReadHtmlCacheBehavior [ RunTime:0.000000s ]
INFO: [ app_begin ] --END-- [ RunTime:0.001000s ]
NOTIC: [2] curl_errno(): 25 is not a valid cURL handle resource G:\WWW\think\Application\Home\Controller\WeixinController.class.php 第 254 行.
INFO: [ app_end ] --START--
INFO: Run Behavior\ShowPageTraceBehavior [ RunTime:0.002000s ]
INFO: [ app_end ] --END-- [ RunTime:0.002000s ]

[ 2016-10-24T10:00:49+08:00 ] 127.0.0.1 /think/index.php/Weixin/getMenu
INFO: [ app_init ] --START--
INFO: Run Behavior\BuildLiteBehavior [ RunTime:0.000000s ]
INFO: [ app_init ] --END-- [ RunTime:0.001000s ]
INFO: [ app_begin ] --START--
INFO: Run Behavior\ReadHtmlCacheBehavior [ RunTime:0.002000s ]
INFO: [ app_begin ] --END-- [ RunTime:0.002000s ]
NOTIC: [2] curl_errno(): 25 is not a valid cURL handle resource G:\WWW\think\Application\Home\Controller\WeixinController.class.php 第 254 行.
INFO: [ app_end ] --START--
INFO: Run Behavior\ShowPageTraceBehavior [ RunTime:0.002000s ]
INFO: [ app_end ] --END-- [ RunTime:0.002000s ]

[ 2016-10-24T10:01:11+08:00 ] 127.0.0.1 /think/index.php/Weixin/getMenu
INFO: [ app_init ] --START--
INFO: Run Behavior\BuildLiteBehavior [ RunTime:0.000000s ]
INFO: [ app_init ] --END-- [ RunTime:0.001000s ]
INFO: [ app_begin ] --START--
INFO: Run Behavior\ReadHtmlCacheBehavior [ RunTime:0.001000s ]
INFO: [ app_begin ] --END-- [ RunTime:0.001000s ]
NOTIC: [2] curl_errno(): 25 is not a valid cURL handle resource G:\WWW\think\Application\Home\Controller\WeixinController.class.php 第 254 行.
INFO: [ app_end ] --START--
INFO: Run Behavior\ShowPageTraceBehavior [ RunTime:0.002000s ]
INFO: [ app_end ] --END-- [ RunTime:0.002000s ]

[ 2016-10-24T10:01:25+08:00 ] 127.0.0.1 /think/index.php/Weixin/getMenu
INFO: [ app_init ] --START--
INFO: Run Behavior\BuildLiteBehavior [ RunTime:0.000000s ]
INFO: [ app_init ] --END-- [ RunTime:0.001000s ]
INFO: [ app_begin ] --START--
INFO: Run Behavior\ReadHtmlCacheBehavior [ RunTime:0.001001s ]
INFO: [ app_begin ] --END-- [ RunTime:0.001001s ]
NOTIC: [2] curl_errno(): 25 is not a valid cURL handle resource G:\WWW\think\Application\Home\Controller\WeixinController.class.php 第 254 行.
INFO: [ app_end ] --START--
INFO: Run Behavior\ShowPageTraceBehavior [ RunTime:0.001000s ]
INFO: [ app_end ] --END-- [ RunTime:0.001000s ]

[ 2016-10-24T10:01:25+08:00 ] 127.0.0.1 /think/index.php/Weixin/getMenu
INFO: [ app_init ] --START--
INFO: Run Behavior\BuildLiteBehavior [ RunTime:0.000000s ]
INFO: [ app_init ] --END-- [ RunTime:0.001000s ]
INFO: [ app_begin ] --START--
INFO: Run Behavior\ReadHtmlCacheBehavior [ RunTime:0.001000s ]
INFO: [ app_begin ] --END-- [ RunTime:0.001000s ]
NOTIC: [2] curl_errno(): 25 is not a valid cURL handle resource G:\WWW\think\Application\Home\Controller\WeixinController.class.php 第 254 行.
INFO: [ app_end ] --START--
INFO: Run Behavior\ShowPageTraceBehavior [ RunTime:0.001000s ]
INFO: [ app_end ] --END-- [ RunTime:0.001000s ]

[ 2016-10-24T10:01:26+08:00 ] 127.0.0.1 /think/index.php/Weixin/getMenu
INFO: [ app_init ] --START--
INFO: Run Behavior\BuildLiteBehavior [ RunTime:0.000000s ]
INFO: [ app_init ] --END-- [ RunTime:0.001000s ]
INFO: [ app_begin ] --START--
INFO: Run Behavior\ReadHtmlCacheBehavior [ RunTime:0.001000s ]
INFO: [ app_begin ] --END-- [ RunTime:0.001000s ]
NOTIC: [2] curl_errno(): 25 is not a valid cURL handle resource G:\WWW\think\Application\Home\Controller\WeixinController.class.php 第 254 行.
INFO: [ app_end ] --START--
INFO: Run Behavior\ShowPageTraceBehavior [ RunTime:0.002001s ]
INFO: [ app_end ] --END-- [ RunTime:0.002001s ]

[ 2016-10-24T10:01:26+08:00 ] 127.0.0.1 /think/index.php/Weixin/getMenu
INFO: [ app_init ] --START--
INFO: Run Behavior\BuildLiteBehavior [ RunTime:0.000000s ]
INFO: [ app_init ] --END-- [ RunTime:0.001000s ]
INFO: [ app_begin ] --START--
INFO: Run Behavior\ReadHtmlCacheBehavior [ RunTime:0.001000s ]
INFO: [ app_begin ] --END-- [ RunTime:0.001000s ]
NOTIC: [2] curl_errno(): 25 is not a valid cURL handle resource G:\WWW\think\Application\Home\Controller\WeixinController.class.php 第 254 行.
INFO: [ app_end ] --START--
INFO: Run Behavior\ShowPageTraceBehavior [ RunTime:0.002001s ]
INFO: [ app_end ] --END-- [ RunTime:0.002001s ]

[ 2016-10-24T10:01:27+08:00 ] 127.0.0.1 /think/index.php/Weixin/getMenu
INFO: [ app_init ] --START--
INFO: Run Behavior\BuildLiteBehavior [ RunTime:0.000000s ]
INFO: [ app_init ] --END-- [ RunTime:0.000000s ]
INFO: [ app_begin ] --START--
INFO: Run Behavior\ReadHtmlCacheBehavior [ RunTime:0.000000s ]
INFO: [ app_begin ] --END-- [ RunTime:0.000000s ]
NOTIC: [2] curl_errno(): 25 is not a valid cURL handle resource G:\WWW\think\Application\Home\Controller\WeixinController.class.php 第 254 行.
INFO: [ app_end ] --START--
INFO: Run Behavior\ShowPageTraceBehavior [ RunTime:0.002000s ]
INFO: [ app_end ] --END-- [ RunTime:0.002000s ]

[ 2016-10-24T10:02:34+08:00 ] 127.0.0.1 /think/index.php?signature=77d3c85bf2e87cf4015b55cdc6dbd7ad300f1858&timestamp=1477274524&nonce=599135875&openid=o9jo7w1-ym1RnHmhEoZ0HIuHmr7A
INFO: [ app_init ] --START--
INFO: Run Behavior\BuildLiteBehavior [ RunTime:0.000000s ]
INFO: [ app_init ] --END-- [ RunTime:0.000000s ]
INFO: [ app_begin ] --START--
INFO: Run Behavior\ReadHtmlCacheBehavior [ RunTime:0.001000s ]
INFO: [ app_begin ] --END-- [ RunTime:0.001000s ]
NOTIC: [2] session_start(): Cannot send session cookie - headers already sent G:\WWW\think\ThinkPHP\Common\functions.php 第 1283 行.
NOTIC: [2] session_start(): Cannot send session cache limiter - headers already sent G:\WWW\think\ThinkPHP\Common\functions.php 第 1283 行.
NOTIC: [8] Undefined index: echostr G:\WWW\think\Application\Home\Controller\WeixinController.class.php 第 20 行.
INFO: [ app_end ] --START--
INFO: Run Behavior\ShowPageTraceBehavior [ RunTime:0.001000s ]
INFO: [ app_end ] --END-- [ RunTime:0.001000s ]

[ 2016-10-24T10:02:46+08:00 ] 127.0.0.1 /think/index.php/Weixin/getMenu
INFO: [ app_init ] --START--
INFO: Run Behavior\BuildLiteBehavior [ RunTime:0.000000s ]
INFO: [ app_init ] --END-- [ RunTime:0.001000s ]
INFO: [ app_begin ] --START--
INFO: Run Behavior\ReadHtmlCacheBehavior [ RunTime:0.001000s ]
INFO: [ app_begin ] --END-- [ RunTime:0.001000s ]
NOTIC: [2] curl_errno(): 25 is not a valid cURL handle resource G:\WWW\think\Application\Home\Controller\WeixinController.class.php 第 254 行.
INFO: [ app_end ] --START--
INFO: Run Behavior\ShowPageTraceBehavior [ RunTime:0.002000s ]
INFO: [ app_end ] --END-- [ RunTime:0.002000s ]

[ 2016-10-24T10:04:37+08:00 ] 127.0.0.1 /think/index.php/Weixin/getMenu
INFO: [ app_init ] --START--
INFO: Run Behavior\BuildLiteBehavior [ RunTime:0.000000s ]
INFO: [ app_init ] --END-- [ RunTime:0.000000s ]
INFO: [ app_begin ] --START--
INFO: Run Behavior\ReadHtmlCacheBehavior [ RunTime:0.000000s ]
INFO: [ app_begin ] --END-- [ RunTime:0.000000s ]
NOTIC: [2] curl_errno(): 25 is not a valid cURL handle resource G:\WWW\think\Application\Home\Controller\WeixinController.class.php 第 254 行.
INFO: [ app_end ] --START--
INFO: Run Behavior\ShowPageTraceBehavior [ RunTime:0.001000s ]
INFO: [ app_end ] --END-- [ RunTime:0.001000s ]

[ 2016-10-24T10:04:55+08:00 ] 127.0.0.1 /think/index.php/Weixin/getMenu
INFO: [ app_init ] --START--
INFO: Run Behavior\BuildLiteBehavior [ RunTime:0.000000s ]
INFO: [ app_init ] --END-- [ RunTime:0.000000s ]
INFO: [ app_begin ] --START--
INFO: Run Behavior\ReadHtmlCacheBehavior [ RunTime:0.001000s ]
INFO: [ app_begin ] --END-- [ RunTime:0.001000s ]
NOTIC: [2] curl_errno(): 25 is not a valid cURL handle resource G:\WWW\think\Application\Home\Controller\WeixinController.class.php 第 254 行.
INFO: [ app_end ] --START--
INFO: Run Behavior\ShowPageTraceBehavior [ RunTime:0.002000s ]
INFO: [ app_end ] --END-- [ RunTime:0.002000s ]

[ 2016-10-24T10:05:46+08:00 ] 127.0.0.1 /think/index.php/Accredit/index
INFO: [ app_init ] --START--
INFO: Run Behavior\BuildLiteBehavior [ RunTime:0.000000s ]
INFO: [ app_init ] --END-- [ RunTime:0.001000s ]
INFO: [ app_begin ] --START--
INFO: Run Behavior\ReadHtmlCacheBehavior [ RunTime:0.000000s ]
INFO: [ app_begin ] --END-- [ RunTime:0.000000s ]
NOTIC: [8] Undefined index: code G:\WWW\think\Application\Home\Controller\AccreditController.class.php 第 15 行.
NOTIC: [2] curl_errno(): 26 is not a valid cURL handle resource G:\WWW\think\Application\Home\Controller\WeixinController.class.php 第 254 行.
NOTIC: [8] Undefined index: refresh_token G:\WWW\think\Application\Home\Controller\AccreditController.class.php 第 23 行.
NOTIC: [8] Undefined index: refresh_token G:\WWW\think\Application\Home\Controller\AccreditController.class.php 第 27 行.
NOTIC: [2] curl_errno(): 27 is not a valid cURL handle resource G:\WWW\think\Application\Home\Controller\WeixinController.class.php 第 254 行.
NOTIC: [8] Undefined index: access_token G:\WWW\think\Application\Home\Controller\AccreditController.class.php 第 33 行.
NOTIC: [8] Undefined index: openid G:\WWW\think\Application\Home\Controller\AccreditController.class.php 第 34 行.
NOTIC: [8] Undefined index: access_token G:\WWW\think\Application\Home\Controller\AccreditController.class.php 第 38 行.
NOTIC: [8] Undefined index: openid G:\WWW\think\Application\Home\Controller\AccreditController.class.php 第 38 行.
NOTIC: [2] curl_errno(): 28 is not a valid cURL handle resource G:\WWW\think\Application\Home\Controller\WeixinController.class.php 第 254 行.
INFO: [ view_parse ] --START--
INFO: [ template_filter ] --START--
INFO: Run Behavior\ContentReplaceBehavior [ RunTime:0.018001s ]
INFO: [ template_filter ] --END-- [ RunTime:0.018001s ]
NOTIC: [8] Undefined index: headimgurl G:\WWW\think\Application\Runtime\Cache\Home\255fbfff1579d94f9ea125110ffd6da7.php 第 11 行.
NOTIC: [8] Undefined index: nickname G:\WWW\think\Application\Runtime\Cache\Home\255fbfff1579d94f9ea125110ffd6da7.php 第 15 行.
NOTIC: [8] Undefined index: sex G:\WWW\think\Application\Runtime\Cache\Home\255fbfff1579d94f9ea125110ffd6da7.php 第 20 行.
NOTIC: [8] Undefined index: country G:\WWW\think\Application\Runtime\Cache\Home\255fbfff1579d94f9ea125110ffd6da7.php 第 27 行.
NOTIC: [8] Undefined index: province G:\WWW\think\Application\Runtime\Cache\Home\255fbfff1579d94f9ea125110ffd6da7.php 第 27 行.
NOTIC: [8] Undefined index: city G:\WWW\think\Application\Runtime\Cache\Home\255fbfff1579d94f9ea125110ffd6da7.php 第 27 行.
INFO: Run Behavior\ParseTemplateBehavior [ RunTime:0.115007s ]
INFO: [ view_parse ] --END-- [ RunTime:0.115007s ]
INFO: [ view_filter ] --START--
INFO: Run Behavior\WriteHtmlCacheBehavior [ RunTime:0.014000s ]
INFO: [ view_filter ] --END-- [ RunTime:0.014000s ]
INFO: [ app_end ] --START--
INFO: Run Behavior\ShowPageTraceBehavior [ RunTime:0.002000s ]
INFO: [ app_end ] --END-- [ RunTime:0.002000s ]

[ 2016-10-24T10:38:01+08:00 ] 127.0.0.1 /think/index.php?signature=545dbdfbfb0793ae5f33ad7f61681c1d3bbfc3f5&timestamp=1477276650&nonce=490628980&openid=o9jo7w1-ym1RnHmhEoZ0HIuHmr7A
INFO: [ app_init ] --START--
INFO: Run Behavior\BuildLiteBehavior [ RunTime:0.000000s ]
INFO: [ app_init ] --END-- [ RunTime:0.001000s ]
INFO: [ app_begin ] --START--
INFO: Run Behavior\ReadHtmlCacheBehavior [ RunTime:0.001001s ]
INFO: [ app_begin ] --END-- [ RunTime:0.001001s ]
NOTIC: [2] session_start(): Cannot send session cookie - headers already sent G:\WWW\think\ThinkPHP\Common\functions.php 第 1283 行.
NOTIC: [2] session_start(): Cannot send session cache limiter - headers already sent G:\WWW\think\ThinkPHP\Common\functions.php 第 1283 行.
NOTIC: [8] Undefined index: echostr G:\WWW\think\Application\Home\Controller\WeixinController.class.php 第 20 行.

[ 2016-10-24T10:38:25+08:00 ] 127.0.0.1 /think/index.php?signature=f3a2a33ebb107c75b184874df3d0059d36d5be3d&timestamp=1477276675&nonce=13090744&openid=o9jo7w1-ym1RnHmhEoZ0HIuHmr7A
INFO: [ app_init ] --START--
INFO: Run Behavior\BuildLiteBehavior [ RunTime:0.000000s ]
INFO: [ app_init ] --END-- [ RunTime:0.001000s ]
INFO: [ app_begin ] --START--
INFO: Run Behavior\ReadHtmlCacheBehavior [ RunTime:0.002000s ]
INFO: [ app_begin ] --END-- [ RunTime:0.002000s ]
NOTIC: [2] session_start(): Cannot send session cookie - headers already sent G:\WWW\think\ThinkPHP\Common\functions.php 第 1283 行.
NOTIC: [2] session_start(): Cannot send session cache limiter - headers already sent G:\WWW\think\ThinkPHP\Common\functions.php 第 1283 行.
NOTIC: [8] Undefined index: echostr G:\WWW\think\Application\Home\Controller\WeixinController.class.php 第 20 行.
INFO: [ app_end ] --START--
INFO: Run Behavior\ShowPageTraceBehavior [ RunTime:0.001000s ]
INFO: [ app_end ] --END-- [ RunTime:0.001000s ]

[ 2016-10-24T10:38:38+08:00 ] 127.0.0.1 /think/index.php?signature=e86b4da9f944d8de33a549ec9f636d704b808d9a&timestamp=1477276688&nonce=1663772350&openid=o9jo7w1-ym1RnHmhEoZ0HIuHmr7A
INFO: [ app_init ] --START--
INFO: Run Behavior\BuildLiteBehavior [ RunTime:0.000000s ]
INFO: [ app_init ] --END-- [ RunTime:0.000000s ]
INFO: [ app_begin ] --START--
INFO: Run Behavior\ReadHtmlCacheBehavior [ RunTime:0.001000s ]
INFO: [ app_begin ] --END-- [ RunTime:0.001000s ]
NOTIC: [2] session_start(): Cannot send session cookie - headers already sent G:\WWW\think\ThinkPHP\Common\functions.php 第 1283 行.
NOTIC: [2] session_start(): Cannot send session cache limiter - headers already sent G:\WWW\think\ThinkPHP\Common\functions.php 第 1283 行.
NOTIC: [8] Undefined index: echostr G:\WWW\think\Application\Home\Controller\WeixinController.class.php 第 20 行.
INFO: [ app_end ] --START--
INFO: Run Behavior\ShowPageTraceBehavior [ RunTime:0.000000s ]
INFO: [ app_end ] --END-- [ RunTime:0.000000s ]

[ 2016-10-24T10:38:59+08:00 ] 127.0.0.1 /think/index.php?signature=ba271e1919f67d966e9cd66bb6bea5fdeda922c2&timestamp=1477276709&nonce=341991461&openid=o9jo7w1-ym1RnHmhEoZ0HIuHmr7A
INFO: [ app_init ] --START--
INFO: Run Behavior\BuildLiteBehavior [ RunTime:0.000000s ]
INFO: [ app_init ] --END-- [ RunTime:0.000000s ]
INFO: [ app_begin ] --START--
INFO: Run Behavior\ReadHtmlCacheBehavior [ RunTime:0.001000s ]
INFO: [ app_begin ] --END-- [ RunTime:0.001000s ]
NOTIC: [2] session_start(): Cannot send session cookie - headers already sent G:\WWW\think\ThinkPHP\Common\functions.php 第 1283 行.
NOTIC: [2] session_start(): Cannot send session cache limiter - headers already sent G:\WWW\think\ThinkPHP\Common\functions.php 第 1283 行.
NOTIC: [8] Undefined index: echostr G:\WWW\think\Application\Home\Controller\WeixinController.class.php 第 20 行.
INFO: [ app_end ] --START--
INFO: Run Behavior\ShowPageTraceBehavior [ RunTime:0.001000s ]
INFO: [ app_end ] --END-- [ RunTime:0.001000s ]

[ 2016-10-24T10:42:09+08:00 ] 127.0.0.1 /think/index.php?signature=5cbdac25235c79e1793ea087caa09ea3f9a5d360&timestamp=1477276899&nonce=1262841615&openid=o9jo7w1-ym1RnHmhEoZ0HIuHmr7A
INFO: [ app_init ] --START--
INFO: Run Behavior\BuildLiteBehavior [ RunTime:0.000000s ]
INFO: [ app_init ] --END-- [ RunTime:0.000000s ]
INFO: [ app_begin ] --START--
INFO: Run Behavior\ReadHtmlCacheBehavior [ RunTime:0.000000s ]
INFO: [ app_begin ] --END-- [ RunTime:0.000000s ]
NOTIC: [2] session_start(): Cannot send session cookie - headers already sent G:\WWW\think\ThinkPHP\Common\functions.php 第 1283 行.
NOTIC: [2] session_start(): Cannot send session cache limiter - headers already sent G:\WWW\think\ThinkPHP\Common\functions.php 第 1283 行.
NOTIC: [8] Undefined index: echostr G:\WWW\think\Application\Home\Controller\WeixinController.class.php 第 20 行.
NOTIC: [8] Undefined index: session G:\WWW\think\Application\Home\Controller\WeixinController.class.php 第 132 行.
INFO: [ app_end ] --START--
INFO: Run Behavior\ShowPageTraceBehavior [ RunTime:0.001000s ]
INFO: [ app_end ] --END-- [ RunTime:0.001000s ]

[ 2016-10-24T10:42:31+08:00 ] 127.0.0.1 /think/index.php?signature=07273716048747bf4cab21ee2be1d3f4490e3a3a&timestamp=1477276921&nonce=883773322&openid=o9jo7w1-ym1RnHmhEoZ0HIuHmr7A
INFO: [ app_init ] --START--
INFO: Run Behavior\BuildLiteBehavior [ RunTime:0.000000s ]
INFO: [ app_init ] --END-- [ RunTime:0.001000s ]
INFO: [ app_begin ] --START--
INFO: Run Behavior\ReadHtmlCacheBehavior [ RunTime:0.001000s ]
INFO: [ app_begin ] --END-- [ RunTime:0.001000s ]
NOTIC: [2] session_start(): Cannot send session cookie - headers already sent G:\WWW\think\ThinkPHP\Common\functions.php 第 1283 行.
NOTIC: [2] session_start(): Cannot send session cache limiter - headers already sent G:\WWW\think\ThinkPHP\Common\functions.php 第 1283 行.
NOTIC: [8] Undefined index: echostr G:\WWW\think\Application\Home\Controller\WeixinController.class.php 第 20 行.
NOTIC: [8] Undefined index: access_token G:\WWW\think\Application\Home\Controller\WeixinController.class.php 第 132 行.
INFO: [ app_end ] --START--
INFO: Run Behavior\ShowPageTraceBehavior [ RunTime:0.001000s ]
INFO: [ app_end ] --END-- [ RunTime:0.001000s ]

[ 2016-10-24T10:46:07+08:00 ] 127.0.0.1 /think/index.php?signature=0ad3642e06ef5c0f8495faa599e1dd2995e90496&timestamp=1477277137&nonce=1770748392&openid=o9jo7w1-ym1RnHmhEoZ0HIuHmr7A
INFO: [ app_init ] --START--
INFO: Run Behavior\BuildLiteBehavior [ RunTime:0.000000s ]
INFO: [ app_init ] --END-- [ RunTime:0.001000s ]
INFO: [ app_begin ] --START--
INFO: Run Behavior\ReadHtmlCacheBehavior [ RunTime:0.000000s ]
INFO: [ app_begin ] --END-- [ RunTime:0.000000s ]
NOTIC: [2] session_start(): Cannot send session cookie - headers already sent G:\WWW\think\ThinkPHP\Common\functions.php 第 1283 行.
NOTIC: [2] session_start(): Cannot send session cache limiter - headers already sent G:\WWW\think\ThinkPHP\Common\functions.php 第 1283 行.
NOTIC: [8] Undefined index: echostr G:\WWW\think\Application\Home\Controller\WeixinController.class.php 第 20 行.
INFO: [ app_end ] --START--
INFO: Run Behavior\ShowPageTraceBehavior [ RunTime:0.001000s ]
INFO: [ app_end ] --END-- [ RunTime:0.001000s ]

[ 2016-10-24T10:46:17+08:00 ] 127.0.0.1 /think/index.php?signature=8f0923cd2f353f54aa6e71bd1475168db65135e7&timestamp=1477277147&nonce=1450370049&openid=o9jo7w1-ym1RnHmhEoZ0HIuHmr7A
INFO: [ app_init ] --START--
INFO: Run Behavior\BuildLiteBehavior [ RunTime:0.000000s ]
INFO: [ app_init ] --END-- [ RunTime:0.001000s ]
INFO: [ app_begin ] --START--
INFO: Run Behavior\ReadHtmlCacheBehavior [ RunTime:0.001000s ]
INFO: [ app_begin ] --END-- [ RunTime:0.001000s ]
NOTIC: [2] session_start(): Cannot send session cookie - headers already sent G:\WWW\think\ThinkPHP\Common\functions.php 第 1283 行.
NOTIC: [2] session_start(): Cannot send session cache limiter - headers already sent G:\WWW\think\ThinkPHP\Common\functions.php 第 1283 行.
NOTIC: [8] Undefined index: echostr G:\WWW\think\Application\Home\Controller\WeixinController.class.php 第 20 行.
INFO: [ app_end ] --START--
INFO: Run Behavior\ShowPageTraceBehavior [ RunTime:0.001000s ]
INFO: [ app_end ] --END-- [ RunTime:0.001000s ]

[ 2016-10-24T10:57:58+08:00 ] 127.0.0.1 /think/index.php/Weixin/getMenu
INFO: [ app_init ] --START--
INFO: Run Behavior\BuildLiteBehavior [ RunTime:0.001000s ]
INFO: [ app_init ] --END-- [ RunTime:0.001000s ]
INFO: [ app_begin ] --START--
INFO: Run Behavior\ReadHtmlCacheBehavior [ RunTime:0.000000s ]
INFO: [ app_begin ] --END-- [ RunTime:0.000000s ]
NOTIC: [2] curl_errno(): 25 is not a valid cURL handle resource G:\WWW\think\Application\Home\Controller\WeixinController.class.php 第 256 行.
INFO: [ app_end ] --START--
INFO: Run Behavior\ShowPageTraceBehavior [ RunTime:0.001000s ]
INFO: [ app_end ] --END-- [ RunTime:0.001000s ]

[ 2016-10-24T11:45:51+08:00 ] 127.0.0.1 /think/index.php?signature=d6fcd8bbaf90387a21765006d5088e55ce88aa50&timestamp=1477280720&nonce=1691806408&openid=o9jo7w1-ym1RnHmhEoZ0HIuHmr7A
INFO: [ app_init ] --START--
INFO: Run Behavior\BuildLiteBehavior [ RunTime:0.000000s ]
INFO: [ app_init ] --END-- [ RunTime:0.009001s ]
INFO: [ app_begin ] --START--
INFO: Run Behavior\ReadHtmlCacheBehavior [ RunTime:0.003000s ]
INFO: [ app_begin ] --END-- [ RunTime:0.003000s ]
NOTIC: [2] session_start(): Cannot send session cookie - headers already sent G:\WWW\think\ThinkPHP\Common\functions.php 第 1283 行.
NOTIC: [2] session_start(): Cannot send session cache limiter - headers already sent G:\WWW\think\ThinkPHP\Common\functions.php 第 1283 行.
NOTIC: [8] Undefined index: echostr G:\WWW\think\Application\Home\Controller\WeixinController.class.php 第 20 行.
INFO: [ app_end ] --START--
INFO: Run Behavior\ShowPageTraceBehavior [ RunTime:0.003001s ]
INFO: [ app_end ] --END-- [ RunTime:0.003001s ]

[ 2016-10-24T11:49:54+08:00 ] 127.0.0.1 /think/index.php?signature=ed0fe20fcf029c70777be6fb79d569d7ba31bd3a&timestamp=1477280963&nonce=738309400&openid=o9jo7w1-ym1RnHmhEoZ0HIuHmr7A
INFO: [ app_init ] --START--
INFO: Run Behavior\BuildLiteBehavior [ RunTime:0.000000s ]
INFO: [ app_init ] --END-- [ RunTime:0.001000s ]
INFO: [ app_begin ] --START--
INFO: Run Behavior\ReadHtmlCacheBehavior [ RunTime:0.001000s ]
INFO: [ app_begin ] --END-- [ RunTime:0.001000s ]
NOTIC: [2] session_start(): Cannot send session cookie - headers already sent G:\WWW\think\ThinkPHP\Common\functions.php 第 1283 行.
NOTIC: [2] session_start(): Cannot send session cache limiter - headers already sent G:\WWW\think\ThinkPHP\Common\functions.php 第 1283 行.
NOTIC: [8] Undefined index: echostr G:\WWW\think\Application\Home\Controller\WeixinController.class.php 第 20 行.
INFO: [ app_end ] --START--
INFO: Run Behavior\ShowPageTraceBehavior [ RunTime:0.001000s ]
INFO: [ app_end ] --END-- [ RunTime:0.001000s ]

[ 2016-10-24T11:50:37+08:00 ] 127.0.0.1 /think/index.php?signature=36710af41f1f098b64e7c8f7635662fd18f3cf5f&timestamp=1477281006&nonce=1716813796&openid=o9jo7w1-ym1RnHmhEoZ0HIuHmr7A
INFO: [ app_init ] --START--
INFO: Run Behavior\BuildLiteBehavior [ RunTime:0.000000s ]
INFO: [ app_init ] --END-- [ RunTime:0.002000s ]
INFO: [ app_begin ] --START--
INFO: Run Behavior\ReadHtmlCacheBehavior [ RunTime:0.001000s ]
INFO: [ app_begin ] --END-- [ RunTime:0.001000s ]
NOTIC: [2] session_start(): Cannot send session cookie - headers already sent G:\WWW\think\ThinkPHP\Common\functions.php 第 1283 行.
NOTIC: [2] session_start(): Cannot send session cache limiter - headers already sent G:\WWW\think\ThinkPHP\Common\functions.php 第 1283 行.
NOTIC: [8] Undefined index: echostr G:\WWW\think\Application\Home\Controller\WeixinController.class.php 第 20 行.
INFO: [ app_end ] --START--
INFO: Run Behavior\ShowPageTraceBehavior [ RunTime:0.002000s ]
INFO: [ app_end ] --END-- [ RunTime:0.002000s ]

[ 2016-10-24T11:50:42+08:00 ] 127.0.0.1 /think/index.php?signature=eeb23dd7a96cac41d89f6d482746000ba2577e18&timestamp=1477281012&nonce=1256820353&openid=o9jo7w1-ym1RnHmhEoZ0HIuHmr7A
INFO: [ app_init ] --START--
INFO: Run Behavior\BuildLiteBehavior [ RunTime:0.000000s ]
INFO: [ app_init ] --END-- [ RunTime:0.000000s ]
INFO: [ app_begin ] --START--
INFO: Run Behavior\ReadHtmlCacheBehavior [ RunTime:0.001000s ]
INFO: [ app_begin ] --END-- [ RunTime:0.001000s ]
NOTIC: [2] session_start(): Cannot send session cookie - headers already sent G:\WWW\think\ThinkPHP\Common\functions.php 第 1283 行.
NOTIC: [2] session_start(): Cannot send session cache limiter - headers already sent G:\WWW\think\ThinkPHP\Common\functions.php 第 1283 行.
NOTIC: [8] Undefined index: echostr G:\WWW\think\Application\Home\Controller\WeixinController.class.php 第 20 行.
INFO: [ app_end ] --START--
INFO: Run Behavior\ShowPageTraceBehavior [ RunTime:0.001000s ]
INFO: [ app_end ] --END-- [ RunTime:0.001000s ]

[ 2016-10-24T11:50:55+08:00 ] 127.0.0.1 /think/index.php?signature=ac8140c54b5dab98c6d725b62c485d6dddaad05f&timestamp=1477281025&nonce=970280580&openid=o9jo7w1-ym1RnHmhEoZ0HIuHmr7A
INFO: [ app_init ] --START--
INFO: Run Behavior\BuildLiteBehavior [ RunTime:0.000000s ]
INFO: [ app_init ] --END-- [ RunTime:0.001000s ]
INFO: [ app_begin ] --START--
INFO: Run Behavior\ReadHtmlCacheBehavior [ RunTime:0.000000s ]
INFO: [ app_begin ] --END-- [ RunTime:0.000000s ]
NOTIC: [2] session_start(): Cannot send session cookie - headers already sent G:\WWW\think\ThinkPHP\Common\functions.php 第 1283 行.
NOTIC: [2] session_start(): Cannot send session cache limiter - headers already sent G:\WWW\think\ThinkPHP\Common\functions.php 第 1283 行.
NOTIC: [8] Undefined index: echostr G:\WWW\think\Application\Home\Controller\WeixinController.class.php 第 20 行.
INFO: [ app_end ] --START--
INFO: Run Behavior\ShowPageTraceBehavior [ RunTime:0.000000s ]
INFO: [ app_end ] --END-- [ RunTime:0.001000s ]

[ 2016-10-24T12:03:59+08:00 ] 127.0.0.1 /think/index.php?signature=96e4e3497e3edf9adfa80b3e6082239c75bf5e2c&timestamp=1477281808&nonce=595306320&openid=o9jo7w1-ym1RnHmhEoZ0HIuHmr7A
INFO: [ app_init ] --START--
INFO: Run Behavior\BuildLiteBehavior [ RunTime:0.000000s ]
INFO: [ app_init ] --END-- [ RunTime:0.000000s ]
INFO: [ app_begin ] --START--
INFO: Run Behavior\ReadHtmlCacheBehavior [ RunTime:0.000000s ]
INFO: [ app_begin ] --END-- [ RunTime:0.001000s ]
NOTIC: [2] session_start(): Cannot send session cookie - headers already sent G:\WWW\think\ThinkPHP\Common\functions.php 第 1283 行.
NOTIC: [2] session_start(): Cannot send session cache limiter - headers already sent G:\WWW\think\ThinkPHP\Common\functions.php 第 1283 行.
NOTIC: [8] Undefined index: echostr G:\WWW\think\Application\Home\Controller\WeixinController.class.php 第 20 行.
INFO: [ app_end ] --START--
INFO: Run Behavior\ShowPageTraceBehavior [ RunTime:0.001000s ]
INFO: [ app_end ] --END-- [ RunTime:0.001000s ]

