[ 2016-10-21T09:09:21+08:00 ] 127.0.0.1 /think/index.php?signature=943431060d61b65f62965973fad4bfd0fadaab5c&timestamp=1477012130&nonce=1685700367&openid=o9jo7w1-ym1RnHmhEoZ0HIuHmr7A
INFO: [ app_init ] --START--
INFO: Run Behavior\BuildLiteBehavior [ RunTime:0.000000s ]
INFO: [ app_init ] --END-- [ RunTime:0.008001s ]
INFO: [ app_begin ] --START--
INFO: Run Behavior\ReadHtmlCacheBehavior [ RunTime:0.001000s ]
INFO: [ app_begin ] --END-- [ RunTime:0.002000s ]
NOTIC: [2] session_start(): Cannot send session cookie - headers already sent G:\WWW\think\ThinkPHP\Common\functions.php 第 1283 行.
NOTIC: [2] session_start(): Cannot send session cache limiter - headers already sent G:\WWW\think\ThinkPHP\Common\functions.php 第 1283 行.
NOTIC: [8] Undefined index: echostr G:\WWW\think\Application\Home\Controller\WeixinController.class.php 第 20 行.
INFO: [ app_end ] --START--
INFO: Run Behavior\ShowPageTraceBehavior [ RunTime:0.002000s ]
INFO: [ app_end ] --END-- [ RunTime:0.002000s ]

[ 2016-10-21T09:09:27+08:00 ] 127.0.0.1 /think/index.php?signature=476f2b8d2ea5b349997901909665e7d87a5d324c&timestamp=1477012137&nonce=1906484606&openid=o9jo7w1-ym1RnHmhEoZ0HIuHmr7A
INFO: [ app_init ] --START--
INFO: Run Behavior\BuildLiteBehavior [ RunTime:0.000000s ]
INFO: [ app_init ] --END-- [ RunTime:0.001000s ]
INFO: [ app_begin ] --START--
INFO: Run Behavior\ReadHtmlCacheBehavior [ RunTime:0.001000s ]
INFO: [ app_begin ] --END-- [ RunTime:0.001000s ]
NOTIC: [2] session_start(): Cannot send session cookie - headers already sent G:\WWW\think\ThinkPHP\Common\functions.php 第 1283 行.
NOTIC: [2] session_start(): Cannot send session cache limiter - headers already sent G:\WWW\think\ThinkPHP\Common\functions.php 第 1283 行.
NOTIC: [8] Undefined index: echostr G:\WWW\think\Application\Home\Controller\WeixinController.class.php 第 20 行.
NOTIC: [8] Undefined index: access_token G:\WWW\think\Application\Home\Controller\WeixinController.class.php 第 276 行.
NOTIC: [2] curl_errno(): 27 is not a valid cURL handle resource G:\WWW\think\Application\Home\Controller\WeixinController.class.php 第 249 行.
NOTIC: [2] curl_errno(): 28 is not a valid cURL handle resource G:\WWW\think\Application\Home\Controller\WeixinController.class.php 第 249 行.
NOTIC: [8] Undefined index: ip_list G:\WWW\think\Application\Home\Controller\WeixinController.class.php 第 270 行.
INFO: [ app_end ] --START--
INFO: Run Behavior\ShowPageTraceBehavior [ RunTime:0.001001s ]
INFO: [ app_end ] --END-- [ RunTime:0.001001s ]

[ 2016-10-21T09:09:39+08:00 ] 127.0.0.1 /think/index.php?signature=7717a0a50e1c970ed4f56f583ae4a5c868193997&timestamp=1477012149&nonce=793745305&openid=o9jo7w1-ym1RnHmhEoZ0HIuHmr7A
INFO: [ app_init ] --START--
INFO: Run Behavior\BuildLiteBehavior [ RunTime:0.000000s ]
INFO: [ app_init ] --END-- [ RunTime:0.001000s ]
INFO: [ app_begin ] --START--
INFO: Run Behavior\ReadHtmlCacheBehavior [ RunTime:0.001000s ]
INFO: [ app_begin ] --END-- [ RunTime:0.001000s ]
NOTIC: [2] session_start(): Cannot send session cookie - headers already sent G:\WWW\think\ThinkPHP\Common\functions.php 第 1283 行.
NOTIC: [2] session_start(): Cannot send session cache limiter - headers already sent G:\WWW\think\ThinkPHP\Common\functions.php 第 1283 行.
NOTIC: [8] Undefined index: echostr G:\WWW\think\Application\Home\Controller\WeixinController.class.php 第 20 行.
INFO: [ app_end ] --START--
INFO: Run Behavior\ShowPageTraceBehavior [ RunTime:0.001000s ]
INFO: [ app_end ] --END-- [ RunTime:0.001000s ]

[ 2016-10-21T09:09:44+08:00 ] 127.0.0.1 /think/index.php?signature=fe4d56fecf31d6ff1c75408305338412d6361571&timestamp=1477012154&nonce=433127492&openid=o9jo7w1-ym1RnHmhEoZ0HIuHmr7A
INFO: [ app_init ] --START--
INFO: Run Behavior\BuildLiteBehavior [ RunTime:0.001000s ]
INFO: [ app_init ] --END-- [ RunTime:0.001000s ]
INFO: [ app_begin ] --START--
INFO: Run Behavior\ReadHtmlCacheBehavior [ RunTime:0.001000s ]
INFO: [ app_begin ] --END-- [ RunTime:0.001000s ]
NOTIC: [2] session_start(): Cannot send session cookie - headers already sent G:\WWW\think\ThinkPHP\Common\functions.php 第 1283 行.
NOTIC: [2] session_start(): Cannot send session cache limiter - headers already sent G:\WWW\think\ThinkPHP\Common\functions.php 第 1283 行.
NOTIC: [8] Undefined index: echostr G:\WWW\think\Application\Home\Controller\WeixinController.class.php 第 20 行.
NOTIC: [8] Undefined index: access_token G:\WWW\think\Application\Home\Controller\WeixinController.class.php 第 276 行.
NOTIC: [2] curl_errno(): 27 is not a valid cURL handle resource G:\WWW\think\Application\Home\Controller\WeixinController.class.php 第 249 行.
NOTIC: [2] curl_errno(): 28 is not a valid cURL handle resource G:\WWW\think\Application\Home\Controller\WeixinController.class.php 第 249 行.
NOTIC: [8] Undefined index: ip_list G:\WWW\think\Application\Home\Controller\WeixinController.class.php 第 270 行.
INFO: [ app_end ] --START--
INFO: Run Behavior\ShowPageTraceBehavior [ RunTime:0.000000s ]
INFO: [ app_end ] --END-- [ RunTime:0.000000s ]

[ 2016-10-21T09:11:04+08:00 ] 127.0.0.1 /think/index.php?signature=e7036e518acbfe577bbb900b2adedd4c25b69e7f&timestamp=1477012234&nonce=2000088141&openid=o9jo7w1-ym1RnHmhEoZ0HIuHmr7A
INFO: [ app_init ] --START--
INFO: Run Behavior\BuildLiteBehavior [ RunTime:0.000000s ]
INFO: [ app_init ] --END-- [ RunTime:0.001000s ]
INFO: [ app_begin ] --START--
INFO: Run Behavior\ReadHtmlCacheBehavior [ RunTime:0.001000s ]
INFO: [ app_begin ] --END-- [ RunTime:0.001000s ]
NOTIC: [2] session_start(): Cannot send session cookie - headers already sent G:\WWW\think\ThinkPHP\Common\functions.php 第 1283 行.
NOTIC: [2] session_start(): Cannot send session cache limiter - headers already sent G:\WWW\think\ThinkPHP\Common\functions.php 第 1283 行.
NOTIC: [8] Undefined index: echostr G:\WWW\think\Application\Home\Controller\WeixinController.class.php 第 20 行.
NOTIC: [8] Undefined index: access_token G:\WWW\think\Application\Home\Controller\WeixinController.class.php 第 276 行.
NOTIC: [2] curl_errno(): 27 is not a valid cURL handle resource G:\WWW\think\Application\Home\Controller\WeixinController.class.php 第 249 行.
NOTIC: [2] curl_errno(): 28 is not a valid cURL handle resource G:\WWW\think\Application\Home\Controller\WeixinController.class.php 第 249 行.
NOTIC: [8] Undefined index: ip_list G:\WWW\think\Application\Home\Controller\WeixinController.class.php 第 270 行.
INFO: [ app_end ] --START--
INFO: Run Behavior\ShowPageTraceBehavior [ RunTime:0.000000s ]
INFO: [ app_end ] --END-- [ RunTime:0.000000s ]

[ 2016-10-21T09:11:40+08:00 ] 127.0.0.1 /think/index.php/Weixin/getServerIp
INFO: [ app_init ] --START--
INFO: Run Behavior\BuildLiteBehavior [ RunTime:0.000000s ]
INFO: [ app_init ] --END-- [ RunTime:0.001000s ]
INFO: [ app_begin ] --START--
INFO: Run Behavior\ReadHtmlCacheBehavior [ RunTime:0.001000s ]
INFO: [ app_begin ] --END-- [ RunTime:0.001000s ]
NOTIC: [8] Undefined index: access_token G:\WWW\think\Application\Home\Controller\WeixinController.class.php 第 276 行.
NOTIC: [2] curl_errno(): 25 is not a valid cURL handle resource G:\WWW\think\Application\Home\Controller\WeixinController.class.php 第 249 行.
NOTIC: [2] curl_errno(): 26 is not a valid cURL handle resource G:\WWW\think\Application\Home\Controller\WeixinController.class.php 第 249 行.
NOTIC: [8] Undefined index: ip_list G:\WWW\think\Application\Home\Controller\WeixinController.class.php 第 270 行.
INFO: [ app_end ] --START--
INFO: Run Behavior\ShowPageTraceBehavior [ RunTime:0.002000s ]
INFO: [ app_end ] --END-- [ RunTime:0.002000s ]

[ 2016-10-21T09:12:17+08:00 ] 127.0.0.1 /think/index.php?signature=ec2856e9fbd9f479c1a7dbee671d688eb72fdd20&timestamp=1477012308&nonce=1294503537&openid=o9jo7w1-ym1RnHmhEoZ0HIuHmr7A
INFO: [ app_init ] --START--
INFO: Run Behavior\BuildLiteBehavior [ RunTime:0.000000s ]
INFO: [ app_init ] --END-- [ RunTime:0.000000s ]
INFO: [ app_begin ] --START--
INFO: Run Behavior\ReadHtmlCacheBehavior [ RunTime:0.000000s ]
INFO: [ app_begin ] --END-- [ RunTime:0.000000s ]
NOTIC: [2] session_start(): Cannot send session cookie - headers already sent G:\WWW\think\ThinkPHP\Common\functions.php 第 1283 行.
NOTIC: [2] session_start(): Cannot send session cache limiter - headers already sent G:\WWW\think\ThinkPHP\Common\functions.php 第 1283 行.
NOTIC: [8] Undefined index: echostr G:\WWW\think\Application\Home\Controller\WeixinController.class.php 第 20 行.
INFO: [ app_end ] --START--
INFO: Run Behavior\ShowPageTraceBehavior [ RunTime:0.000000s ]
INFO: [ app_end ] --END-- [ RunTime:0.000000s ]

[ 2016-10-21T09:12:21+08:00 ] 127.0.0.1 /think/index.php
INFO: [ app_init ] --START--
INFO: Run Behavior\BuildLiteBehavior [ RunTime:0.000000s ]
INFO: [ app_init ] --END-- [ RunTime:0.001000s ]
INFO: [ app_begin ] --START--
INFO: Run Behavior\ReadHtmlCacheBehavior [ RunTime:0.002000s ]
INFO: [ app_begin ] --END-- [ RunTime:0.002000s ]
NOTIC: [8] Undefined index: nonce G:\WWW\think\Application\Home\Controller\WeixinController.class.php 第 17 行.
NOTIC: [8] Undefined index: timestamp G:\WWW\think\Application\Home\Controller\WeixinController.class.php 第 19 行.
NOTIC: [8] Undefined index: echostr G:\WWW\think\Application\Home\Controller\WeixinController.class.php 第 20 行.
NOTIC: [8] Undefined index: signature G:\WWW\think\Application\Home\Controller\WeixinController.class.php 第 21 行.
NOTIC: [8] Undefined index: HTTP_RAW_POST_DATA G:\WWW\think\Application\Home\Controller\WeixinController.class.php 第 40 行.
NOTIC: [8] Trying to get property of non-object G:\WWW\think\Application\Home\Controller\WeixinController.class.php 第 57 行.
NOTIC: [8] Trying to get property of non-object G:\WWW\think\Application\Home\Controller\WeixinController.class.php 第 90 行.
NOTIC: [8] Trying to get property of non-object G:\WWW\think\Application\Home\Controller\WeixinController.class.php 第 158 行.
NOTIC: [8] Trying to get property of non-object G:\WWW\think\Application\Home\Controller\WeixinController.class.php 第 187 行.
INFO: [ app_end ] --START--
INFO: Run Behavior\ShowPageTraceBehavior [ RunTime:0.002000s ]
INFO: [ app_end ] --END-- [ RunTime:0.002000s ]

[ 2016-10-21T09:12:27+08:00 ] 127.0.0.1 /think/index.php/Accredit/index?code=041Nq8OE16XqR20huVOE1JJcOE1Nq8OB&state=STATE
INFO: [ app_init ] --START--
INFO: Run Behavior\BuildLiteBehavior [ RunTime:0.000000s ]
INFO: [ app_init ] --END-- [ RunTime:0.000000s ]
INFO: [ app_begin ] --START--
INFO: Run Behavior\ReadHtmlCacheBehavior [ RunTime:0.000000s ]
INFO: [ app_begin ] --END-- [ RunTime:0.000000s ]
NOTIC: [2] curl_errno(): 26 is not a valid cURL handle resource G:\WWW\think\Application\Home\Controller\WeixinController.class.php 第 249 行.
NOTIC: [2] curl_errno(): 27 is not a valid cURL handle resource G:\WWW\think\Application\Home\Controller\WeixinController.class.php 第 249 行.
NOTIC: [2] curl_errno(): 28 is not a valid cURL handle resource G:\WWW\think\Application\Home\Controller\WeixinController.class.php 第 249 行.
INFO: [ view_parse ] --START--
INFO: [ template_filter ] --START--
INFO: Run Behavior\ContentReplaceBehavior [ RunTime:0.022001s ]
INFO: [ template_filter ] --END-- [ RunTime:0.022001s ]
INFO: Run Behavior\ParseTemplateBehavior [ RunTime:0.108006s ]
INFO: [ view_parse ] --END-- [ RunTime:0.108006s ]
INFO: [ view_filter ] --START--
INFO: Run Behavior\WriteHtmlCacheBehavior [ RunTime:0.005000s ]
INFO: [ view_filter ] --END-- [ RunTime:0.006000s ]
INFO: [ app_end ] --START--
INFO: Run Behavior\ShowPageTraceBehavior [ RunTime:0.001000s ]
INFO: [ app_end ] --END-- [ RunTime:0.001000s ]

[ 2016-10-21T09:12:38+08:00 ] 127.0.0.1 /think/index.php/Weixin/getServerIp
INFO: [ app_init ] --START--
INFO: Run Behavior\BuildLiteBehavior [ RunTime:0.000000s ]
INFO: [ app_init ] --END-- [ RunTime:0.001000s ]
INFO: [ app_begin ] --START--
INFO: Run Behavior\ReadHtmlCacheBehavior [ RunTime:0.001000s ]
INFO: [ app_begin ] --END-- [ RunTime:0.001000s ]
NOTIC: [2] curl_errno(): 25 is not a valid cURL handle resource G:\WWW\think\Application\Home\Controller\WeixinController.class.php 第 249 行.
NOTIC: [8] Undefined index: ip_list G:\WWW\think\Application\Home\Controller\WeixinController.class.php 第 270 行.
INFO: [ app_end ] --START--
INFO: Run Behavior\ShowPageTraceBehavior [ RunTime:0.002000s ]
INFO: [ app_end ] --END-- [ RunTime:0.002000s ]

[ 2016-10-21T09:14:47+08:00 ] 127.0.0.1 /think/index.php/Weixin/getServerIp
INFO: [ app_init ] --START--
INFO: Run Behavior\BuildLiteBehavior [ RunTime:0.000000s ]
INFO: [ app_init ] --END-- [ RunTime:0.001000s ]
INFO: [ app_begin ] --START--
INFO: Run Behavior\ReadHtmlCacheBehavior [ RunTime:0.001000s ]
INFO: [ app_begin ] --END-- [ RunTime:0.002000s ]
NOTIC: [8] Undefined index: access_token G:\WWW\think\Application\Home\Controller\WeixinController.class.php 第 277 行.
NOTIC: [2] curl_errno(): 25 is not a valid cURL handle resource G:\WWW\think\Application\Home\Controller\WeixinController.class.php 第 249 行.
NOTIC: [2] curl_errno(): 26 is not a valid cURL handle resource G:\WWW\think\Application\Home\Controller\WeixinController.class.php 第 249 行.
NOTIC: [8] Undefined index: ip_list G:\WWW\think\Application\Home\Controller\WeixinController.class.php 第 271 行.
INFO: [ app_end ] --START--
INFO: Run Behavior\ShowPageTraceBehavior [ RunTime:0.001000s ]
INFO: [ app_end ] --END-- [ RunTime:0.001000s ]

[ 2016-10-21T09:14:48+08:00 ] 127.0.0.1 /think/index.php/Weixin/getServerIp
INFO: [ app_init ] --START--
INFO: Run Behavior\BuildLiteBehavior [ RunTime:0.000000s ]
INFO: [ app_init ] --END-- [ RunTime:0.001000s ]
INFO: [ app_begin ] --START--
INFO: Run Behavior\ReadHtmlCacheBehavior [ RunTime:0.002000s ]
INFO: [ app_begin ] --END-- [ RunTime:0.002000s ]
NOTIC: [2] curl_errno(): 25 is not a valid cURL handle resource G:\WWW\think\Application\Home\Controller\WeixinController.class.php 第 249 行.
NOTIC: [8] Undefined index: ip_list G:\WWW\think\Application\Home\Controller\WeixinController.class.php 第 271 行.
INFO: [ app_end ] --START--
INFO: Run Behavior\ShowPageTraceBehavior [ RunTime:0.001000s ]
INFO: [ app_end ] --END-- [ RunTime:0.001000s ]

[ 2016-10-21T09:15:13+08:00 ] 127.0.0.1 /think/index.php?signature=b3c229672053c5c60d37e7b2a884fe464e88e233&timestamp=1477012483&nonce=373215409&openid=o9jo7w1-ym1RnHmhEoZ0HIuHmr7A
INFO: [ app_init ] --START--
INFO: Run Behavior\BuildLiteBehavior [ RunTime:0.000000s ]
INFO: [ app_init ] --END-- [ RunTime:0.001000s ]
INFO: [ app_begin ] --START--
INFO: Run Behavior\ReadHtmlCacheBehavior [ RunTime:0.001000s ]
INFO: [ app_begin ] --END-- [ RunTime:0.001000s ]
NOTIC: [2] session_start(): Cannot send session cookie - headers already sent G:\WWW\think\ThinkPHP\Common\functions.php 第 1283 行.
NOTIC: [2] session_start(): Cannot send session cache limiter - headers already sent G:\WWW\think\ThinkPHP\Common\functions.php 第 1283 行.
NOTIC: [8] Undefined index: echostr G:\WWW\think\Application\Home\Controller\WeixinController.class.php 第 20 行.
NOTIC: [8] Undefined index: access_token G:\WWW\think\Application\Home\Controller\WeixinController.class.php 第 277 行.
NOTIC: [2] curl_errno(): 27 is not a valid cURL handle resource G:\WWW\think\Application\Home\Controller\WeixinController.class.php 第 249 行.
NOTIC: [2] curl_errno(): 28 is not a valid cURL handle resource G:\WWW\think\Application\Home\Controller\WeixinController.class.php 第 249 行.
INFO: [ app_end ] --START--
INFO: Run Behavior\ShowPageTraceBehavior [ RunTime:0.001000s ]
INFO: [ app_end ] --END-- [ RunTime:0.001000s ]

[ 2016-10-21T09:15:48+08:00 ] 127.0.0.1 /think/index.php?signature=10528bfc89c753f987073912bdf1de052f96ed2e&timestamp=1477012518&nonce=754919132&openid=o9jo7w1-ym1RnHmhEoZ0HIuHmr7A
INFO: [ app_init ] --START--
INFO: Run Behavior\BuildLiteBehavior [ RunTime:0.000000s ]
INFO: [ app_init ] --END-- [ RunTime:0.001000s ]
INFO: [ app_begin ] --START--
INFO: Run Behavior\ReadHtmlCacheBehavior [ RunTime:0.001000s ]
INFO: [ app_begin ] --END-- [ RunTime:0.001000s ]
NOTIC: [2] session_start(): Cannot send session cookie - headers already sent G:\WWW\think\ThinkPHP\Common\functions.php 第 1283 行.
NOTIC: [2] session_start(): Cannot send session cache limiter - headers already sent G:\WWW\think\ThinkPHP\Common\functions.php 第 1283 行.
NOTIC: [8] Undefined index: echostr G:\WWW\think\Application\Home\Controller\WeixinController.class.php 第 20 行.
INFO: [ app_end ] --START--
INFO: Run Behavior\ShowPageTraceBehavior [ RunTime:0.001000s ]
INFO: [ app_end ] --END-- [ RunTime:0.001000s ]

[ 2016-10-21T09:15:54+08:00 ] 127.0.0.1 /think/index.php?signature=a5b8c004b2d6727ee541a72e408d4632434eefb1&timestamp=1477012524&nonce=2095116948&openid=o9jo7w1-ym1RnHmhEoZ0HIuHmr7A
INFO: [ app_init ] --START--
INFO: Run Behavior\BuildLiteBehavior [ RunTime:0.000000s ]
INFO: [ app_init ] --END-- [ RunTime:0.000000s ]
INFO: [ app_begin ] --START--
INFO: Run Behavior\ReadHtmlCacheBehavior [ RunTime:0.000000s ]
INFO: [ app_begin ] --END-- [ RunTime:0.000000s ]
NOTIC: [2] session_start(): Cannot send session cookie - headers already sent G:\WWW\think\ThinkPHP\Common\functions.php 第 1283 行.
NOTIC: [2] session_start(): Cannot send session cache limiter - headers already sent G:\WWW\think\ThinkPHP\Common\functions.php 第 1283 行.
NOTIC: [8] Undefined index: echostr G:\WWW\think\Application\Home\Controller\WeixinController.class.php 第 20 行.
NOTIC: [8] Undefined index: access_token G:\WWW\think\Application\Home\Controller\WeixinController.class.php 第 276 行.
NOTIC: [2] curl_errno(): 27 is not a valid cURL handle resource G:\WWW\think\Application\Home\Controller\WeixinController.class.php 第 249 行.
NOTIC: [2] curl_errno(): 28 is not a valid cURL handle resource G:\WWW\think\Application\Home\Controller\WeixinController.class.php 第 249 行.
INFO: [ app_end ] --START--
INFO: Run Behavior\ShowPageTraceBehavior [ RunTime:0.002001s ]
INFO: [ app_end ] --END-- [ RunTime:0.002001s ]

[ 2016-10-21T09:28:49+08:00 ] 127.0.0.1 /think/index.php?signature=9613aae6d115eefab27832e80e66cb158679f603&timestamp=1477013300&nonce=149193332&openid=o9jo7w1-ym1RnHmhEoZ0HIuHmr7A
INFO: [ app_init ] --START--
INFO: Run Behavior\BuildLiteBehavior [ RunTime:0.000000s ]
INFO: [ app_init ] --END-- [ RunTime:0.001000s ]
INFO: [ app_begin ] --START--
INFO: Run Behavior\ReadHtmlCacheBehavior [ RunTime:0.001000s ]
INFO: [ app_begin ] --END-- [ RunTime:0.001000s ]
NOTIC: [2] session_start(): Cannot send session cookie - headers already sent G:\WWW\think\ThinkPHP\Common\functions.php 第 1283 行.
NOTIC: [2] session_start(): Cannot send session cache limiter - headers already sent G:\WWW\think\ThinkPHP\Common\functions.php 第 1283 行.
NOTIC: [8] Undefined index: echostr G:\WWW\think\Application\Home\Controller\WeixinController.class.php 第 20 行.
NOTIC: [2] curl_errno(): 27 is not a valid cURL handle resource G:\WWW\think\Application\Home\Controller\WeixinController.class.php 第 255 行.
NOTIC: [8] Array to string conversion G:\WWW\think\Application\Home\Controller\WeixinController.class.php 第 159 行.
INFO: [ app_end ] --START--
INFO: Run Behavior\ShowPageTraceBehavior [ RunTime:0.002000s ]
INFO: [ app_end ] --END-- [ RunTime:0.002000s ]

[ 2016-10-21T09:29:18+08:00 ] 127.0.0.1 /think/index.php?signature=6d5b9f40fecb39358a4d27a07ce84d25d1ebb8e5&timestamp=1477013329&nonce=1700416429&openid=o9jo7w1-ym1RnHmhEoZ0HIuHmr7A
INFO: [ app_init ] --START--
INFO: Run Behavior\BuildLiteBehavior [ RunTime:0.000000s ]
INFO: [ app_init ] --END-- [ RunTime:0.001000s ]
INFO: [ app_begin ] --START--
INFO: Run Behavior\ReadHtmlCacheBehavior [ RunTime:0.000000s ]
INFO: [ app_begin ] --END-- [ RunTime:0.001000s ]
NOTIC: [2] session_start(): Cannot send session cookie - headers already sent G:\WWW\think\ThinkPHP\Common\functions.php 第 1283 行.
NOTIC: [2] session_start(): Cannot send session cache limiter - headers already sent G:\WWW\think\ThinkPHP\Common\functions.php 第 1283 行.
NOTIC: [8] Undefined index: echostr G:\WWW\think\Application\Home\Controller\WeixinController.class.php 第 20 行.
NOTIC: [2] curl_errno(): 27 is not a valid cURL handle resource G:\WWW\think\Application\Home\Controller\WeixinController.class.php 第 255 行.
INFO: [ app_end ] --START--
INFO: Run Behavior\ShowPageTraceBehavior [ RunTime:0.001000s ]
INFO: [ app_end ] --END-- [ RunTime:0.001000s ]

[ 2016-10-21T09:30:26+08:00 ] 127.0.0.1 /think/index.php/Weixin/getWeather
INFO: [ app_init ] --START--
INFO: Run Behavior\BuildLiteBehavior [ RunTime:0.000000s ]
INFO: [ app_init ] --END-- [ RunTime:0.001000s ]
INFO: [ app_begin ] --START--
INFO: Run Behavior\ReadHtmlCacheBehavior [ RunTime:0.001000s ]
INFO: [ app_begin ] --END-- [ RunTime:0.001000s ]
ERR: 参数错误或者未定义:key

[ 2016-10-21T09:30:41+08:00 ] 127.0.0.1 /think/index.php/Weixin/getWeather
INFO: [ app_init ] --START--
INFO: Run Behavior\BuildLiteBehavior [ RunTime:0.000000s ]
INFO: [ app_init ] --END-- [ RunTime:0.001000s ]
INFO: [ app_begin ] --START--
INFO: Run Behavior\ReadHtmlCacheBehavior [ RunTime:0.001000s ]
INFO: [ app_begin ] --END-- [ RunTime:0.001000s ]
NOTIC: [2] curl_errno(): 25 is not a valid cURL handle resource G:\WWW\think\Application\Home\Controller\WeixinController.class.php 第 255 行.
INFO: [ app_end ] --START--
INFO: Run Behavior\ShowPageTraceBehavior [ RunTime:0.002000s ]
INFO: [ app_end ] --END-- [ RunTime:0.002000s ]

[ 2016-10-21T09:30:56+08:00 ] 127.0.0.1 /think/index.php/Weixin/getWeather
INFO: [ app_init ] --START--
INFO: Run Behavior\BuildLiteBehavior [ RunTime:0.000000s ]
INFO: [ app_init ] --END-- [ RunTime:0.001000s ]
INFO: [ app_begin ] --START--
INFO: Run Behavior\ReadHtmlCacheBehavior [ RunTime:0.002000s ]
INFO: [ app_begin ] --END-- [ RunTime:0.002000s ]
NOTIC: [2] curl_errno(): 25 is not a valid cURL handle resource G:\WWW\think\Application\Home\Controller\WeixinController.class.php 第 255 行.
INFO: [ app_end ] --START--
INFO: Run Behavior\ShowPageTraceBehavior [ RunTime:0.001000s ]
INFO: [ app_end ] --END-- [ RunTime:0.001000s ]

[ 2016-10-21T09:31:24+08:00 ] 127.0.0.1 /think/index.php/Weixin/getWeather
INFO: [ app_init ] --START--
INFO: Run Behavior\BuildLiteBehavior [ RunTime:0.001000s ]
INFO: [ app_init ] --END-- [ RunTime:0.001000s ]
INFO: [ app_begin ] --START--
INFO: Run Behavior\ReadHtmlCacheBehavior [ RunTime:0.000000s ]
INFO: [ app_begin ] --END-- [ RunTime:0.000000s ]
NOTIC: [2] curl_errno(): 25 is not a valid cURL handle resource G:\WWW\think\Application\Home\Controller\WeixinController.class.php 第 255 行.
INFO: [ app_end ] --START--
INFO: Run Behavior\ShowPageTraceBehavior [ RunTime:0.002000s ]
INFO: [ app_end ] --END-- [ RunTime:0.002000s ]

[ 2016-10-21T09:33:36+08:00 ] 127.0.0.1 /think/index.php/Weixin/getWeather
INFO: [ app_init ] --START--
INFO: Run Behavior\BuildLiteBehavior [ RunTime:0.000000s ]
INFO: [ app_init ] --END-- [ RunTime:0.001001s ]
INFO: [ app_begin ] --START--
INFO: Run Behavior\ReadHtmlCacheBehavior [ RunTime:0.002000s ]
INFO: [ app_begin ] --END-- [ RunTime:0.002000s ]
NOTIC: [2] curl_errno(): 25 is not a valid cURL handle resource G:\WWW\think\Application\Home\Controller\WeixinController.class.php 第 255 行.
INFO: [ app_end ] --START--
INFO: Run Behavior\ShowPageTraceBehavior [ RunTime:0.002000s ]
INFO: [ app_end ] --END-- [ RunTime:0.002000s ]

[ 2016-10-21T09:33:38+08:00 ] 127.0.0.1 /think/index.php/Weixin/getWeather
INFO: [ app_init ] --START--
INFO: Run Behavior\BuildLiteBehavior [ RunTime:0.000000s ]
INFO: [ app_init ] --END-- [ RunTime:0.001001s ]
INFO: [ app_begin ] --START--
INFO: Run Behavior\ReadHtmlCacheBehavior [ RunTime:0.001000s ]
INFO: [ app_begin ] --END-- [ RunTime:0.001000s ]
NOTIC: [2] curl_errno(): 25 is not a valid cURL handle resource G:\WWW\think\Application\Home\Controller\WeixinController.class.php 第 255 行.
INFO: [ app_end ] --START--
INFO: Run Behavior\ShowPageTraceBehavior [ RunTime:0.001000s ]
INFO: [ app_end ] --END-- [ RunTime:0.001000s ]

[ 2016-10-21T09:36:34+08:00 ] 127.0.0.1 /think/index.php/Weixin/getWeather
INFO: [ app_init ] --START--
INFO: Run Behavior\BuildLiteBehavior [ RunTime:0.000000s ]
INFO: [ app_init ] --END-- [ RunTime:0.000000s ]
INFO: [ app_begin ] --START--
INFO: Run Behavior\ReadHtmlCacheBehavior [ RunTime:0.000000s ]
INFO: [ app_begin ] --END-- [ RunTime:0.000000s ]
NOTIC: [2] curl_errno(): 25 is not a valid cURL handle resource G:\WWW\think\Application\Home\Controller\WeixinController.class.php 第 255 行.
INFO: [ app_end ] --START--
INFO: Run Behavior\ShowPageTraceBehavior [ RunTime:0.002001s ]
INFO: [ app_end ] --END-- [ RunTime:0.002001s ]

[ 2016-10-21T09:36:36+08:00 ] 127.0.0.1 /think/index.php/Weixin/getWeather
INFO: [ app_init ] --START--
INFO: Run Behavior\BuildLiteBehavior [ RunTime:0.000000s ]
INFO: [ app_init ] --END-- [ RunTime:0.001000s ]
INFO: [ app_begin ] --START--
INFO: Run Behavior\ReadHtmlCacheBehavior [ RunTime:0.001000s ]
INFO: [ app_begin ] --END-- [ RunTime:0.001000s ]
NOTIC: [2] curl_errno(): 25 is not a valid cURL handle resource G:\WWW\think\Application\Home\Controller\WeixinController.class.php 第 255 行.
INFO: [ app_end ] --START--
INFO: Run Behavior\ShowPageTraceBehavior [ RunTime:0.001000s ]
INFO: [ app_end ] --END-- [ RunTime:0.001000s ]

[ 2016-10-21T09:48:05+08:00 ] 127.0.0.1 /think/index.php?signature=0256014bc61d10cc2848e723d444bd256dcd8f8f&timestamp=1477014455&nonce=1974128119&openid=o9jo7w1-ym1RnHmhEoZ0HIuHmr7A
INFO: [ app_init ] --START--
INFO: Run Behavior\BuildLiteBehavior [ RunTime:0.000000s ]
INFO: [ app_init ] --END-- [ RunTime:0.000000s ]
INFO: [ app_begin ] --START--
INFO: Run Behavior\ReadHtmlCacheBehavior [ RunTime:0.001000s ]
INFO: [ app_begin ] --END-- [ RunTime:0.001000s ]
NOTIC: [2] session_start(): Cannot send session cookie - headers already sent G:\WWW\think\ThinkPHP\Common\functions.php 第 1283 行.
NOTIC: [2] session_start(): Cannot send session cache limiter - headers already sent G:\WWW\think\ThinkPHP\Common\functions.php 第 1283 行.
NOTIC: [8] Undefined index: echostr G:\WWW\think\Application\Home\Controller\WeixinController.class.php 第 20 行.
NOTIC: [2] curl_errno(): 27 is not a valid cURL handle resource G:\WWW\think\Application\Home\Controller\WeixinController.class.php 第 255 行.
NOTIC: [8] Undefined index: retData G:\WWW\think\Application\Home\Controller\WeixinController.class.php 第 383 行.
NOTIC: [8] Undefined index: retData G:\WWW\think\Application\Home\Controller\WeixinController.class.php 第 383 行.
NOTIC: [8] Undefined index: retData G:\WWW\think\Application\Home\Controller\WeixinController.class.php 第 383 行.
NOTIC: [8] Undefined index: retData G:\WWW\think\Application\Home\Controller\WeixinController.class.php 第 383 行.
NOTIC: [8] Undefined index: retData G:\WWW\think\Application\Home\Controller\WeixinController.class.php 第 383 行.
INFO: [ app_end ] --START--
INFO: Run Behavior\ShowPageTraceBehavior [ RunTime:0.001000s ]
INFO: [ app_end ] --END-- [ RunTime:0.001000s ]

[ 2016-10-21T09:48:28+08:00 ] 127.0.0.1 /think/index.php?signature=a100acee294edd3ade67ef093e3338ca6be2c691&timestamp=1477014478&nonce=1410584356&openid=o9jo7w1-ym1RnHmhEoZ0HIuHmr7A
INFO: [ app_init ] --START--
INFO: Run Behavior\BuildLiteBehavior [ RunTime:0.000000s ]
INFO: [ app_init ] --END-- [ RunTime:0.000000s ]
INFO: [ app_begin ] --START--
INFO: Run Behavior\ReadHtmlCacheBehavior [ RunTime:0.000000s ]
INFO: [ app_begin ] --END-- [ RunTime:0.000000s ]
NOTIC: [2] session_start(): Cannot send session cookie - headers already sent G:\WWW\think\ThinkPHP\Common\functions.php 第 1283 行.
NOTIC: [2] session_start(): Cannot send session cache limiter - headers already sent G:\WWW\think\ThinkPHP\Common\functions.php 第 1283 行.
NOTIC: [8] Undefined index: echostr G:\WWW\think\Application\Home\Controller\WeixinController.class.php 第 20 行.
NOTIC: [2] curl_errno(): 27 is not a valid cURL handle resource G:\WWW\think\Application\Home\Controller\WeixinController.class.php 第 255 行.
INFO: [ app_end ] --START--
INFO: Run Behavior\ShowPageTraceBehavior [ RunTime:0.002000s ]
INFO: [ app_end ] --END-- [ RunTime:0.002000s ]

[ 2016-10-21T09:49:46+08:00 ] 127.0.0.1 /think/index.php?signature=9754affebbfeb57d5651bfc0c9a5ec3653d7749e&timestamp=1477014557&nonce=1687182161&openid=o9jo7w1-ym1RnHmhEoZ0HIuHmr7A
INFO: [ app_init ] --START--
INFO: Run Behavior\BuildLiteBehavior [ RunTime:0.000000s ]
INFO: [ app_init ] --END-- [ RunTime:0.000000s ]
INFO: [ app_begin ] --START--
INFO: Run Behavior\ReadHtmlCacheBehavior [ RunTime:0.000000s ]
INFO: [ app_begin ] --END-- [ RunTime:0.000000s ]
NOTIC: [2] session_start(): Cannot send session cookie - headers already sent G:\WWW\think\ThinkPHP\Common\functions.php 第 1283 行.
NOTIC: [2] session_start(): Cannot send session cache limiter - headers already sent G:\WWW\think\ThinkPHP\Common\functions.php 第 1283 行.
NOTIC: [8] Undefined index: echostr G:\WWW\think\Application\Home\Controller\WeixinController.class.php 第 20 行.
NOTIC: [2] curl_errno(): 27 is not a valid cURL handle resource G:\WWW\think\Application\Home\Controller\WeixinController.class.php 第 255 行.
INFO: [ app_end ] --START--
INFO: Run Behavior\ShowPageTraceBehavior [ RunTime:0.001000s ]
INFO: [ app_end ] --END-- [ RunTime:0.001000s ]

[ 2016-10-21T11:04:17+08:00 ] 127.0.0.1 /think/index.php/Weixin/getWeather
INFO: [ app_init ] --START--
INFO: Run Behavior\BuildLiteBehavior [ RunTime:0.000000s ]
INFO: [ app_init ] --END-- [ RunTime:0.002000s ]
INFO: [ app_begin ] --START--
INFO: Run Behavior\ReadHtmlCacheBehavior [ RunTime:0.002000s ]
INFO: [ app_begin ] --END-- [ RunTime:0.002000s ]
NOTIC: [2] curl_errno(): 25 is not a valid cURL handle resource G:\WWW\think\Application\Home\Controller\WeixinController.class.php 第 255 行.
INFO: [ app_end ] --START--
INFO: Run Behavior\ShowPageTraceBehavior [ RunTime:0.002000s ]
INFO: [ app_end ] --END-- [ RunTime:0.003000s ]

[ 2016-10-21T16:20:23+08:00 ] 127.0.0.1 /think/index.php?signature=ee60f38e8d6c6029fdb67c91ffe4e9886e0b38e0&timestamp=1477037990&nonce=2069682430&openid=o9jo7w1-ym1RnHmhEoZ0HIuHmr7A
INFO: [ app_init ] --START--
INFO: Run Behavior\BuildLiteBehavior [ RunTime:0.000000s ]
INFO: [ app_init ] --END-- [ RunTime:0.008000s ]
INFO: [ app_begin ] --START--
INFO: Run Behavior\ReadHtmlCacheBehavior [ RunTime:0.002000s ]
INFO: [ app_begin ] --END-- [ RunTime:0.002000s ]
NOTIC: [2] session_start(): Cannot send session cookie - headers already sent G:\WWW\think\ThinkPHP\Common\functions.php 第 1283 行.
NOTIC: [2] session_start(): Cannot send session cache limiter - headers already sent G:\WWW\think\ThinkPHP\Common\functions.php 第 1283 行.
NOTIC: [8] Undefined index: echostr G:\WWW\think\Application\Home\Controller\WeixinController.class.php 第 20 行.
INFO: [ app_end ] --START--
INFO: Run Behavior\ShowPageTraceBehavior [ RunTime:0.002001s ]
INFO: [ app_end ] --END-- [ RunTime:0.002001s ]

[ 2016-10-21T16:20:34+08:00 ] 127.0.0.1 /think/index.php?signature=c8319d305d7f351fd3b8a6598271aab73bcf8a4d&timestamp=1477038002&nonce=990004091&openid=o9jo7w1-ym1RnHmhEoZ0HIuHmr7A
INFO: [ app_init ] --START--
INFO: Run Behavior\BuildLiteBehavior [ RunTime:0.000000s ]
INFO: [ app_init ] --END-- [ RunTime:0.000000s ]
INFO: [ app_begin ] --START--
INFO: Run Behavior\ReadHtmlCacheBehavior [ RunTime:0.001000s ]
INFO: [ app_begin ] --END-- [ RunTime:0.001000s ]
NOTIC: [2] session_start(): Cannot send session cookie - headers already sent G:\WWW\think\ThinkPHP\Common\functions.php 第 1283 行.
NOTIC: [2] session_start(): Cannot send session cache limiter - headers already sent G:\WWW\think\ThinkPHP\Common\functions.php 第 1283 行.
NOTIC: [8] Undefined index: echostr G:\WWW\think\Application\Home\Controller\WeixinController.class.php 第 20 行.
INFO: [ app_end ] --START--
INFO: Run Behavior\ShowPageTraceBehavior [ RunTime:0.001001s ]
INFO: [ app_end ] --END-- [ RunTime:0.001001s ]

