[ 2016-11-11T15:14:37+08:00 ] 127.0.0.1 /think/index.php?signature=78acaec7b381fe3aa4fb7ba5fc769e74f5dc8f16&timestamp=1478848441&nonce=1789626938&openid=o9jo7w1-ym1RnHmhEoZ0HIuHmr7A
INFO: [ app_init ] --START--
INFO: Run Behavior\BuildLiteBehavior [ RunTime:0.000000s ]
INFO: [ app_init ] --END-- [ RunTime:0.003000s ]
INFO: [ app_begin ] --START--
INFO: Run Behavior\ReadHtmlCacheBehavior [ RunTime:0.001001s ]
INFO: [ app_begin ] --END-- [ RunTime:0.002001s ]
NOTIC: [2] session_start(): Cannot send session cookie - headers already sent G:\WWW\think\ThinkPHP\Common\functions.php 第 1283 行.
NOTIC: [2] session_start(): Cannot send session cache limiter - headers already sent G:\WWW\think\ThinkPHP\Common\functions.php 第 1283 行.
NOTIC: [8] Undefined index: echostr G:\WWW\think\Application\Home\Controller\WeixinController.class.php 第 20 行.
INFO: [ app_end ] --START--
INFO: Run Behavior\ShowPageTraceBehavior [ RunTime:0.003000s ]
INFO: [ app_end ] --END-- [ RunTime:0.003000s ]

[ 2016-11-11T15:14:47+08:00 ] 127.0.0.1 /think/index.php/Accredit/ifnull?code=031ECGaW1Wj0IU0vdF9W109MaW1ECGa5&state=STATE%23wechat_edirect
INFO: [ app_init ] --START--
INFO: Run Behavior\BuildLiteBehavior [ RunTime:0.000000s ]
INFO: [ app_init ] --END-- [ RunTime:0.001000s ]
INFO: [ app_begin ] --START--
INFO: Run Behavior\ReadHtmlCacheBehavior [ RunTime:0.000000s ]
INFO: [ app_begin ] --END-- [ RunTime:0.001000s ]
NOTIC: [2] curl_errno(): 27 is not a valid cURL handle resource G:\WWW\think\Application\Home\Controller\WeixinController.class.php 第 274 行.
NOTIC: [2] curl_errno(): 28 is not a valid cURL handle resource G:\WWW\think\Application\Home\Controller\WeixinController.class.php 第 274 行.
SQL: SELECT * FROM `token` WHERE `openid` = 'o9jo7w1-ym1RnHmhEoZ0HIuHmr7A' LIMIT 1   [ RunTime:0.0490s ]
INFO: [ view_parse ] --START--
INFO: [ template_filter ] --START--
INFO: Run Behavior\ContentReplaceBehavior [ RunTime:0.017001s ]
INFO: [ template_filter ] --END-- [ RunTime:0.018001s ]
INFO: Run Behavior\ParseTemplateBehavior [ RunTime:0.135008s ]
INFO: [ view_parse ] --END-- [ RunTime:0.135008s ]
INFO: [ view_filter ] --START--
INFO: Run Behavior\WriteHtmlCacheBehavior [ RunTime:0.017001s ]
INFO: [ view_filter ] --END-- [ RunTime:0.017001s ]
INFO: [ app_end ] --START--
INFO: Run Behavior\ShowPageTraceBehavior [ RunTime:0.002000s ]
INFO: [ app_end ] --END-- [ RunTime:0.002000s ]

[ 2016-11-11T15:14:52+08:00 ] 127.0.0.1 /think/index.php
INFO: [ app_init ] --START--
INFO: Run Behavior\BuildLiteBehavior [ RunTime:0.000000s ]
INFO: [ app_init ] --END-- [ RunTime:0.001000s ]
INFO: [ app_begin ] --START--
INFO: Run Behavior\ReadHtmlCacheBehavior [ RunTime:0.001000s ]
INFO: [ app_begin ] --END-- [ RunTime:0.001000s ]
NOTIC: [8] Undefined index: nonce G:\WWW\think\Application\Home\Controller\WeixinController.class.php 第 17 行.
NOTIC: [8] Undefined index: timestamp G:\WWW\think\Application\Home\Controller\WeixinController.class.php 第 19 行.
NOTIC: [8] Undefined index: echostr G:\WWW\think\Application\Home\Controller\WeixinController.class.php 第 20 行.
NOTIC: [8] Undefined index: signature G:\WWW\think\Application\Home\Controller\WeixinController.class.php 第 21 行.
NOTIC: [8] Undefined index: HTTP_RAW_POST_DATA G:\WWW\think\Application\Home\Controller\WeixinController.class.php 第 40 行.
NOTIC: [8] Trying to get property of non-object G:\WWW\think\Application\Home\Controller\WeixinController.class.php 第 57 行.
NOTIC: [8] Trying to get property of non-object G:\WWW\think\Application\Home\Controller\WeixinController.class.php 第 90 行.
NOTIC: [8] Trying to get property of non-object G:\WWW\think\Application\Home\Controller\WeixinController.class.php 第 171 行.
NOTIC: [8] Trying to get property of non-object G:\WWW\think\Application\Home\Controller\WeixinController.class.php 第 172 行.
NOTIC: [8] Trying to get property of non-object G:\WWW\think\Application\Home\Controller\WeixinController.class.php 第 173 行.
NOTIC: [8] Trying to get property of non-object G:\WWW\think\Application\Home\Controller\WeixinController.class.php 第 192 行.
NOTIC: [8] Trying to get property of non-object G:\WWW\think\Application\Home\Controller\WeixinController.class.php 第 193 行.
NOTIC: [2] sprintf(): Too few arguments G:\WWW\think\Application\Home\Controller\WeixinController.class.php 第 203 行.
NOTIC: [8] Trying to get property of non-object G:\WWW\think\Application\Home\Controller\WeixinController.class.php 第 210 行.
INFO: [ app_end ] --START--
INFO: Run Behavior\ShowPageTraceBehavior [ RunTime:0.000000s ]
INFO: [ app_end ] --END-- [ RunTime:0.000000s ]

[ 2016-11-11T15:14:59+08:00 ] 127.0.0.1 /think/index.php/Accredit/ifnull
INFO: [ app_init ] --START--
INFO: Run Behavior\BuildLiteBehavior [ RunTime:0.000000s ]
INFO: [ app_init ] --END-- [ RunTime:0.000000s ]
INFO: [ app_begin ] --START--
INFO: Run Behavior\ReadHtmlCacheBehavior [ RunTime:0.001000s ]
INFO: [ app_begin ] --END-- [ RunTime:0.001000s ]
NOTIC: [8] Undefined index: code G:\WWW\think\Application\Home\Controller\AccreditController.class.php 第 59 行.
NOTIC: [2] curl_errno(): 27 is not a valid cURL handle resource G:\WWW\think\Application\Home\Controller\WeixinController.class.php 第 274 行.
NOTIC: [8] Undefined index: refresh_token G:\WWW\think\Application\Home\Controller\AccreditController.class.php 第 90 行.
NOTIC: [2] curl_errno(): 28 is not a valid cURL handle resource G:\WWW\think\Application\Home\Controller\WeixinController.class.php 第 274 行.
NOTIC: [8] Undefined index: openid G:\WWW\think\Application\Home\Controller\AccreditController.class.php 第 61 行.
SQL: SELECT * FROM `token` WHERE `openid` = null LIMIT 1   [ RunTime:0.0010s ]
INFO: [ view_parse ] --START--
INFO: [ template_filter ] --START--
INFO: Run Behavior\ContentReplaceBehavior [ RunTime:0.000000s ]
INFO: [ template_filter ] --END-- [ RunTime:0.000000s ]
INFO: Run Behavior\ParseTemplateBehavior [ RunTime:0.013001s ]
INFO: [ view_parse ] --END-- [ RunTime:0.013001s ]
INFO: [ view_filter ] --START--
INFO: Run Behavior\WriteHtmlCacheBehavior [ RunTime:0.001000s ]
INFO: [ view_filter ] --END-- [ RunTime:0.001000s ]
INFO: [ app_end ] --START--
INFO: Run Behavior\ShowPageTraceBehavior [ RunTime:0.001000s ]
INFO: [ app_end ] --END-- [ RunTime:0.001000s ]

